<?xml version="1.0" encoding="UTF-8"?>
<coverage generated="1674760072015" clover="4.4.1">
   <project timestamp="1674760068615">
      <metrics coveredelements="1109" complexity="1402" loc="12820" methods="545" classes="64" statements="3598" packages="11" coveredconditionals="184" coveredmethods="170" elements="5577" ncloc="6738" files="56" conditionals="1434" coveredstatements="755"/>
      <package name="org.apache.commons.compress.archivers">
         <metrics coveredelements="12" complexity="28" loc="287" methods="6" classes="5" statements="51" coveredconditionals="4" coveredmethods="2" elements="95" ncloc="122" files="5" conditionals="38" coveredstatements="6"/>
         <file path="/home/sepehr/masters/test_generation/model_generated_coverage/Compress1f_automated_3/src/main/java/org/apache/commons/compress/archivers/ArchiveException.java" name="ArchiveException.java">
            <metrics coveredelements="0" coveredconditionals="0" complexity="3" loc="40" coveredmethods="0" methods="3" elements="7" classes="1" ncloc="14" statements="4" conditionals="0" coveredstatements="0"/>
            <class name="ArchiveException">
               <metrics coveredelements="0" coveredconditionals="0" complexity="3" coveredmethods="0" methods="3" elements="7" statements="4" conditionals="0" coveredstatements="0"/>
            </class>
            <line complexity="1" visibility="public" signature="ArchiveException()" num="28" count="0" type="method"/>
            <line num="29" count="0" type="stmt"/>
            <line complexity="1" visibility="public" signature="ArchiveException(String)" num="32" count="0" type="method"/>
            <line num="33" count="0" type="stmt"/>
            <line complexity="1" visibility="public" signature="ArchiveException(String,Exception)" num="36" count="0" type="method"/>
            <line num="37" count="0" type="stmt"/>
            <line num="38" count="0" type="stmt"/>
         </file>
         <file path="/home/sepehr/masters/test_generation/model_generated_coverage/Compress1f_automated_3/src/main/java/org/apache/commons/compress/archivers/ArchiveInputStream.java" name="ArchiveInputStream.java">
            <metrics coveredelements="0" coveredconditionals="0" complexity="0" loc="33" coveredmethods="0" methods="0" elements="0" classes="1" ncloc="6" statements="0" conditionals="0" coveredstatements="0"/>
            <class name="ArchiveInputStream">
               <metrics coveredelements="0" coveredconditionals="0" complexity="0" coveredmethods="0" methods="0" elements="0" statements="0" conditionals="0" coveredstatements="0"/>
            </class>
         </file>
         <file path="/home/sepehr/masters/test_generation/model_generated_coverage/Compress1f_automated_3/src/main/java/org/apache/commons/compress/archivers/ArchiveStreamFactory.java" name="ArchiveStreamFactory.java">
            <metrics coveredelements="12" coveredconditionals="4" complexity="25" loc="154" coveredmethods="2" methods="3" elements="88" classes="1" ncloc="89" statements="47" conditionals="38" coveredstatements="6"/>
            <class name="ArchiveStreamFactory">
               <metrics coveredelements="12" coveredconditionals="4" complexity="25" coveredmethods="2" methods="3" elements="88" statements="47" conditionals="38" coveredstatements="6"/>
            </class>
            <line complexity="8" visibility="public" signature="createArchiveInputStream(String,InputStream) : ArchiveInputStream" num="56" count="2" type="method"/>
            <line num="59" count="2" type="stmt"/>
            <line falsecount="2" truecount="0" num="59" type="cond"/>
            <line num="60" count="0" type="stmt"/>
            <line num="63" count="2" type="stmt"/>
            <line falsecount="0" truecount="2" num="63" type="cond"/>
            <line num="64" count="2" type="stmt"/>
            <line num="65" count="0" type="stmt"/>
            <line falsecount="0" truecount="0" num="65" type="cond"/>
            <line num="66" count="0" type="stmt"/>
            <line num="67" count="0" type="stmt"/>
            <line falsecount="0" truecount="0" num="67" type="cond"/>
            <line num="68" count="0" type="stmt"/>
            <line num="69" count="0" type="stmt"/>
            <line falsecount="0" truecount="0" num="69" type="cond"/>
            <line num="70" count="0" type="stmt"/>
            <line num="71" count="0" type="stmt"/>
            <line falsecount="0" truecount="0" num="71" type="cond"/>
            <line num="72" count="0" type="stmt"/>
            <line num="74" count="0" type="stmt"/>
            <line complexity="8" visibility="public" signature="createArchiveOutputStream(String,OutputStream) : ArchiveOutputStream" num="86" count="2" type="method"/>
            <line num="89" count="2" type="stmt"/>
            <line falsecount="2" truecount="0" num="89" type="cond"/>
            <line num="90" count="0" type="stmt"/>
            <line num="94" count="2" type="stmt"/>
            <line falsecount="0" truecount="2" num="94" type="cond"/>
            <line num="95" count="2" type="stmt"/>
            <line num="96" count="0" type="stmt"/>
            <line falsecount="0" truecount="0" num="96" type="cond"/>
            <line num="97" count="0" type="stmt"/>
            <line num="98" count="0" type="stmt"/>
            <line falsecount="0" truecount="0" num="98" type="cond"/>
            <line num="99" count="0" type="stmt"/>
            <line num="100" count="0" type="stmt"/>
            <line falsecount="0" truecount="0" num="100" type="cond"/>
            <line num="101" count="0" type="stmt"/>
            <line num="102" count="0" type="stmt"/>
            <line falsecount="0" truecount="0" num="102" type="cond"/>
            <line num="103" count="0" type="stmt"/>
            <line num="105" count="0" type="stmt"/>
            <line complexity="9" visibility="public" signature="createArchiveInputStream(InputStream) : ArchiveInputStream" num="117" count="0" type="method"/>
            <line num="119" count="0" type="stmt"/>
            <line falsecount="0" truecount="0" num="119" type="cond"/>
            <line num="120" count="0" type="stmt"/>
            <line num="123" count="0" type="stmt"/>
            <line falsecount="0" truecount="0" num="123" type="cond"/>
            <line num="124" count="0" type="stmt"/>
            <line num="127" count="0" type="stmt"/>
            <line num="128" count="0" type="stmt"/>
            <line num="129" count="0" type="stmt"/>
            <line num="130" count="0" type="stmt"/>
            <line num="131" count="0" type="stmt"/>
            <line num="132" count="0" type="stmt"/>
            <line falsecount="0" truecount="0" num="132" type="cond"/>
            <line num="133" count="0" type="stmt"/>
            <line num="134" count="0" type="stmt"/>
            <line falsecount="0" truecount="0" num="134" type="cond"/>
            <line num="136" count="0" type="stmt"/>
            <line num="137" count="0" type="stmt"/>
            <line falsecount="0" truecount="0" num="137" type="cond"/>
            <line num="139" count="0" type="stmt"/>
            <line num="140" count="0" type="stmt"/>
            <line falsecount="0" truecount="0" num="140" type="cond"/>
            <line num="141" count="0" type="stmt"/>
            <line num="142" count="0" type="stmt"/>
            <line falsecount="0" truecount="0" num="142" type="cond"/>
            <line num="144" count="0" type="stmt"/>
            <line num="147" count="0" type="stmt"/>
            <line num="151" count="0" type="stmt"/>
         </file>
         <file path="/home/sepehr/masters/test_generation/model_generated_coverage/Compress1f_automated_3/src/main/java/org/apache/commons/compress/archivers/ArchiveEntry.java" name="ArchiveEntry.java">
            <metrics coveredelements="0" coveredconditionals="0" complexity="0" loc="31" coveredmethods="0" methods="0" elements="0" classes="1" ncloc="6" statements="0" conditionals="0" coveredstatements="0"/>
            <class name="ArchiveEntry">
               <metrics coveredelements="0" coveredconditionals="0" complexity="0" coveredmethods="0" methods="0" elements="0" statements="0" conditionals="0" coveredstatements="0"/>
            </class>
         </file>
         <file path="/home/sepehr/masters/test_generation/model_generated_coverage/Compress1f_automated_3/src/main/java/org/apache/commons/compress/archivers/ArchiveOutputStream.java" name="ArchiveOutputStream.java">
            <metrics coveredelements="0" coveredconditionals="0" complexity="0" loc="29" coveredmethods="0" methods="0" elements="0" classes="1" ncloc="7" statements="0" conditionals="0" coveredstatements="0"/>
            <class name="ArchiveOutputStream">
               <metrics coveredelements="0" coveredconditionals="0" complexity="0" coveredmethods="0" methods="0" elements="0" statements="0" conditionals="0" coveredstatements="0"/>
            </class>
         </file>
      </package>
      <package name="org.apache.commons.compress.compressors">
         <metrics coveredelements="0" complexity="16" loc="179" methods="6" classes="4" statements="22" coveredconditionals="0" coveredmethods="0" elements="40" ncloc="71" files="4" conditionals="12" coveredstatements="0"/>
         <file path="/home/sepehr/masters/test_generation/model_generated_coverage/Compress1f_automated_3/src/main/java/org/apache/commons/compress/compressors/CompressorException.java" name="CompressorException.java">
            <metrics coveredelements="0" coveredconditionals="0" complexity="4" loc="40" coveredmethods="0" methods="4" elements="8" classes="1" ncloc="16" statements="4" conditionals="0" coveredstatements="0"/>
            <class name="CompressorException">
               <metrics coveredelements="0" coveredconditionals="0" complexity="4" coveredmethods="0" methods="4" elements="8" statements="4" conditionals="0" coveredstatements="0"/>
            </class>
            <line complexity="1" visibility="public" signature="CompressorException()" num="25" count="0" type="method"/>
            <line num="26" count="0" type="stmt"/>
            <line complexity="1" visibility="public" signature="CompressorException(String,Throwable)" num="29" count="0" type="method"/>
            <line num="30" count="0" type="stmt"/>
            <line complexity="1" visibility="public" signature="CompressorException(String)" num="33" count="0" type="method"/>
            <line num="34" count="0" type="stmt"/>
            <line complexity="1" visibility="public" signature="CompressorException(Throwable)" num="37" count="0" type="method"/>
            <line num="38" count="0" type="stmt"/>
         </file>
         <file path="/home/sepehr/masters/test_generation/model_generated_coverage/Compress1f_automated_3/src/main/java/org/apache/commons/compress/compressors/CompressorOutputStream.java" name="CompressorOutputStream.java">
            <metrics coveredelements="0" coveredconditionals="0" complexity="0" loc="25" coveredmethods="0" methods="0" elements="0" classes="1" ncloc="4" statements="0" conditionals="0" coveredstatements="0"/>
            <class name="CompressorOutputStream">
               <metrics coveredelements="0" coveredconditionals="0" complexity="0" coveredmethods="0" methods="0" elements="0" statements="0" conditionals="0" coveredstatements="0"/>
            </class>
         </file>
         <file path="/home/sepehr/masters/test_generation/model_generated_coverage/Compress1f_automated_3/src/main/java/org/apache/commons/compress/compressors/CompressorStreamFactory.java" name="CompressorStreamFactory.java">
            <metrics coveredelements="0" coveredconditionals="0" complexity="12" loc="89" coveredmethods="0" methods="2" elements="32" classes="1" ncloc="47" statements="18" conditionals="12" coveredstatements="0"/>
            <class name="CompressorStreamFactory">
               <metrics coveredelements="0" coveredconditionals="0" complexity="12" coveredmethods="0" methods="2" elements="32" statements="18" conditionals="12" coveredstatements="0"/>
            </class>
            <line complexity="6" visibility="public" signature="createCompressorInputStream(String,InputStream) : CompressorInputStream" num="49" count="0" type="method"/>
            <line num="51" count="0" type="stmt"/>
            <line falsecount="0" truecount="0" num="51" type="cond"/>
            <line num="52" count="0" type="stmt"/>
            <line num="56" count="0" type="stmt"/>
            <line num="57" count="0" type="stmt"/>
            <line falsecount="0" truecount="0" num="57" type="cond"/>
            <line num="58" count="0" type="stmt"/>
            <line num="59" count="0" type="stmt"/>
            <line falsecount="0" truecount="0" num="59" type="cond"/>
            <line num="60" count="0" type="stmt"/>
            <line num="62" count="0" type="stmt"/>
            <line num="64" count="0" type="stmt"/>
            <line complexity="6" visibility="public" signature="createCompressorOutputStream(String,OutputStream) : CompressorOutputStream" num="69" count="0" type="method"/>
            <line num="72" count="0" type="stmt"/>
            <line falsecount="0" truecount="0" num="72" type="cond"/>
            <line num="73" count="0" type="stmt"/>
            <line num="77" count="0" type="stmt"/>
            <line num="78" count="0" type="stmt"/>
            <line falsecount="0" truecount="0" num="78" type="cond"/>
            <line num="79" count="0" type="stmt"/>
            <line num="80" count="0" type="stmt"/>
            <line falsecount="0" truecount="0" num="80" type="cond"/>
            <line num="81" count="0" type="stmt"/>
            <line num="83" count="0" type="stmt"/>
            <line num="85" count="0" type="stmt"/>
         </file>
         <file path="/home/sepehr/masters/test_generation/model_generated_coverage/Compress1f_automated_3/src/main/java/org/apache/commons/compress/compressors/CompressorInputStream.java" name="CompressorInputStream.java">
            <metrics coveredelements="0" coveredconditionals="0" complexity="0" loc="25" coveredmethods="0" methods="0" elements="0" classes="1" ncloc="4" statements="0" conditionals="0" coveredstatements="0"/>
            <class name="CompressorInputStream">
               <metrics coveredelements="0" coveredconditionals="0" complexity="0" coveredmethods="0" methods="0" elements="0" statements="0" conditionals="0" coveredstatements="0"/>
            </class>
         </file>
      </package>
      <package name="org.apache.commons.compress.archivers.cpio">
         <metrics coveredelements="0" complexity="186" loc="1777" methods="86" classes="5" statements="446" coveredconditionals="0" coveredmethods="0" elements="678" ncloc="802" files="5" conditionals="146" coveredstatements="0"/>
         <file path="/home/sepehr/masters/test_generation/model_generated_coverage/Compress1f_automated_3/src/main/java/org/apache/commons/compress/archivers/cpio/CpioArchiveOutputStream.java" name="CpioArchiveOutputStream.java">
            <metrics coveredelements="0" coveredconditionals="0" complexity="53" loc="414" coveredmethods="0" methods="19" elements="216" classes="1" ncloc="238" statements="149" conditionals="48" coveredstatements="0"/>
            <class name="CpioArchiveOutputStream">
               <metrics coveredelements="0" coveredconditionals="0" complexity="53" coveredmethods="0" methods="19" elements="216" statements="149" conditionals="48" coveredstatements="0"/>
            </class>
            <line complexity="1" visibility="public" signature="CpioArchiveOutputStream(OutputStream,short)" num="85" count="0" type="method"/>
            <line num="86" count="0" type="stmt"/>
            <line num="87" count="0" type="stmt"/>
            <line complexity="1" visibility="public" signature="CpioArchiveOutputStream(OutputStream)" num="97" count="0" type="method"/>
            <line num="98" count="0" type="stmt"/>
            <line complexity="2" visibility="private" signature="ensureOpen() : void" num="107" count="0" type="method"/>
            <line num="108" count="0" type="stmt"/>
            <line falsecount="0" truecount="0" num="108" type="cond"/>
            <line num="109" count="0" type="stmt"/>
            <line complexity="5" visibility="private" signature="setFormat(short) : void" num="120" count="0" type="method"/>
            <line num="121" count="0" type="stmt"/>
            <line num="122" count="0" type="stmt"/>
            <line num="123" count="0" type="stmt"/>
            <line num="124" count="0" type="stmt"/>
            <line num="125" count="0" type="stmt"/>
            <line num="126" count="0" type="stmt"/>
            <line num="127" count="0" type="stmt"/>
            <line num="128" count="0" type="stmt"/>
            <line num="131" count="0" type="stmt"/>
            <line num="132" count="0" type="stmt"/>
            <line complexity="5" visibility="public" signature="putNextEntry(CpioArchiveEntry) : void" num="149" count="0" type="method"/>
            <line num="150" count="0" type="stmt"/>
            <line num="151" count="0" type="stmt"/>
            <line falsecount="0" truecount="0" num="151" type="cond"/>
            <line num="152" count="0" type="stmt"/>
            <line num="154" count="0" type="stmt"/>
            <line falsecount="0" truecount="0" num="154" type="cond"/>
            <line num="155" count="0" type="stmt"/>
            <line num="160" count="0" type="stmt"/>
            <line falsecount="0" truecount="0" num="160" type="cond"/>
            <line num="161" count="0" type="stmt"/>
            <line num="164" count="0" type="stmt"/>
            <line falsecount="0" truecount="0" num="164" type="cond"/>
            <line num="165" count="0" type="stmt"/>
            <line num="168" count="0" type="stmt"/>
            <line num="169" count="0" type="stmt"/>
            <line num="170" count="0" type="stmt"/>
            <line complexity="5" visibility="private" signature="writeHeader(CpioArchiveEntry) : void" num="173" count="0" type="method"/>
            <line num="174" count="0" type="stmt"/>
            <line num="175" count="0" type="stmt"/>
            <line num="176" count="0" type="stmt"/>
            <line num="177" count="0" type="stmt"/>
            <line num="178" count="0" type="stmt"/>
            <line num="179" count="0" type="stmt"/>
            <line num="180" count="0" type="stmt"/>
            <line num="181" count="0" type="stmt"/>
            <line num="182" count="0" type="stmt"/>
            <line num="183" count="0" type="stmt"/>
            <line num="184" count="0" type="stmt"/>
            <line num="185" count="0" type="stmt"/>
            <line num="186" count="0" type="stmt"/>
            <line num="187" count="0" type="stmt"/>
            <line num="188" count="0" type="stmt"/>
            <line num="189" count="0" type="stmt"/>
            <line num="190" count="0" type="stmt"/>
            <line num="191" count="0" type="stmt"/>
            <line complexity="1" visibility="private" signature="writeNewEntry(CpioArchiveEntry) : void" num="195" count="0" type="method"/>
            <line num="196" count="0" type="stmt"/>
            <line num="197" count="0" type="stmt"/>
            <line num="198" count="0" type="stmt"/>
            <line num="199" count="0" type="stmt"/>
            <line num="200" count="0" type="stmt"/>
            <line num="201" count="0" type="stmt"/>
            <line num="202" count="0" type="stmt"/>
            <line num="203" count="0" type="stmt"/>
            <line num="204" count="0" type="stmt"/>
            <line num="205" count="0" type="stmt"/>
            <line num="206" count="0" type="stmt"/>
            <line num="207" count="0" type="stmt"/>
            <line num="208" count="0" type="stmt"/>
            <line num="209" count="0" type="stmt"/>
            <line num="210" count="0" type="stmt"/>
            <line complexity="1" visibility="private" signature="writeOldAsciiEntry(CpioArchiveEntry) : void" num="213" count="0" type="method"/>
            <line num="215" count="0" type="stmt"/>
            <line num="216" count="0" type="stmt"/>
            <line num="217" count="0" type="stmt"/>
            <line num="218" count="0" type="stmt"/>
            <line num="219" count="0" type="stmt"/>
            <line num="220" count="0" type="stmt"/>
            <line num="221" count="0" type="stmt"/>
            <line num="222" count="0" type="stmt"/>
            <line num="223" count="0" type="stmt"/>
            <line num="224" count="0" type="stmt"/>
            <line num="225" count="0" type="stmt"/>
            <line complexity="1" visibility="private" signature="writeOldBinaryEntry(CpioArchiveEntry,boolean) : void" num="228" count="0" type="method"/>
            <line num="230" count="0" type="stmt"/>
            <line num="231" count="0" type="stmt"/>
            <line num="232" count="0" type="stmt"/>
            <line num="233" count="0" type="stmt"/>
            <line num="234" count="0" type="stmt"/>
            <line num="235" count="0" type="stmt"/>
            <line num="236" count="0" type="stmt"/>
            <line num="237" count="0" type="stmt"/>
            <line num="238" count="0" type="stmt"/>
            <line num="239" count="0" type="stmt"/>
            <line num="240" count="0" type="stmt"/>
            <line num="241" count="0" type="stmt"/>
            <line complexity="6" visibility="public" signature="closeArchiveEntry() : void" num="250" count="0" type="method"/>
            <line num="251" count="0" type="stmt"/>
            <line num="253" count="0" type="stmt"/>
            <line falsecount="0" truecount="0" num="253" type="cond"/>
            <line num="254" count="0" type="stmt"/>
            <line num="258" count="0" type="stmt"/>
            <line falsecount="0" truecount="0" num="258" type="cond"/>
            <line num="259" count="0" type="stmt"/>
            <line num="260" count="0" type="stmt"/>
            <line falsecount="0" truecount="0" num="260" type="cond"/>
            <line num="261" count="0" type="stmt"/>
            <line num="263" count="0" type="stmt"/>
            <line falsecount="0" truecount="0" num="263" type="cond"/>
            <line num="264" count="0" type="stmt"/>
            <line falsecount="0" truecount="0" num="264" type="cond"/>
            <line num="265" count="0" type="stmt"/>
            <line num="268" count="0" type="stmt"/>
            <line num="269" count="0" type="stmt"/>
            <line num="270" count="0" type="stmt"/>
            <line complexity="9" visibility="public" signature="write(byte[],int,int) : void" num="287" count="0" type="method"/>
            <line num="289" count="0" type="stmt"/>
            <line num="290" count="0" type="stmt"/>
            <line falsecount="0" truecount="0" num="290" type="cond"/>
            <line num="291" count="0" type="stmt"/>
            <line num="292" count="0" type="stmt"/>
            <line falsecount="0" truecount="0" num="292" type="cond"/>
            <line num="293" count="0" type="stmt"/>
            <line num="296" count="0" type="stmt"/>
            <line falsecount="0" truecount="0" num="296" type="cond"/>
            <line num="297" count="0" type="stmt"/>
            <line num="299" count="0" type="stmt"/>
            <line falsecount="0" truecount="0" num="299" type="cond"/>
            <line num="300" count="0" type="stmt"/>
            <line num="302" count="0" type="stmt"/>
            <line num="303" count="0" type="stmt"/>
            <line num="304" count="0" type="stmt"/>
            <line falsecount="0" truecount="0" num="304" type="cond"/>
            <line num="305" count="0" type="stmt"/>
            <line falsecount="0" truecount="0" num="305" type="cond"/>
            <line num="306" count="0" type="stmt"/>
            <line complexity="3" visibility="public" signature="finish() : void" num="320" count="0" type="method"/>
            <line num="321" count="0" type="stmt"/>
            <line num="323" count="0" type="stmt"/>
            <line falsecount="0" truecount="0" num="323" type="cond"/>
            <line num="324" count="0" type="stmt"/>
            <line num="326" count="0" type="stmt"/>
            <line falsecount="0" truecount="0" num="326" type="cond"/>
            <line num="327" count="0" type="stmt"/>
            <line num="329" count="0" type="stmt"/>
            <line num="330" count="0" type="stmt"/>
            <line num="331" count="0" type="stmt"/>
            <line num="332" count="0" type="stmt"/>
            <line num="333" count="0" type="stmt"/>
            <line num="334" count="0" type="stmt"/>
            <line complexity="2" visibility="public" signature="close() : void" num="344" count="0" type="method"/>
            <line num="345" count="0" type="stmt"/>
            <line falsecount="0" truecount="0" num="345" type="cond"/>
            <line num="346" count="0" type="stmt"/>
            <line num="347" count="0" type="stmt"/>
            <line num="348" count="0" type="stmt"/>
            <line complexity="2" visibility="private" signature="pad(long,int) : void" num="352" count="0" type="method"/>
            <line num="353" count="0" type="stmt"/>
            <line num="354" count="0" type="stmt"/>
            <line falsecount="0" truecount="0" num="354" type="cond"/>
            <line num="355" count="0" type="stmt"/>
            <line num="356" count="0" type="stmt"/>
            <line complexity="1" visibility="private" signature="writeBinaryLong(long,int,boolean) : void" num="360" count="0" type="method"/>
            <line num="362" count="0" type="stmt"/>
            <line num="363" count="0" type="stmt"/>
            <line complexity="5" visibility="private" signature="writeAsciiLong(long,int,int) : void" num="366" count="0" type="method"/>
            <line num="368" count="0" type="stmt"/>
            <line num="369" count="0" type="stmt"/>
            <line num="370" count="0" type="stmt"/>
            <line falsecount="0" truecount="0" num="370" type="cond"/>
            <line num="371" count="0" type="stmt"/>
            <line num="372" count="0" type="stmt"/>
            <line falsecount="0" truecount="0" num="372" type="cond"/>
            <line num="373" count="0" type="stmt"/>
            <line num="375" count="0" type="stmt"/>
            <line num="378" count="0" type="stmt"/>
            <line falsecount="0" truecount="0" num="378" type="cond"/>
            <line num="379" count="0" type="stmt"/>
            <line num="380" count="0" type="stmt"/>
            <line falsecount="0" truecount="0" num="380" type="cond"/>
            <line num="381" count="0" type="stmt"/>
            <line num="383" count="0" type="stmt"/>
            <line num="385" count="0" type="stmt"/>
            <line num="387" count="0" type="stmt"/>
            <line complexity="1" visibility="private" signature="writeCString(String) : void" num="390" count="0" type="method"/>
            <line num="391" count="0" type="stmt"/>
            <line num="392" count="0" type="stmt"/>
            <line complexity="1" visibility="public" signature="putArchiveEntry(ArchiveEntry) : void" num="402" count="0" type="method"/>
            <line num="403" count="0" type="stmt"/>
            <line complexity="1" visibility="public" signature="write(int) : void" num="411" count="0" type="method"/>
            <line num="412" count="0" type="stmt"/>
         </file>
         <file path="/home/sepehr/masters/test_generation/model_generated_coverage/Compress1f_automated_3/src/main/java/org/apache/commons/compress/archivers/cpio/CpioUtil.java" name="CpioUtil.java">
            <metrics coveredelements="0" coveredconditionals="0" complexity="11" loc="98" coveredmethods="0" methods="2" elements="51" classes="1" ncloc="49" statements="33" conditionals="16" coveredstatements="0"/>
            <class name="CpioUtil">
               <metrics coveredelements="0" coveredconditionals="0" complexity="11" coveredmethods="0" methods="2" elements="51" statements="33" conditionals="16" coveredstatements="0"/>
            </class>
            <line complexity="5" visibility="package" signature="byteArray2long(byte[],boolean) : long" num="32" count="0" type="method"/>
            <line num="33" count="0" type="stmt"/>
            <line num="34" count="0" type="stmt"/>
            <line num="35" count="0" type="stmt"/>
            <line num="36" count="0" type="stmt"/>
            <line num="38" count="0" type="stmt"/>
            <line falsecount="0" truecount="0" num="38" type="cond"/>
            <line num="39" count="0" type="stmt"/>
            <line num="42" count="0" type="stmt"/>
            <line falsecount="0" truecount="0" num="42" type="cond"/>
            <line num="43" count="0" type="stmt"/>
            <line num="44" count="0" type="stmt"/>
            <line falsecount="0" truecount="0" num="44" type="cond"/>
            <line num="45" count="0" type="stmt"/>
            <line num="46" count="0" type="stmt"/>
            <line num="47" count="0" type="stmt"/>
            <line num="51" count="0" type="stmt"/>
            <line num="52" count="0" type="stmt"/>
            <line falsecount="0" truecount="0" num="52" type="cond"/>
            <line num="53" count="0" type="stmt"/>
            <line num="54" count="0" type="stmt"/>
            <line num="56" count="0" type="stmt"/>
            <line complexity="6" visibility="package" signature="long2byteArray(long,int,boolean) : byte[]" num="71" count="0" type="method"/>
            <line num="73" count="0" type="stmt"/>
            <line num="74" count="0" type="stmt"/>
            <line num="75" count="0" type="stmt"/>
            <line num="77" count="0" type="stmt"/>
            <line falsecount="0" truecount="0" num="77" type="cond"/>
            <line num="78" count="0" type="stmt"/>
            <line num="81" count="0" type="stmt"/>
            <line num="82" count="0" type="stmt"/>
            <line falsecount="0" truecount="0" num="82" type="cond"/>
            <line num="83" count="0" type="stmt"/>
            <line num="84" count="0" type="stmt"/>
            <line num="87" count="0" type="stmt"/>
            <line falsecount="0" truecount="0" num="87" type="cond"/>
            <line num="88" count="0" type="stmt"/>
            <line num="89" count="0" type="stmt"/>
            <line falsecount="0" truecount="0" num="89" type="cond"/>
            <line num="90" count="0" type="stmt"/>
            <line num="91" count="0" type="stmt"/>
            <line num="92" count="0" type="stmt"/>
            <line num="96" count="0" type="stmt"/>
         </file>
         <file path="/home/sepehr/masters/test_generation/model_generated_coverage/Compress1f_automated_3/src/main/java/org/apache/commons/compress/archivers/cpio/CpioConstants.java" name="CpioConstants.java">
            <metrics coveredelements="0" coveredconditionals="0" complexity="0" loc="125" coveredmethods="0" methods="0" elements="0" classes="1" ncloc="34" statements="0" conditionals="0" coveredstatements="0"/>
            <class name="CpioConstants">
               <metrics coveredelements="0" coveredconditionals="0" complexity="0" coveredmethods="0" methods="0" elements="0" statements="0" conditionals="0" coveredstatements="0"/>
            </class>
         </file>
         <file path="/home/sepehr/masters/test_generation/model_generated_coverage/Compress1f_automated_3/src/main/java/org/apache/commons/compress/archivers/cpio/CpioArchiveEntry.java" name="CpioArchiveEntry.java">
            <metrics coveredelements="0" coveredconditionals="0" complexity="62" loc="692" coveredmethods="0" methods="46" elements="149" classes="1" ncloc="215" statements="97" conditionals="6" coveredstatements="0"/>
            <class name="CpioArchiveEntry">
               <metrics coveredelements="0" coveredconditionals="0" complexity="62" coveredmethods="0" methods="46" elements="149" statements="97" conditionals="6" coveredstatements="0"/>
            </class>
            <line complexity="1" visibility="public" signature="CpioArchiveEntry(short)" num="170" count="0" type="method"/>
            <line num="171" count="0" type="stmt"/>
            <line complexity="1" visibility="public" signature="CpioArchiveEntry(String)" num="181" count="0" type="method"/>
            <line num="182" count="0" type="stmt"/>
            <line num="183" count="0" type="stmt"/>
            <line complexity="1" visibility="public" signature="CpioArchiveEntry(String,long)" num="195" count="0" type="method"/>
            <line num="196" count="0" type="stmt"/>
            <line num="197" count="0" type="stmt"/>
            <line num="198" count="0" type="stmt"/>
            <line complexity="2" visibility="private" signature="checkNewFormat() : void" num="204" count="0" type="method"/>
            <line num="205" count="0" type="stmt"/>
            <line falsecount="0" truecount="0" num="205" type="cond"/>
            <line num="206" count="0" type="stmt"/>
            <line complexity="2" visibility="private" signature="checkOldFormat() : void" num="213" count="0" type="method"/>
            <line num="214" count="0" type="stmt"/>
            <line falsecount="0" truecount="0" num="214" type="cond"/>
            <line num="215" count="0" type="stmt"/>
            <line complexity="1" visibility="public" signature="getChksum() : long" num="224" count="0" type="method"/>
            <line num="225" count="0" type="stmt"/>
            <line num="226" count="0" type="stmt"/>
            <line complexity="1" visibility="public" signature="getDevice() : long" num="237" count="0" type="method"/>
            <line num="238" count="0" type="stmt"/>
            <line num="239" count="0" type="stmt"/>
            <line complexity="1" visibility="public" signature="getDeviceMaj() : long" num="250" count="0" type="method"/>
            <line num="251" count="0" type="stmt"/>
            <line num="252" count="0" type="stmt"/>
            <line complexity="1" visibility="public" signature="getDeviceMin() : long" num="260" count="0" type="method"/>
            <line num="261" count="0" type="stmt"/>
            <line num="262" count="0" type="stmt"/>
            <line complexity="1" visibility="public" signature="getSize() : long" num="275" count="0" type="method"/>
            <line num="276" count="0" type="stmt"/>
            <line complexity="1" visibility="public" signature="getFormat() : short" num="284" count="0" type="method"/>
            <line num="285" count="0" type="stmt"/>
            <line complexity="1" visibility="public" signature="getGID() : long" num="293" count="0" type="method"/>
            <line num="294" count="0" type="stmt"/>
            <line complexity="1" visibility="public" signature="getHeaderSize() : long" num="302" count="0" type="method"/>
            <line num="303" count="0" type="stmt"/>
            <line complexity="1" visibility="public" signature="getInode() : long" num="311" count="0" type="method"/>
            <line num="312" count="0" type="stmt"/>
            <line complexity="1" visibility="public" signature="getMode() : long" num="320" count="0" type="method"/>
            <line num="321" count="0" type="stmt"/>
            <line complexity="1" visibility="public" signature="getName() : String" num="329" count="0" type="method"/>
            <line num="330" count="0" type="stmt"/>
            <line complexity="1" visibility="public" signature="getNumberOfLinks() : long" num="338" count="0" type="method"/>
            <line num="339" count="0" type="stmt"/>
            <line complexity="1" visibility="public" signature="getRemoteDevice() : long" num="350" count="0" type="method"/>
            <line num="351" count="0" type="stmt"/>
            <line num="352" count="0" type="stmt"/>
            <line complexity="1" visibility="public" signature="getRemoteDeviceMaj() : long" num="363" count="0" type="method"/>
            <line num="364" count="0" type="stmt"/>
            <line num="365" count="0" type="stmt"/>
            <line complexity="1" visibility="public" signature="getRemoteDeviceMin() : long" num="376" count="0" type="method"/>
            <line num="377" count="0" type="stmt"/>
            <line num="378" count="0" type="stmt"/>
            <line complexity="1" visibility="public" signature="getTime() : long" num="386" count="0" type="method"/>
            <line num="387" count="0" type="stmt"/>
            <line complexity="1" visibility="public" signature="getUID() : long" num="395" count="0" type="method"/>
            <line num="396" count="0" type="stmt"/>
            <line complexity="1" visibility="public" signature="isBlockDevice() : boolean" num="404" count="0" type="method"/>
            <line num="405" count="0" type="stmt"/>
            <line complexity="1" visibility="public" signature="isCharacterDevice() : boolean" num="413" count="0" type="method"/>
            <line num="414" count="0" type="stmt"/>
            <line complexity="1" visibility="public" signature="isDirectory() : boolean" num="422" count="0" type="method"/>
            <line num="423" count="0" type="stmt"/>
            <line complexity="1" visibility="public" signature="isNetwork() : boolean" num="431" count="0" type="method"/>
            <line num="432" count="0" type="stmt"/>
            <line complexity="1" visibility="public" signature="isPipe() : boolean" num="440" count="0" type="method"/>
            <line num="441" count="0" type="stmt"/>
            <line complexity="1" visibility="public" signature="isRegularFile() : boolean" num="449" count="0" type="method"/>
            <line num="450" count="0" type="stmt"/>
            <line complexity="1" visibility="public" signature="isSocket() : boolean" num="458" count="0" type="method"/>
            <line num="459" count="0" type="stmt"/>
            <line complexity="1" visibility="public" signature="isSymbolicLink() : boolean" num="467" count="0" type="method"/>
            <line num="468" count="0" type="stmt"/>
            <line complexity="1" visibility="public" signature="setChksum(long) : void" num="478" count="0" type="method"/>
            <line num="479" count="0" type="stmt"/>
            <line num="480" count="0" type="stmt"/>
            <line complexity="1" visibility="public" signature="setDevice(long) : void" num="492" count="0" type="method"/>
            <line num="493" count="0" type="stmt"/>
            <line num="494" count="0" type="stmt"/>
            <line complexity="1" visibility="public" signature="setDeviceMaj(long) : void" num="503" count="0" type="method"/>
            <line num="504" count="0" type="stmt"/>
            <line num="505" count="0" type="stmt"/>
            <line complexity="1" visibility="public" signature="setDeviceMin(long) : void" num="514" count="0" type="method"/>
            <line num="515" count="0" type="stmt"/>
            <line num="516" count="0" type="stmt"/>
            <line complexity="3" visibility="public" signature="setSize(long) : void" num="525" count="0" type="method"/>
            <line num="526" count="0" type="stmt"/>
            <line falsecount="0" truecount="0" num="526" type="cond"/>
            <line num="527" count="0" type="stmt"/>
            <line num="530" count="0" type="stmt"/>
            <line complexity="5" visibility="package" signature="setFormat(short) : void" num="541" count="0" type="method"/>
            <line num="542" count="0" type="stmt"/>
            <line num="543" count="0" type="stmt"/>
            <line num="544" count="0" type="stmt"/>
            <line num="545" count="0" type="stmt"/>
            <line num="546" count="0" type="stmt"/>
            <line num="547" count="0" type="stmt"/>
            <line num="548" count="0" type="stmt"/>
            <line num="549" count="0" type="stmt"/>
            <line num="550" count="0" type="stmt"/>
            <line num="551" count="0" type="stmt"/>
            <line num="552" count="0" type="stmt"/>
            <line num="553" count="0" type="stmt"/>
            <line num="554" count="0" type="stmt"/>
            <line num="555" count="0" type="stmt"/>
            <line num="556" count="0" type="stmt"/>
            <line num="557" count="0" type="stmt"/>
            <line num="558" count="0" type="stmt"/>
            <line num="559" count="0" type="stmt"/>
            <line num="560" count="0" type="stmt"/>
            <line complexity="1" visibility="public" signature="setGID(long) : void" num="570" count="0" type="method"/>
            <line num="571" count="0" type="stmt"/>
            <line complexity="1" visibility="public" signature="setInode(long) : void" num="580" count="0" type="method"/>
            <line num="581" count="0" type="stmt"/>
            <line complexity="9" visibility="public" signature="setMode(long) : void" num="590" count="0" type="method"/>
            <line num="591" count="0" type="stmt"/>
            <line num="592" count="0" type="stmt"/>
            <line num="593" count="0" type="stmt"/>
            <line num="594" count="0" type="stmt"/>
            <line num="595" count="0" type="stmt"/>
            <line num="596" count="0" type="stmt"/>
            <line num="597" count="0" type="stmt"/>
            <line num="598" count="0" type="stmt"/>
            <line num="599" count="0" type="stmt"/>
            <line num="600" count="0" type="stmt"/>
            <line num="601" count="0" type="stmt"/>
            <line num="604" count="0" type="stmt"/>
            <line num="608" count="0" type="stmt"/>
            <line complexity="1" visibility="public" signature="setName(String) : void" num="617" count="0" type="method"/>
            <line num="618" count="0" type="stmt"/>
            <line complexity="1" visibility="public" signature="setNumberOfLinks(long) : void" num="627" count="0" type="method"/>
            <line num="628" count="0" type="stmt"/>
            <line complexity="1" visibility="public" signature="setRemoteDevice(long) : void" num="640" count="0" type="method"/>
            <line num="641" count="0" type="stmt"/>
            <line num="642" count="0" type="stmt"/>
            <line complexity="1" visibility="public" signature="setRemoteDeviceMaj(long) : void" num="654" count="0" type="method"/>
            <line num="655" count="0" type="stmt"/>
            <line num="656" count="0" type="stmt"/>
            <line complexity="1" visibility="public" signature="setRemoteDeviceMin(long) : void" num="668" count="0" type="method"/>
            <line num="669" count="0" type="stmt"/>
            <line num="670" count="0" type="stmt"/>
            <line complexity="1" visibility="public" signature="setTime(long) : void" num="679" count="0" type="method"/>
            <line num="680" count="0" type="stmt"/>
            <line complexity="1" visibility="public" signature="setUID(long) : void" num="689" count="0" type="method"/>
            <line num="690" count="0" type="stmt"/>
         </file>
         <file path="/home/sepehr/masters/test_generation/model_generated_coverage/Compress1f_automated_3/src/main/java/org/apache/commons/compress/archivers/cpio/CpioArchiveInputStream.java" name="CpioArchiveInputStream.java">
            <metrics coveredelements="0" coveredconditionals="0" complexity="60" loc="448" coveredmethods="0" methods="19" elements="262" classes="1" ncloc="266" statements="167" conditionals="76" coveredstatements="0"/>
            <class name="CpioArchiveInputStream">
               <metrics coveredelements="0" coveredconditionals="0" complexity="60" coveredmethods="0" methods="19" elements="262" statements="167" conditionals="76" coveredstatements="0"/>
            </class>
            <line complexity="1" visibility="public" signature="CpioArchiveInputStream(InputStream)" num="87" count="0" type="method"/>
            <line num="88" count="0" type="stmt"/>
            <line complexity="2" visibility="public" signature="available() : int" num="103" count="0" type="method"/>
            <line num="104" count="0" type="stmt"/>
            <line num="105" count="0" type="stmt"/>
            <line falsecount="0" truecount="0" num="105" type="cond"/>
            <line num="106" count="0" type="stmt"/>
            <line num="108" count="0" type="stmt"/>
            <line complexity="2" visibility="public" signature="close() : void" num="117" count="0" type="method"/>
            <line num="118" count="0" type="stmt"/>
            <line falsecount="0" truecount="0" num="118" type="cond"/>
            <line num="119" count="0" type="stmt"/>
            <line num="120" count="0" type="stmt"/>
            <line complexity="2" visibility="public" signature="closeEntry() : void" num="132" count="0" type="method"/>
            <line num="133" count="0" type="stmt"/>
            <line num="134" count="0" type="stmt"/>
            <line falsecount="0" truecount="0" num="134" type="cond"/>
            <line num="138" count="0" type="stmt"/>
            <line complexity="2" visibility="private" signature="ensureOpen() : void" num="147" count="0" type="method"/>
            <line num="148" count="0" type="stmt"/>
            <line falsecount="0" truecount="0" num="148" type="cond"/>
            <line num="149" count="0" type="stmt"/>
            <line complexity="8" visibility="public" signature="getNextCPIOEntry() : CpioArchiveEntry" num="162" count="0" type="method"/>
            <line num="163" count="0" type="stmt"/>
            <line num="164" count="0" type="stmt"/>
            <line falsecount="0" truecount="0" num="164" type="cond"/>
            <line num="165" count="0" type="stmt"/>
            <line num="167" count="0" type="stmt"/>
            <line num="168" count="0" type="stmt"/>
            <line num="169" count="0" type="stmt"/>
            <line falsecount="0" truecount="0" num="169" type="cond"/>
            <line num="170" count="0" type="stmt"/>
            <line num="171" count="0" type="stmt"/>
            <line falsecount="0" truecount="0" num="171" type="cond"/>
            <line num="172" count="0" type="stmt"/>
            <line num="174" count="0" type="stmt"/>
            <line num="175" count="0" type="stmt"/>
            <line num="176" count="0" type="stmt"/>
            <line num="177" count="0" type="stmt"/>
            <line num="178" count="0" type="stmt"/>
            <line num="180" count="0" type="stmt"/>
            <line num="181" count="0" type="stmt"/>
            <line falsecount="0" truecount="0" num="181" type="cond"/>
            <line num="182" count="0" type="stmt"/>
            <line num="183" count="0" type="stmt"/>
            <line falsecount="0" truecount="0" num="183" type="cond"/>
            <line num="184" count="0" type="stmt"/>
            <line num="185" count="0" type="stmt"/>
            <line falsecount="0" truecount="0" num="185" type="cond"/>
            <line num="186" count="0" type="stmt"/>
            <line num="188" count="0" type="stmt"/>
            <line num="192" count="0" type="stmt"/>
            <line num="193" count="0" type="stmt"/>
            <line num="194" count="0" type="stmt"/>
            <line num="196" count="0" type="stmt"/>
            <line falsecount="0" truecount="0" num="196" type="cond"/>
            <line num="197" count="0" type="stmt"/>
            <line num="198" count="0" type="stmt"/>
            <line num="200" count="0" type="stmt"/>
            <line complexity="2" visibility="private" signature="pad(long,int) : long" num="203" count="0" type="method"/>
            <line num="204" count="0" type="stmt"/>
            <line num="205" count="0" type="stmt"/>
            <line falsecount="0" truecount="0" num="205" type="cond"/>
            <line num="206" count="0" type="stmt"/>
            <line num="208" count="0" type="stmt"/>
            <line complexity="2" visibility="public" signature="read() : int" num="220" count="0" type="method"/>
            <line num="221" count="0" type="stmt"/>
            <line falsecount="0" truecount="0" num="221" type="cond"/>
            <line complexity="15" visibility="public" signature="read(byte[],int,int) : int" num="241" count="0" type="method"/>
            <line num="243" count="0" type="stmt"/>
            <line num="244" count="0" type="stmt"/>
            <line falsecount="0" truecount="0" num="244" type="cond"/>
            <line num="245" count="0" type="stmt"/>
            <line num="246" count="0" type="stmt"/>
            <line falsecount="0" truecount="0" num="246" type="cond"/>
            <line num="247" count="0" type="stmt"/>
            <line num="250" count="0" type="stmt"/>
            <line falsecount="0" truecount="0" num="250" type="cond"/>
            <line num="251" count="0" type="stmt"/>
            <line num="253" count="0" type="stmt"/>
            <line falsecount="0" truecount="0" num="253" type="cond"/>
            <line num="254" count="0" type="stmt"/>
            <line falsecount="0" truecount="0" num="254" type="cond"/>
            <line num="255" count="0" type="stmt"/>
            <line num="256" count="0" type="stmt"/>
            <line falsecount="0" truecount="0" num="256" type="cond"/>
            <line num="257" count="0" type="stmt"/>
            <line num="259" count="0" type="stmt"/>
            <line num="260" count="0" type="stmt"/>
            <line falsecount="0" truecount="0" num="260" type="cond"/>
            <line num="261" count="0" type="stmt"/>
            <line falsecount="0" truecount="0" num="261" type="cond"/>
            <line num="262" count="0" type="stmt"/>
            <line num="265" count="0" type="stmt"/>
            <line num="267" count="0" type="stmt"/>
            <line num="269" count="0" type="stmt"/>
            <line falsecount="0" truecount="0" num="269" type="cond"/>
            <line num="270" count="0" type="stmt"/>
            <line num="273" count="0" type="stmt"/>
            <line num="274" count="0" type="stmt"/>
            <line falsecount="0" truecount="0" num="274" type="cond"/>
            <line num="275" count="0" type="stmt"/>
            <line falsecount="0" truecount="0" num="275" type="cond"/>
            <line num="276" count="0" type="stmt"/>
            <line num="279" count="0" type="stmt"/>
            <line num="281" count="0" type="stmt"/>
            <line complexity="4" visibility="private" signature="readFully(byte[],int,int) : int" num="284" count="0" type="method"/>
            <line num="286" count="0" type="stmt"/>
            <line falsecount="0" truecount="0" num="286" type="cond"/>
            <line num="287" count="0" type="stmt"/>
            <line num="289" count="0" type="stmt"/>
            <line num="290" count="0" type="stmt"/>
            <line falsecount="0" truecount="0" num="290" type="cond"/>
            <line num="291" count="0" type="stmt"/>
            <line num="292" count="0" type="stmt"/>
            <line falsecount="0" truecount="0" num="292" type="cond"/>
            <line num="293" count="0" type="stmt"/>
            <line num="295" count="0" type="stmt"/>
            <line num="297" count="0" type="stmt"/>
            <line complexity="1" visibility="private" signature="readBinaryLong(int,boolean) : long" num="300" count="0" type="method"/>
            <line num="302" count="0" type="stmt"/>
            <line num="303" count="0" type="stmt"/>
            <line num="304" count="0" type="stmt"/>
            <line complexity="1" visibility="private" signature="readAsciiLong(int,int) : long" num="307" count="0" type="method"/>
            <line num="309" count="0" type="stmt"/>
            <line num="310" count="0" type="stmt"/>
            <line num="311" count="0" type="stmt"/>
            <line complexity="2" visibility="private" signature="readNewEntry(boolean) : CpioArchiveEntry" num="314" count="0" type="method"/>
            <line num="316" count="0" type="stmt"/>
            <line num="317" count="0" type="stmt"/>
            <line falsecount="0" truecount="0" num="317" type="cond"/>
            <line num="318" count="0" type="stmt"/>
            <line num="320" count="0" type="stmt"/>
            <line num="323" count="0" type="stmt"/>
            <line num="324" count="0" type="stmt"/>
            <line num="325" count="0" type="stmt"/>
            <line num="326" count="0" type="stmt"/>
            <line num="327" count="0" type="stmt"/>
            <line num="328" count="0" type="stmt"/>
            <line num="329" count="0" type="stmt"/>
            <line num="330" count="0" type="stmt"/>
            <line num="331" count="0" type="stmt"/>
            <line num="332" count="0" type="stmt"/>
            <line num="333" count="0" type="stmt"/>
            <line num="334" count="0" type="stmt"/>
            <line num="335" count="0" type="stmt"/>
            <line num="336" count="0" type="stmt"/>
            <line num="337" count="0" type="stmt"/>
            <line num="339" count="0" type="stmt"/>
            <line complexity="1" visibility="private" signature="readOldAsciiEntry() : CpioArchiveEntry" num="342" count="0" type="method"/>
            <line num="343" count="0" type="stmt"/>
            <line num="345" count="0" type="stmt"/>
            <line num="346" count="0" type="stmt"/>
            <line num="347" count="0" type="stmt"/>
            <line num="348" count="0" type="stmt"/>
            <line num="349" count="0" type="stmt"/>
            <line num="350" count="0" type="stmt"/>
            <line num="351" count="0" type="stmt"/>
            <line num="352" count="0" type="stmt"/>
            <line num="353" count="0" type="stmt"/>
            <line num="354" count="0" type="stmt"/>
            <line num="355" count="0" type="stmt"/>
            <line num="357" count="0" type="stmt"/>
            <line complexity="1" visibility="private" signature="readOldBinaryEntry(boolean) : CpioArchiveEntry" num="360" count="0" type="method"/>
            <line num="362" count="0" type="stmt"/>
            <line num="364" count="0" type="stmt"/>
            <line num="365" count="0" type="stmt"/>
            <line num="366" count="0" type="stmt"/>
            <line num="367" count="0" type="stmt"/>
            <line num="368" count="0" type="stmt"/>
            <line num="369" count="0" type="stmt"/>
            <line num="370" count="0" type="stmt"/>
            <line num="371" count="0" type="stmt"/>
            <line num="372" count="0" type="stmt"/>
            <line num="373" count="0" type="stmt"/>
            <line num="374" count="0" type="stmt"/>
            <line num="375" count="0" type="stmt"/>
            <line num="377" count="0" type="stmt"/>
            <line complexity="1" visibility="private" signature="readCString(int) : String" num="380" count="0" type="method"/>
            <line num="381" count="0" type="stmt"/>
            <line num="382" count="0" type="stmt"/>
            <line num="383" count="0" type="stmt"/>
            <line complexity="5" visibility="public" signature="skip(long) : long" num="397" count="0" type="method"/>
            <line num="398" count="0" type="stmt"/>
            <line falsecount="0" truecount="0" num="398" type="cond"/>
            <line num="399" count="0" type="stmt"/>
            <line num="401" count="0" type="stmt"/>
            <line num="402" count="0" type="stmt"/>
            <line num="403" count="0" type="stmt"/>
            <line num="405" count="0" type="stmt"/>
            <line falsecount="0" truecount="0" num="405" type="cond"/>
            <line num="406" count="0" type="stmt"/>
            <line num="407" count="0" type="stmt"/>
            <line falsecount="0" truecount="0" num="407" type="cond"/>
            <line num="408" count="0" type="stmt"/>
            <line num="410" count="0" type="stmt"/>
            <line num="411" count="0" type="stmt"/>
            <line falsecount="0" truecount="0" num="411" type="cond"/>
            <line num="412" count="0" type="stmt"/>
            <line num="413" count="0" type="stmt"/>
            <line num="415" count="0" type="stmt"/>
            <line num="417" count="0" type="stmt"/>
            <line complexity="1" visibility="public" signature="getNextEntry() : ArchiveEntry" num="420" count="0" type="method"/>
            <line num="421" count="0" type="stmt"/>
            <line complexity="7" visibility="public" signature="matches(byte[],int) : boolean" num="424" count="0" type="method"/>
            <line num="427" count="0" type="stmt"/>
            <line falsecount="0" truecount="0" num="427" type="cond"/>
            <line num="428" count="0" type="stmt"/>
            <line num="430" count="0" type="stmt"/>
            <line falsecount="0" truecount="0" num="430" type="cond"/>
            <line num="431" count="0" type="stmt"/>
            <line num="433" count="0" type="stmt"/>
            <line falsecount="0" truecount="0" num="433" type="cond"/>
            <line num="434" count="0" type="stmt"/>
            <line num="436" count="0" type="stmt"/>
            <line falsecount="0" truecount="0" num="436" type="cond"/>
            <line num="437" count="0" type="stmt"/>
            <line num="439" count="0" type="stmt"/>
            <line falsecount="0" truecount="0" num="439" type="cond"/>
            <line num="440" count="0" type="stmt"/>
            <line num="442" count="0" type="stmt"/>
            <line falsecount="0" truecount="0" num="442" type="cond"/>
            <line num="443" count="0" type="stmt"/>
            <line num="446" count="0" type="stmt"/>
         </file>
      </package>
      <package name="org.apache.commons.compress.archivers.tar">
         <metrics coveredelements="0" complexity="238" loc="2274" methods="104" classes="6" statements="537" coveredconditionals="0" coveredmethods="0" elements="883" ncloc="1030" files="6" conditionals="242" coveredstatements="0"/>
         <file path="/home/sepehr/masters/test_generation/model_generated_coverage/Compress1f_automated_3/src/main/java/org/apache/commons/compress/archivers/tar/TarConstants.java" name="TarConstants.java">
            <metrics coveredelements="0" coveredconditionals="0" complexity="0" loc="153" coveredmethods="0" methods="0" elements="0" classes="1" ncloc="28" statements="0" conditionals="0" coveredstatements="0"/>
            <class name="TarConstants">
               <metrics coveredelements="0" coveredconditionals="0" complexity="0" coveredmethods="0" methods="0" elements="0" statements="0" conditionals="0" coveredstatements="0"/>
            </class>
         </file>
         <file path="/home/sepehr/masters/test_generation/model_generated_coverage/Compress1f_automated_3/src/main/java/org/apache/commons/compress/archivers/tar/TarArchiveOutputStream.java" name="TarArchiveOutputStream.java">
            <metrics coveredelements="0" coveredconditionals="0" complexity="34" loc="373" coveredmethods="0" methods="20" elements="130" classes="1" ncloc="172" statements="82" conditionals="28" coveredstatements="0"/>
            <class name="TarArchiveOutputStream">
               <metrics coveredelements="0" coveredconditionals="0" complexity="34" coveredmethods="0" methods="20" elements="130" statements="82" conditionals="28" coveredstatements="0"/>
            </class>
            <line complexity="1" visibility="public" signature="TarArchiveOutputStream(OutputStream)" num="61" count="0" type="method"/>
            <line num="62" count="0" type="stmt"/>
            <line complexity="1" visibility="public" signature="TarArchiveOutputStream(OutputStream,int)" num="70" count="0" type="method"/>
            <line num="71" count="0" type="stmt"/>
            <line complexity="1" visibility="public" signature="TarArchiveOutputStream(OutputStream,int,int)" num="80" count="0" type="method"/>
            <line num="81" count="0" type="stmt"/>
            <line num="83" count="0" type="stmt"/>
            <line num="84" count="0" type="stmt"/>
            <line num="85" count="0" type="stmt"/>
            <line num="86" count="0" type="stmt"/>
            <line num="87" count="0" type="stmt"/>
            <line num="88" count="0" type="stmt"/>
            <line complexity="1" visibility="public" signature="setLongFileMode(int) : void" num="98" count="0" type="method"/>
            <line num="99" count="0" type="stmt"/>
            <line complexity="1" visibility="public" signature="setDebug(boolean) : void" num="108" count="0" type="method"/>
            <line num="109" count="0" type="stmt"/>
            <line complexity="1" visibility="public" signature="setBufferDebug(boolean) : void" num="117" count="0" type="method"/>
            <line num="118" count="0" type="stmt"/>
            <line complexity="1" visibility="public" signature="finish() : void" num="126" count="0" type="method"/>
            <line num="129" count="0" type="stmt"/>
            <line num="130" count="0" type="stmt"/>
            <line complexity="2" visibility="public" signature="close() : void" num="139" count="0" type="method"/>
            <line num="140" count="0" type="stmt"/>
            <line falsecount="0" truecount="0" num="140" type="cond"/>
            <line num="141" count="0" type="stmt"/>
            <line num="142" count="0" type="stmt"/>
            <line num="143" count="0" type="stmt"/>
            <line num="144" count="0" type="stmt"/>
            <line complexity="1" visibility="public" signature="getRecordSize() : int" num="153" count="0" type="method"/>
            <line num="154" count="0" type="stmt"/>
            <line complexity="5" visibility="public" signature="putNextEntry(TarArchiveEntry) : void" num="169" count="0" type="method"/>
            <line num="170" count="0" type="stmt"/>
            <line falsecount="0" truecount="0" num="170" type="cond"/>
            <line num="172" count="0" type="stmt"/>
            <line falsecount="0" truecount="0" num="172" type="cond"/>
            <line num="175" count="0" type="stmt"/>
            <line num="178" count="0" type="stmt"/>
            <line num="179" count="0" type="stmt"/>
            <line num="180" count="0" type="stmt"/>
            <line num="181" count="0" type="stmt"/>
            <line num="182" count="0" type="stmt"/>
            <line num="183" count="0" type="stmt"/>
            <line falsecount="0" truecount="0" num="183" type="cond"/>
            <line num="184" count="0" type="stmt"/>
            <line num="190" count="0" type="stmt"/>
            <line num="191" count="0" type="stmt"/>
            <line num="193" count="0" type="stmt"/>
            <line num="195" count="0" type="stmt"/>
            <line falsecount="0" truecount="0" num="195" type="cond"/>
            <line num="196" count="0" type="stmt"/>
            <line num="198" count="0" type="stmt"/>
            <line num="200" count="0" type="stmt"/>
            <line complexity="4" visibility="public" signature="closeEntry() : void" num="213" count="0" type="method"/>
            <line num="214" count="0" type="stmt"/>
            <line falsecount="0" truecount="0" num="214" type="cond"/>
            <line num="215" count="0" type="stmt"/>
            <line falsecount="0" truecount="0" num="215" type="cond"/>
            <line num="216" count="0" type="stmt"/>
            <line num="219" count="0" type="stmt"/>
            <line num="221" count="0" type="stmt"/>
            <line num="222" count="0" type="stmt"/>
            <line num="225" count="0" type="stmt"/>
            <line falsecount="0" truecount="0" num="225" type="cond"/>
            <line num="226" count="0" type="stmt"/>
            <line complexity="1" visibility="public" signature="write(int) : void" num="241" count="0" type="method"/>
            <line num="242" count="0" type="stmt"/>
            <line num="244" count="0" type="stmt"/>
            <line complexity="1" visibility="public" signature="write(byte[]) : void" num="255" count="0" type="method"/>
            <line num="256" count="0" type="stmt"/>
            <line complexity="6" visibility="public" signature="write(byte[],int,int) : void" num="273" count="0" type="method"/>
            <line num="274" count="0" type="stmt"/>
            <line falsecount="0" truecount="0" num="274" type="cond"/>
            <line num="275" count="0" type="stmt"/>
            <line num="289" count="0" type="stmt"/>
            <line falsecount="0" truecount="0" num="289" type="cond"/>
            <line num="290" count="0" type="stmt"/>
            <line falsecount="0" truecount="0" num="290" type="cond"/>
            <line num="291" count="0" type="stmt"/>
            <line num="293" count="0" type="stmt"/>
            <line num="295" count="0" type="stmt"/>
            <line num="297" count="0" type="stmt"/>
            <line num="299" count="0" type="stmt"/>
            <line num="300" count="0" type="stmt"/>
            <line num="301" count="0" type="stmt"/>
            <line num="302" count="0" type="stmt"/>
            <line num="304" count="0" type="stmt"/>
            <line num="307" count="0" type="stmt"/>
            <line num="308" count="0" type="stmt"/>
            <line num="309" count="0" type="stmt"/>
            <line num="318" count="0" type="stmt"/>
            <line falsecount="0" truecount="0" num="318" type="cond"/>
            <line num="319" count="0" type="stmt"/>
            <line falsecount="0" truecount="0" num="319" type="cond"/>
            <line num="320" count="0" type="stmt"/>
            <line num="323" count="0" type="stmt"/>
            <line num="325" count="0" type="stmt"/>
            <line num="328" count="0" type="stmt"/>
            <line num="330" count="0" type="stmt"/>
            <line num="332" count="0" type="stmt"/>
            <line num="333" count="0" type="stmt"/>
            <line num="334" count="0" type="stmt"/>
            <line complexity="2" visibility="private" signature="writeEOFRecord() : void" num="342" count="0" type="method"/>
            <line num="343" count="0" type="stmt"/>
            <line falsecount="0" truecount="0" num="343" type="cond"/>
            <line num="344" count="0" type="stmt"/>
            <line num="347" count="0" type="stmt"/>
            <line complexity="1" visibility="public" signature="flush() : void" num="351" count="0" type="method"/>
            <line num="352" count="0" type="stmt"/>
            <line complexity="1" visibility="public" signature="closeArchiveEntry() : void" num="357" count="0" type="method"/>
            <line num="358" count="0" type="stmt"/>
            <line complexity="1" visibility="public" signature="putArchiveEntry(ArchiveEntry) : void" num="361" count="0" type="method"/>
            <line num="362" count="0" type="stmt"/>
            <line complexity="1" visibility="public" signature="getDefaultFileExtension() : String" num="365" count="0" type="method"/>
            <line num="366" count="0" type="stmt"/>
            <line complexity="1" visibility="public" signature="getName() : String" num="369" count="0" type="method"/>
            <line num="370" count="0" type="stmt"/>
         </file>
         <file path="/home/sepehr/masters/test_generation/model_generated_coverage/Compress1f_automated_3/src/main/java/org/apache/commons/compress/archivers/tar/TarArchiveInputStream.java" name="TarArchiveInputStream.java">
            <metrics coveredelements="0" coveredconditionals="0" complexity="60" loc="445" coveredmethods="0" methods="20" elements="227" classes="1" ncloc="240" statements="131" conditionals="76" coveredstatements="0"/>
            <class name="TarArchiveInputStream">
               <metrics coveredelements="0" coveredconditionals="0" complexity="60" coveredmethods="0" methods="20" elements="227" statements="131" conditionals="76" coveredstatements="0"/>
            </class>
            <line complexity="1" visibility="public" signature="TarArchiveInputStream(InputStream)" num="64" count="0" type="method"/>
            <line num="65" count="0" type="stmt"/>
            <line complexity="1" visibility="public" signature="TarArchiveInputStream(InputStream,int)" num="73" count="0" type="method"/>
            <line num="74" count="0" type="stmt"/>
            <line complexity="1" visibility="public" signature="TarArchiveInputStream(InputStream,int,int)" num="83" count="0" type="method"/>
            <line num="84" count="0" type="stmt"/>
            <line num="85" count="0" type="stmt"/>
            <line num="86" count="0" type="stmt"/>
            <line num="87" count="0" type="stmt"/>
            <line num="88" count="0" type="stmt"/>
            <line complexity="1" visibility="public" signature="setDebug(boolean) : void" num="96" count="0" type="method"/>
            <line num="97" count="0" type="stmt"/>
            <line num="98" count="0" type="stmt"/>
            <line complexity="1" visibility="public" signature="close() : void" num="105" count="0" type="method"/>
            <line num="106" count="0" type="stmt"/>
            <line complexity="1" visibility="public" signature="getRecordSize() : int" num="114" count="0" type="method"/>
            <line num="115" count="0" type="stmt"/>
            <line complexity="2" visibility="public" signature="available() : int" num="130" count="0" type="method"/>
            <line num="131" count="0" type="stmt"/>
            <line falsecount="0" truecount="0" num="131" type="cond"/>
            <line num="132" count="0" type="stmt"/>
            <line num="134" count="0" type="stmt"/>
            <line complexity="4" visibility="public" signature="skip(long) : long" num="147" count="0" type="method"/>
            <line num="152" count="0" type="stmt"/>
            <line num="153" count="0" type="stmt"/>
            <line num="154" count="0" type="stmt"/>
            <line falsecount="0" truecount="0" num="154" type="cond"/>
            <line num="155" count="0" type="stmt"/>
            <line falsecount="0" truecount="0" num="155" type="cond"/>
            <line num="156" count="0" type="stmt"/>
            <line num="157" count="0" type="stmt"/>
            <line falsecount="0" truecount="0" num="157" type="cond"/>
            <line num="158" count="0" type="stmt"/>
            <line num="160" count="0" type="stmt"/>
            <line num="162" count="0" type="stmt"/>
            <line complexity="1" visibility="public" signature="reset() : void" num="168" count="0" type="method"/>
            <line complexity="18" visibility="public" signature="getNextTarEntry() : TarArchiveEntry" num="184" count="0" type="method"/>
            <line num="185" count="0" type="stmt"/>
            <line falsecount="0" truecount="0" num="185" type="cond"/>
            <line num="186" count="0" type="stmt"/>
            <line num="189" count="0" type="stmt"/>
            <line falsecount="0" truecount="0" num="189" type="cond"/>
            <line num="190" count="0" type="stmt"/>
            <line num="192" count="0" type="stmt"/>
            <line falsecount="0" truecount="0" num="192" type="cond"/>
            <line num="193" count="0" type="stmt"/>
            <line num="200" count="0" type="stmt"/>
            <line falsecount="0" truecount="0" num="200" type="cond"/>
            <line num="201" count="0" type="stmt"/>
            <line num="202" count="0" type="stmt"/>
            <line falsecount="0" truecount="0" num="202" type="cond"/>
            <line num="203" count="0" type="stmt"/>
            <line num="206" count="0" type="stmt"/>
            <line num="209" count="0" type="stmt"/>
            <line num="212" count="0" type="stmt"/>
            <line num="214" count="0" type="stmt"/>
            <line falsecount="0" truecount="0" num="214" type="cond"/>
            <line num="215" count="0" type="stmt"/>
            <line falsecount="0" truecount="0" num="215" type="cond"/>
            <line num="216" count="0" type="stmt"/>
            <line num="218" count="0" type="stmt"/>
            <line num="219" count="0" type="stmt"/>
            <line falsecount="0" truecount="0" num="219" type="cond"/>
            <line num="220" count="0" type="stmt"/>
            <line falsecount="0" truecount="0" num="220" type="cond"/>
            <line num="221" count="0" type="stmt"/>
            <line num="223" count="0" type="stmt"/>
            <line num="226" count="0" type="stmt"/>
            <line falsecount="0" truecount="0" num="226" type="cond"/>
            <line num="227" count="0" type="stmt"/>
            <line num="229" count="0" type="stmt"/>
            <line num="231" count="0" type="stmt"/>
            <line falsecount="0" truecount="0" num="231" type="cond"/>
            <line num="232" count="0" type="stmt"/>
            <line num="238" count="0" type="stmt"/>
            <line num="240" count="0" type="stmt"/>
            <line num="243" count="0" type="stmt"/>
            <line falsecount="0" truecount="0" num="243" type="cond"/>
            <line num="245" count="0" type="stmt"/>
            <line num="246" count="0" type="stmt"/>
            <line num="247" count="0" type="stmt"/>
            <line num="248" count="0" type="stmt"/>
            <line falsecount="0" truecount="0" num="248" type="cond"/>
            <line num="249" count="0" type="stmt"/>
            <line num="251" count="0" type="stmt"/>
            <line num="252" count="0" type="stmt"/>
            <line falsecount="0" truecount="0" num="252" type="cond"/>
            <line num="255" count="0" type="stmt"/>
            <line num="258" count="0" type="stmt"/>
            <line falsecount="0" truecount="0" num="258" type="cond"/>
            <line num="260" count="0" type="stmt"/>
            <line num="262" count="0" type="stmt"/>
            <line num="265" count="0" type="stmt"/>
            <line complexity="1" visibility="public" signature="getNextEntry() : ArchiveEntry" num="268" count="0" type="method"/>
            <line num="269" count="0" type="stmt"/>
            <line complexity="2" visibility="public" signature="read() : int" num="280" count="0" type="method"/>
            <line num="281" count="0" type="stmt"/>
            <line num="282" count="0" type="stmt"/>
            <line falsecount="0" truecount="0" num="282" type="cond"/>
            <line complexity="9" visibility="public" signature="read(byte[],int,int) : int" num="298" count="0" type="method"/>
            <line num="299" count="0" type="stmt"/>
            <line num="301" count="0" type="stmt"/>
            <line falsecount="0" truecount="0" num="301" type="cond"/>
            <line num="302" count="0" type="stmt"/>
            <line num="305" count="0" type="stmt"/>
            <line falsecount="0" truecount="0" num="305" type="cond"/>
            <line num="306" count="0" type="stmt"/>
            <line num="309" count="0" type="stmt"/>
            <line falsecount="0" truecount="0" num="309" type="cond"/>
            <line num="310" count="0" type="stmt"/>
            <line falsecount="0" truecount="0" num="310" type="cond"/>
            <line num="313" count="0" type="stmt"/>
            <line num="315" count="0" type="stmt"/>
            <line falsecount="0" truecount="0" num="315" type="cond"/>
            <line num="316" count="0" type="stmt"/>
            <line num="318" count="0" type="stmt"/>
            <line num="319" count="0" type="stmt"/>
            <line num="321" count="0" type="stmt"/>
            <line num="323" count="0" type="stmt"/>
            <line num="326" count="0" type="stmt"/>
            <line num="327" count="0" type="stmt"/>
            <line num="328" count="0" type="stmt"/>
            <line num="331" count="0" type="stmt"/>
            <line falsecount="0" truecount="0" num="331" type="cond"/>
            <line num="332" count="0" type="stmt"/>
            <line num="334" count="0" type="stmt"/>
            <line falsecount="0" truecount="0" num="334" type="cond"/>
            <line num="336" count="0" type="stmt"/>
            <line num="340" count="0" type="stmt"/>
            <line num="341" count="0" type="stmt"/>
            <line num="343" count="0" type="stmt"/>
            <line falsecount="0" truecount="0" num="343" type="cond"/>
            <line num="344" count="0" type="stmt"/>
            <line num="346" count="0" type="stmt"/>
            <line num="348" count="0" type="stmt"/>
            <line num="350" count="0" type="stmt"/>
            <line num="352" count="0" type="stmt"/>
            <line num="355" count="0" type="stmt"/>
            <line num="356" count="0" type="stmt"/>
            <line num="357" count="0" type="stmt"/>
            <line num="360" count="0" type="stmt"/>
            <line num="362" count="0" type="stmt"/>
            <line complexity="2" visibility="public" signature="copyEntryContents(OutputStream) : void" num="372" count="0" type="method"/>
            <line num="373" count="0" type="stmt"/>
            <line num="375" count="0" type="stmt"/>
            <line num="376" count="0" type="stmt"/>
            <line num="378" count="0" type="stmt"/>
            <line falsecount="0" truecount="0" num="378" type="cond"/>
            <line num="379" count="0" type="stmt"/>
            <line num="382" count="0" type="stmt"/>
            <line complexity="1" visibility="protected" signature="getCurrentEntry() : TarArchiveEntry" num="386" count="0" type="method"/>
            <line num="387" count="0" type="stmt"/>
            <line complexity="1" visibility="protected" signature="setCurrentEntry(TarArchiveEntry) : void" num="390" count="0" type="method"/>
            <line num="391" count="0" type="stmt"/>
            <line complexity="1" visibility="protected" signature="isAtEOF() : boolean" num="394" count="0" type="method"/>
            <line num="395" count="0" type="stmt"/>
            <line complexity="1" visibility="protected" signature="setAtEOF(boolean) : void" num="398" count="0" type="method"/>
            <line num="399" count="0" type="stmt"/>
            <line complexity="1" visibility="public" signature="read(byte[]) : int" num="404" count="0" type="method"/>
            <line num="405" count="0" type="stmt"/>
            <line complexity="10" visibility="public" signature="matches(byte[],int) : boolean" num="410" count="0" type="method"/>
            <line num="413" count="0" type="stmt"/>
            <line falsecount="0" truecount="0" num="413" type="cond"/>
            <line num="414" count="0" type="stmt"/>
            <line num="417" count="0" type="stmt"/>
            <line falsecount="0" truecount="0" num="417" type="cond"/>
            <line num="418" count="0" type="stmt"/>
            <line num="420" count="0" type="stmt"/>
            <line falsecount="0" truecount="0" num="420" type="cond"/>
            <line num="421" count="0" type="stmt"/>
            <line num="423" count="0" type="stmt"/>
            <line falsecount="0" truecount="0" num="423" type="cond"/>
            <line num="424" count="0" type="stmt"/>
            <line num="426" count="0" type="stmt"/>
            <line falsecount="0" truecount="0" num="426" type="cond"/>
            <line num="427" count="0" type="stmt"/>
            <line num="429" count="0" type="stmt"/>
            <line falsecount="0" truecount="0" num="429" type="cond"/>
            <line num="430" count="0" type="stmt"/>
            <line num="432" count="0" type="stmt"/>
            <line falsecount="0" truecount="0" num="432" type="cond"/>
            <line num="433" count="0" type="stmt"/>
            <line num="435" count="0" type="stmt"/>
            <line falsecount="0" truecount="0" num="435" type="cond"/>
            <line num="436" count="0" type="stmt"/>
            <line num="438" count="0" type="stmt"/>
            <line falsecount="0" truecount="0" num="438" type="cond"/>
            <line num="439" count="0" type="stmt"/>
            <line num="442" count="0" type="stmt"/>
[...]
            <line falsecount="0" truecount="0" num="480" type="cond"/>
            <line num="482" count="0" type="stmt"/>
            <line num="483" count="0" type="stmt"/>
            <line num="485" count="0" type="stmt"/>
            <line num="486" count="0" type="stmt"/>
            <line num="489" count="0" type="stmt"/>
            <line num="492" count="0" type="stmt"/>
            <line falsecount="0" truecount="0" num="492" type="cond"/>
            <line num="493" count="0" type="stmt"/>
            <line num="494" count="0" type="stmt"/>
            <line num="495" count="0" type="stmt"/>
            <line falsecount="0" truecount="0" num="495" type="cond"/>
            <line num="496" count="0" type="stmt"/>
            <line falsecount="0" truecount="0" num="496" type="cond"/>
            <line num="497" count="0" type="stmt"/>
            <line falsecount="0" truecount="0" num="497" type="cond"/>
            <line num="499" count="0" type="stmt"/>
            <line num="504" count="0" type="stmt"/>
            <line complexity="5" visibility="private" signature="createHuffmanDecodingTables(int,int) : void" num="510" count="0" type="method"/>
            <line num="512" count="0" type="stmt"/>
            <line num="513" count="0" type="stmt"/>
            <line num="514" count="0" type="stmt"/>
            <line num="515" count="0" type="stmt"/>
            <line num="516" count="0" type="stmt"/>
            <line num="517" count="0" type="stmt"/>
            <line num="519" count="0" type="stmt"/>
            <line falsecount="0" truecount="0" num="519" type="cond"/>
            <line num="520" count="0" type="stmt"/>
            <line num="521" count="0" type="stmt"/>
            <line num="522" count="0" type="stmt"/>
            <line num="523" count="0" type="stmt"/>
            <line falsecount="0" truecount="0" num="523" type="cond"/>
            <line num="524" count="0" type="stmt"/>
            <line num="525" count="0" type="stmt"/>
            <line falsecount="0" truecount="0" num="525" type="cond"/>
            <line num="526" count="0" type="stmt"/>
            <line num="528" count="0" type="stmt"/>
            <line falsecount="0" truecount="0" num="528" type="cond"/>
            <line num="529" count="0" type="stmt"/>
            <line num="532" count="0" type="stmt"/>
            <line num="534" count="0" type="stmt"/>
            <line complexity="24" visibility="private" signature="getAndMoveToFrontDecode() : void" num="538" count="0" type="method"/>
            <line num="539" count="0" type="stmt"/>
            <line num="540" count="0" type="stmt"/>
            <line num="542" count="0" type="stmt"/>
            <line num="543" count="0" type="stmt"/>
            <line num="544" count="0" type="stmt"/>
            <line num="545" count="0" type="stmt"/>
            <line num="546" count="0" type="stmt"/>
            <line num="547" count="0" type="stmt"/>
            <line num="548" count="0" type="stmt"/>
            <line num="549" count="0" type="stmt"/>
            <line num="550" count="0" type="stmt"/>
            <line num="551" count="0" type="stmt"/>
            <line num="552" count="0" type="stmt"/>
            <line num="553" count="0" type="stmt"/>
            <line num="560" count="0" type="stmt"/>
            <line falsecount="0" truecount="0" num="560" type="cond"/>
            <line num="561" count="0" type="stmt"/>
            <line num="562" count="0" type="stmt"/>
            <line num="565" count="0" type="stmt"/>
            <line num="566" count="0" type="stmt"/>
            <line num="567" count="0" type="stmt"/>
            <line num="568" count="0" type="stmt"/>
            <line num="569" count="0" type="stmt"/>
            <line num="570" count="0" type="stmt"/>
            <line num="571" count="0" type="stmt"/>
            <line num="572" count="0" type="stmt"/>
            <line num="573" count="0" type="stmt"/>
            <line num="574" count="0" type="stmt"/>
            <line num="575" count="0" type="stmt"/>
            <line num="576" count="0" type="stmt"/>
            <line num="578" count="0" type="stmt"/>
            <line falsecount="0" truecount="0" num="578" type="cond"/>
            <line num="579" count="0" type="stmt"/>
            <line falsecount="0" truecount="0" num="579" type="cond"/>
            <line num="580" count="0" type="stmt"/>
            <line num="582" count="0" type="stmt"/>
            <line num="583" count="0" type="stmt"/>
            <line falsecount="0" truecount="0" num="583" type="cond"/>
            <line num="584" count="0" type="stmt"/>
            <line num="585" count="0" type="stmt"/>
            <line falsecount="0" truecount="0" num="585" type="cond"/>
            <line num="586" count="0" type="stmt"/>
            <line num="588" count="0" type="stmt"/>
            <line num="591" count="0" type="stmt"/>
            <line falsecount="0" truecount="0" num="591" type="cond"/>
            <line num="592" count="0" type="stmt"/>
            <line num="593" count="0" type="stmt"/>
            <line num="594" count="0" type="stmt"/>
            <line num="595" count="0" type="stmt"/>
            <line num="596" count="0" type="stmt"/>
            <line num="597" count="0" type="stmt"/>
            <line num="599" count="0" type="stmt"/>
            <line num="602" count="0" type="stmt"/>
            <line num="606" count="0" type="stmt"/>
            <line falsecount="0" truecount="0" num="606" type="cond"/>
            <line num="607" count="0" type="stmt"/>
            <line num="608" count="0" type="stmt"/>
            <line falsecount="0" truecount="0" num="608" type="cond"/>
            <line num="609" count="0" type="stmt"/>
            <line num="610" count="0" type="stmt"/>
            <line num="611" count="0" type="stmt"/>
            <line num="613" count="0" type="stmt"/>
            <line num="616" count="0" type="stmt"/>
            <line num="618" count="0" type="stmt"/>
            <line num="620" count="0" type="stmt"/>
            <line falsecount="0" truecount="0" num="620" type="cond"/>
            <line num="621" count="0" type="stmt"/>
            <line num="622" count="0" type="stmt"/>
            <line falsecount="0" truecount="0" num="622" type="cond"/>
            <line num="623" count="0" type="stmt"/>
            <line num="624" count="0" type="stmt"/>
            <line falsecount="0" truecount="0" num="624" type="cond"/>
            <line num="625" count="0" type="stmt"/>
            <line num="626" count="0" type="stmt"/>
            <line num="627" count="0" type="stmt"/>
            <line num="629" count="0" type="stmt"/>
            <line num="633" count="0" type="stmt"/>
            <line num="634" count="0" type="stmt"/>
            <line num="637" count="0" type="stmt"/>
            <line num="640" count="0" type="stmt"/>
            <line num="641" count="0" type="stmt"/>
            <line num="643" count="0" type="stmt"/>
            <line falsecount="0" truecount="0" num="643" type="cond"/>
            <line num="644" count="0" type="stmt"/>
            <line num="647" count="0" type="stmt"/>
            <line falsecount="0" truecount="0" num="647" type="cond"/>
            <line num="648" count="0" type="stmt"/>
            <line num="651" count="0" type="stmt"/>
            <line falsecount="0" truecount="0" num="651" type="cond"/>
            <line num="652" count="0" type="stmt"/>
            <line num="655" count="0" type="stmt"/>
            <line num="656" count="0" type="stmt"/>
            <line num="657" count="0" type="stmt"/>
            <line num="664" count="0" type="stmt"/>
            <line falsecount="0" truecount="0" num="664" type="cond"/>
            <line num="665" count="0" type="stmt"/>
            <line falsecount="0" truecount="0" num="665" type="cond"/>
            <line num="666" count="0" type="stmt"/>
            <line num="669" count="0" type="stmt"/>
            <line num="672" count="0" type="stmt"/>
            <line num="674" count="0" type="stmt"/>
            <line falsecount="0" truecount="0" num="674" type="cond"/>
            <line num="675" count="0" type="stmt"/>
            <line num="676" count="0" type="stmt"/>
            <line num="677" count="0" type="stmt"/>
            <line num="678" count="0" type="stmt"/>
            <line num="679" count="0" type="stmt"/>
            <line num="680" count="0" type="stmt"/>
            <line num="682" count="0" type="stmt"/>
            <line num="685" count="0" type="stmt"/>
            <line num="689" count="0" type="stmt"/>
            <line falsecount="0" truecount="0" num="689" type="cond"/>
            <line num="690" count="0" type="stmt"/>
            <line num="691" count="0" type="stmt"/>
            <line falsecount="0" truecount="0" num="691" type="cond"/>
            <line num="692" count="0" type="stmt"/>
            <line num="693" count="0" type="stmt"/>
            <line num="694" count="0" type="stmt"/>
            <line num="696" count="0" type="stmt"/>
            <line num="699" count="0" type="stmt"/>
            <line num="701" count="0" type="stmt"/>
            <line num="703" count="0" type="stmt"/>
            <line falsecount="0" truecount="0" num="703" type="cond"/>
            <line num="704" count="0" type="stmt"/>
            <line num="705" count="0" type="stmt"/>
            <line falsecount="0" truecount="0" num="705" type="cond"/>
            <line num="706" count="0" type="stmt"/>
            <line num="707" count="0" type="stmt"/>
            <line falsecount="0" truecount="0" num="707" type="cond"/>
            <line num="708" count="0" type="stmt"/>
            <line num="709" count="0" type="stmt"/>
            <line num="710" count="0" type="stmt"/>
            <line num="712" count="0" type="stmt"/>
            <line num="715" count="0" type="stmt"/>
            <line num="716" count="0" type="stmt"/>
            <line num="718" count="0" type="stmt"/>
            <line num="722" count="0" type="stmt"/>
            <line num="723" count="0" type="stmt"/>
            <line num="724" count="0" type="stmt"/>
            <line complexity="4" visibility="private" signature="getAndMoveToFrontDecode0(int) : int" num="727" count="0" type="method"/>
            <line num="728" count="0" type="stmt"/>
            <line num="729" count="0" type="stmt"/>
            <line num="730" count="0" type="stmt"/>
            <line num="731" count="0" type="stmt"/>
            <line num="732" count="0" type="stmt"/>
            <line num="733" count="0" type="stmt"/>
            <line num="734" count="0" type="stmt"/>
            <line num="735" count="0" type="stmt"/>
            <line num="737" count="0" type="stmt"/>
            <line falsecount="0" truecount="0" num="737" type="cond"/>
            <line num="738" count="0" type="stmt"/>
            <line num="739" count="0" type="stmt"/>
            <line falsecount="0" truecount="0" num="739" type="cond"/>
            <line num="740" count="0" type="stmt"/>
            <line num="742" count="0" type="stmt"/>
            <line falsecount="0" truecount="0" num="742" type="cond"/>
            <line num="743" count="0" type="stmt"/>
            <line num="744" count="0" type="stmt"/>
            <line num="745" count="0" type="stmt"/>
            <line num="747" count="0" type="stmt"/>
            <line num="750" count="0" type="stmt"/>
            <line num="751" count="0" type="stmt"/>
            <line num="754" count="0" type="stmt"/>
            <line num="755" count="0" type="stmt"/>
            <line num="757" count="0" type="stmt"/>
            <line complexity="7" visibility="private" signature="setupBlock() : void" num="760" count="0" type="method"/>
            <line num="761" count="0" type="stmt"/>
            <line falsecount="0" truecount="0" num="761" type="cond"/>
            <line num="762" count="0" type="stmt"/>
            <line num="765" count="0" type="stmt"/>
            <line num="766" count="0" type="stmt"/>
            <line num="767" count="0" type="stmt"/>
            <line num="768" count="0" type="stmt"/>
            <line num="769" count="0" type="stmt"/>
            <line num="771" count="0" type="stmt"/>
            <line falsecount="0" truecount="0" num="771" type="cond"/>
            <line num="772" count="0" type="stmt"/>
            <line num="773" count="0" type="stmt"/>
            <line num="776" count="0" type="stmt"/>
            <line falsecount="0" truecount="0" num="776" type="cond"/>
            <line num="777" count="0" type="stmt"/>
            <line num="780" count="0" type="stmt"/>
            <line falsecount="0" truecount="0" num="780" type="cond"/>
            <line num="781" count="0" type="stmt"/>
            <line num="784" count="0" type="stmt"/>
            <line num="785" count="0" type="stmt"/>
            <line num="786" count="0" type="stmt"/>
            <line num="787" count="0" type="stmt"/>
            <line num="789" count="0" type="stmt"/>
            <line falsecount="0" truecount="0" num="789" type="cond"/>
            <line num="790" count="0" type="stmt"/>
            <line num="791" count="0" type="stmt"/>
            <line num="792" count="0" type="stmt"/>
            <line num="794" count="0" type="stmt"/>
            <line complexity="5" visibility="private" signature="setupRandPartA() : void" num="798" count="0" type="method"/>
            <line num="799" count="0" type="stmt"/>
            <line falsecount="0" truecount="0" num="799" type="cond"/>
            <line num="800" count="0" type="stmt"/>
            <line num="801" count="0" type="stmt"/>
            <line num="802" count="0" type="stmt"/>
            <line num="803" count="0" type="stmt"/>
            <line falsecount="0" truecount="0" num="803" type="cond"/>
            <line num="804" count="0" type="stmt"/>
            <line num="805" count="0" type="stmt"/>
            <line falsecount="0" truecount="0" num="805" type="cond"/>
            <line num="806" count="0" type="stmt"/>
            <line num="809" count="0" type="stmt"/>
            <line num="811" count="0" type="stmt"/>
            <line falsecount="0" truecount="0" num="811" type="cond"/>
            <line num="812" count="0" type="stmt"/>
            <line num="813" count="0" type="stmt"/>
            <line num="814" count="0" type="stmt"/>
            <line num="815" count="0" type="stmt"/>
            <line num="817" count="0" type="stmt"/>
            <line num="818" count="0" type="stmt"/>
            <line num="819" count="0" type="stmt"/>
            <line complexity="2" visibility="private" signature="setupNoRandPartA() : void" num="823" count="0" type="method"/>
            <line num="824" count="0" type="stmt"/>
            <line falsecount="0" truecount="0" num="824" type="cond"/>
            <line num="825" count="0" type="stmt"/>
            <line num="826" count="0" type="stmt"/>
            <line num="827" count="0" type="stmt"/>
            <line num="828" count="0" type="stmt"/>
            <line num="829" count="0" type="stmt"/>
            <line num="830" count="0" type="stmt"/>
            <line num="831" count="0" type="stmt"/>
            <line num="832" count="0" type="stmt"/>
            <line num="834" count="0" type="stmt"/>
            <line num="835" count="0" type="stmt"/>
            <line num="836" count="0" type="stmt"/>
            <line num="837" count="0" type="stmt"/>
            <line complexity="6" visibility="private" signature="setupRandPartB() : void" num="841" count="0" type="method"/>
            <line num="842" count="0" type="stmt"/>
            <line falsecount="0" truecount="0" num="842" type="cond"/>
            <line num="843" count="0" type="stmt"/>
            <line num="844" count="0" type="stmt"/>
            <line num="845" count="0" type="stmt"/>
            <line num="846" count="0" type="stmt"/>
            <line falsecount="0" truecount="0" num="846" type="cond"/>
            <line num="847" count="0" type="stmt"/>
            <line num="848" count="0" type="stmt"/>
            <line num="849" count="0" type="stmt"/>
            <line falsecount="0" truecount="0" num="849" type="cond"/>
            <line num="850" count="0" type="stmt"/>
            <line num="851" count="0" type="stmt"/>
            <line falsecount="0" truecount="0" num="851" type="cond"/>
            <line num="852" count="0" type="stmt"/>
            <line num="855" count="0" type="stmt"/>
            <line num="857" count="0" type="stmt"/>
            <line num="858" count="0" type="stmt"/>
            <line num="859" count="0" type="stmt"/>
            <line falsecount="0" truecount="0" num="859" type="cond"/>
            <line num="860" count="0" type="stmt"/>
            <line num="862" count="0" type="stmt"/>
            <line num="864" count="0" type="stmt"/>
            <line num="865" count="0" type="stmt"/>
            <line complexity="2" visibility="private" signature="setupRandPartC() : void" num="869" count="0" type="method"/>
            <line num="870" count="0" type="stmt"/>
            <line falsecount="0" truecount="0" num="870" type="cond"/>
            <line num="871" count="0" type="stmt"/>
            <line num="872" count="0" type="stmt"/>
            <line num="873" count="0" type="stmt"/>
            <line num="875" count="0" type="stmt"/>
            <line num="876" count="0" type="stmt"/>
            <line num="877" count="0" type="stmt"/>
            <line num="878" count="0" type="stmt"/>
            <line complexity="3" visibility="private" signature="setupNoRandPartB() : void" num="882" count="0" type="method"/>
            <line num="883" count="0" type="stmt"/>
            <line falsecount="0" truecount="0" num="883" type="cond"/>
            <line num="884" count="0" type="stmt"/>
            <line num="885" count="0" type="stmt"/>
            <line num="886" count="0" type="stmt"/>
            <line falsecount="0" truecount="0" num="886" type="cond"/>
            <line num="887" count="0" type="stmt"/>
            <line num="888" count="0" type="stmt"/>
            <line num="889" count="0" type="stmt"/>
            <line num="890" count="0" type="stmt"/>
            <line num="892" count="0" type="stmt"/>
            <line complexity="2" visibility="private" signature="setupNoRandPartC() : void" num="896" count="0" type="method"/>
            <line num="897" count="0" type="stmt"/>
            <line falsecount="0" truecount="0" num="897" type="cond"/>
            <line num="898" count="0" type="stmt"/>
            <line num="899" count="0" type="stmt"/>
            <line num="900" count="0" type="stmt"/>
            <line num="901" count="0" type="stmt"/>
            <line num="902" count="0" type="stmt"/>
            <line num="904" count="0" type="stmt"/>
            <line num="905" count="0" type="stmt"/>
            <line num="906" count="0" type="stmt"/>
            <line complexity="1" visibility="package" signature="Data(int)" num="945" count="0" type="method"/>
            <line num="946" count="0" type="stmt"/>
            <line num="948" count="0" type="stmt"/>
            <line complexity="3" visibility="package" signature="initTT(int) : int[]" num="958" count="0" type="method"/>
            <line num="959" count="0" type="stmt"/>
            <line num="965" count="0" type="stmt"/>
            <line falsecount="0" truecount="0" num="965" type="cond"/>
            <line num="966" count="0" type="stmt"/>
            <line num="969" count="0" type="stmt"/>
         </file>
      </package>
   </project>
   <testproject timestamp="1674760068615">
      <metrics coveredelements="0" complexity="0" loc="0" methods="0" classes="0" statements="0" packages="0" coveredconditionals="0" coveredmethods="0" elements="0" ncloc="0" files="0" conditionals="0" coveredstatements="0"/>
   </testproject>
</coverage>