<?xml version="1.0" encoding="UTF-8"?>
<coverage generated="1675926344509" clover="4.4.1">
   <project timestamp="1675926343126">
      <metrics coveredelements="1578" complexity="645" loc="4492" methods="374" classes="43" statements="1389" packages="6" coveredconditionals="292" coveredmethods="252" elements="2217" ncloc="2540" files="21" conditionals="454" coveredstatements="1034"/>
      <package name="org.jsoup.nodes">
         <metrics coveredelements="536" complexity="274" loc="1984" methods="185" classes="25" statements="501" coveredconditionals="78" coveredmethods="120" elements="840" ncloc="1025" files="10" conditionals="154" coveredstatements="338"/>
         <file path="/home/sepehr/masters/test_generation/model_generated_coverage/jsoup1f_automated_4/src/main/java/org/jsoup/nodes/Document.java" name="Document.java">
            <metrics coveredelements="49" coveredconditionals="11" complexity="19" loc="151" coveredmethods="7" methods="12" elements="67" classes="1" ncloc="80" statements="41" conditionals="14" coveredstatements="31"/>
            <class name="Document">
               <metrics coveredelements="49" coveredconditionals="11" complexity="19" coveredmethods="7" methods="12" elements="67" statements="41" conditionals="14" coveredstatements="31"/>
            </class>
            <line complexity="1" visibility="public" signature="Document(String)" num="21" count="33" type="method"/>
            <line num="22" count="33" type="stmt"/>
            <line complexity="1" visibility="public" signature="createShell(String) : Document" num="30" count="15" type="method"/>
            <line num="31" count="15" type="stmt"/>
            <line num="33" count="15" type="stmt"/>
            <line num="34" count="15" type="stmt"/>
            <line num="35" count="15" type="stmt"/>
            <line num="36" count="15" type="stmt"/>
            <line num="38" count="15" type="stmt"/>
            <line complexity="1" visibility="public" signature="head() : Element" num="45" count="62" type="method"/>
            <line num="46" count="62" type="stmt"/>
            <line complexity="1" visibility="public" signature="body() : Element" num="53" count="67" type="method"/>
            <line num="54" count="67" type="stmt"/>
            <line complexity="2" visibility="public" signature="title() : String" num="61" count="3" type="method"/>
            <line num="62" count="3" type="stmt"/>
            <line num="63" count="3" type="stmt"/>
            <line falsecount="0" truecount="3" num="63" type="cond"/>
            <line complexity="2" visibility="public" signature="title(String) : void" num="71" count="0" type="method"/>
            <line num="72" count="0" type="stmt"/>
            <line num="73" count="0" type="stmt"/>
            <line num="74" count="0" type="stmt"/>
            <line falsecount="0" truecount="0" num="74" type="cond"/>
            <line num="75" count="0" type="stmt"/>
            <line num="77" count="0" type="stmt"/>
            <line complexity="1" visibility="public" signature="createElement(String) : Element" num="86" count="0" type="method"/>
            <line num="87" count="0" type="stmt"/>
            <line complexity="4" visibility="public" signature="normalise() : Document" num="95" count="31" type="method"/>
            <line num="96" count="31" type="stmt"/>
            <line falsecount="30" truecount="1" num="96" type="cond"/>
            <line num="97" count="1" type="stmt"/>
            <line num="98" count="31" type="stmt"/>
            <line falsecount="30" truecount="1" num="98" type="cond"/>
            <line num="99" count="1" type="stmt"/>
            <line num="100" count="31" type="stmt"/>
            <line falsecount="30" truecount="1" num="100" type="cond"/>
            <line num="101" count="1" type="stmt"/>
            <line num="105" count="31" type="stmt"/>
            <line num="106" count="31" type="stmt"/>
            <line num="107" count="31" type="stmt"/>
            <line num="109" count="31" type="stmt"/>
            <line complexity="3" visibility="private" signature="normalise(Element) : void" num="113" count="93" type="method"/>
            <line num="114" count="93" type="stmt"/>
            <line num="115" count="93" type="stmt"/>
            <line num="116" count="170" type="stmt"/>
            <line falsecount="138" truecount="32" num="116" type="cond"/>
            <line num="117" count="32" type="stmt"/>
            <line num="118" count="32" type="stmt"/>
            <line falsecount="30" truecount="2" num="118" type="cond"/>
            <line num="119" count="2" type="stmt"/>
            <line num="123" count="93" type="stmt"/>
            <line num="124" count="2" type="stmt"/>
            <line num="125" count="2" type="stmt"/>
            <line num="126" count="2" type="stmt"/>
            <line complexity="1" visibility="public" signature="outerHtml() : String" num="130" count="0" type="method"/>
            <line num="132" count="0" type="stmt"/>
            <line complexity="1" visibility="public" signature="text(String) : Element" num="140" count="0" type="method"/>
            <line num="142" count="0" type="stmt"/>
            <line num="143" count="0" type="stmt"/>
            <line complexity="1" visibility="public" signature="nodeName() : String" num="146" count="0" type="method"/>
            <line num="148" count="0" type="stmt"/>
         </file>
         <file path="/home/sepehr/masters/test_generation/model_generated_coverage/jsoup1f_automated_4/src/main/java/org/jsoup/nodes/Attribute.java" name="Attribute.java">
            <metrics coveredelements="23" coveredconditionals="2" complexity="18" loc="107" coveredmethods="7" methods="10" elements="53" classes="1" ncloc="52" statements="27" conditionals="16" coveredstatements="14"/>
            <class name="Attribute">
               <metrics coveredelements="23" coveredconditionals="2" complexity="18" coveredmethods="7" methods="10" elements="53" statements="27" conditionals="16" coveredstatements="14"/>
            </class>
            <line complexity="1" visibility="public" signature="Attribute(String,String)" num="20" count="9044" type="method"/>
            <line num="21" count="9044" type="stmt"/>
            <line num="22" count="9044" type="stmt"/>
            <line num="23" count="9044" type="stmt"/>
            <line num="24" count="9044" type="stmt"/>
            <line complexity="1" visibility="public" signature="getKey() : String" num="31" count="9054" type="method"/>
            <line num="32" count="9054" type="stmt"/>
            <line complexity="1" visibility="public" signature="setKey(String) : void" num="39" count="0" type="method"/>
            <line num="40" count="0" type="stmt"/>
            <line num="41" count="0" type="stmt"/>
            <line complexity="1" visibility="public" signature="getValue() : String" num="48" count="2867" type="method"/>
            <line num="49" count="2867" type="stmt"/>
            <line complexity="1" visibility="public" signature="setValue(String) : void" num="56" count="4" type="method"/>
            <line num="57" count="4" type="stmt"/>
            <line num="58" count="4" type="stmt"/>
            <line complexity="1" visibility="public" signature="html() : String" num="65" count="7" type="method"/>
            <line num="66" count="7" type="stmt"/>
            <line complexity="1" visibility="public" signature="toString() : String" num="73" count="0" type="method"/>
            <line num="74" count="0" type="stmt"/>
            <line complexity="1" visibility="public" signature="createFromEncoded(String,String) : Attribute" num="83" count="3696" type="method"/>
            <line num="84" count="3696" type="stmt"/>
            <line num="85" count="3696" type="stmt"/>
            <line complexity="7" visibility="public" signature="equals(Object) : boolean" num="88" count="0" type="method"/>
            <line num="90" count="0" type="stmt"/>
            <line num="90" count="0" type="stmt"/>
            <line falsecount="0" truecount="0" num="90" type="cond"/>
            <line num="91" count="0" type="stmt"/>
            <line num="91" count="0" type="stmt"/>
            <line falsecount="0" truecount="0" num="91" type="cond"/>
            <line num="93" count="0" type="stmt"/>
            <line num="95" count="0" type="stmt"/>
            <line num="95" count="0" type="stmt"/>
            <line falsecount="0" truecount="0" num="95" type="cond"/>
            <line falsecount="0" truecount="0" num="95" type="cond"/>
            <line num="96" count="0" type="stmt"/>
            <line num="96" count="0" type="stmt"/>
            <line falsecount="0" truecount="0" num="96" type="cond"/>
            <line falsecount="0" truecount="0" num="96" type="cond"/>
            <line num="98" count="0" type="stmt"/>
            <line complexity="3" visibility="public" signature="hashCode() : int" num="101" count="34963" type="method"/>
            <line num="103" count="34963" type="stmt"/>
            <line falsecount="0" truecount="34963" num="103" type="cond"/>
            <line num="104" count="34963" type="stmt"/>
            <line falsecount="0" truecount="34963" num="104" type="cond"/>
            <line num="105" count="34963" type="stmt"/>
         </file>
         <file path="/home/sepehr/masters/test_generation/model_generated_coverage/jsoup1f_automated_4/src/main/java/org/jsoup/nodes/DataNode.java" name="DataNode.java">
            <metrics coveredelements="3" coveredconditionals="0" complexity="6" loc="52" coveredmethods="1" methods="6" elements="14" classes="1" ncloc="25" statements="8" conditionals="0" coveredstatements="2"/>
            <class name="DataNode">
               <metrics coveredelements="3" coveredconditionals="0" complexity="6" coveredmethods="1" methods="6" elements="14" statements="8" conditionals="0" coveredstatements="2"/>
            </class>
            <line complexity="1" visibility="public" signature="DataNode(String,String)" num="17" count="70" type="method"/>
            <line num="18" count="70" type="stmt"/>
            <line num="19" count="70" type="stmt"/>
            <line complexity="1" visibility="public" signature="nodeName() : String" num="22" count="0" type="method"/>
            <line num="23" count="0" type="stmt"/>
            <line complexity="1" visibility="public" signature="getWholeData() : String" num="30" count="0" type="method"/>
            <line num="31" count="0" type="stmt"/>
            <line complexity="1" visibility="package" signature="outerHtml(StringBuilder) : void" num="34" count="0" type="method"/>
            <line num="35" count="0" type="stmt"/>
            <line complexity="1" visibility="public" signature="toString() : String" num="38" count="0" type="method"/>
            <line num="39" count="0" type="stmt"/>
            <line complexity="1" visibility="public" signature="createFromEncoded(String,String) : DataNode" num="48" count="0" type="method"/>
            <line num="49" count="0" type="stmt"/>
            <line num="50" count="0" type="stmt"/>
         </file>
         <file path="/home/sepehr/masters/test_generation/model_generated_coverage/jsoup1f_automated_4/src/main/java/org/jsoup/nodes/XmlDeclaration.java" name="XmlDeclaration.java">
            <metrics coveredelements="4" coveredconditionals="0" complexity="6" loc="42" coveredmethods="1" methods="5" elements="14" classes="1" ncloc="22" statements="7" conditionals="2" coveredstatements="3"/>
            <class name="XmlDeclaration">
               <metrics coveredelements="4" coveredconditionals="0" complexity="6" coveredmethods="1" methods="5" elements="14" statements="7" conditionals="2" coveredstatements="3"/>
            </class>
            <line complexity="1" visibility="public" signature="XmlDeclaration(String,String,boolean)" num="17" count="3" type="method"/>
            <line num="18" count="3" type="stmt"/>
            <line num="19" count="3" type="stmt"/>
            <line num="20" count="3" type="stmt"/>
            <line complexity="1" visibility="public" signature="nodeName() : String" num="23" count="0" type="method"/>
            <line num="24" count="0" type="stmt"/>
            <line complexity="1" visibility="public" signature="getWholeDeclaration() : String" num="31" count="0" type="method"/>
            <line num="32" count="0" type="stmt"/>
            <line complexity="2" visibility="package" signature="outerHtml(StringBuilder) : void" num="35" count="0" type="method"/>
            <line num="36" count="0" type="stmt"/>
            <line falsecount="0" truecount="0" num="36" type="cond"/>
            <line complexity="1" visibility="public" signature="toString() : String" num="39" count="0" type="method"/>
            <line num="40" count="0" type="stmt"/>
         </file>
         <file path="/home/sepehr/masters/test_generation/model_generated_coverage/jsoup1f_automated_4/src/main/java/org/jsoup/nodes/Element.java" name="Element.java">
            <metrics coveredelements="231" coveredconditionals="40" complexity="108" loc="828" coveredmethods="43" methods="64" elements="365" classes="1" ncloc="389" statements="225" conditionals="76" coveredstatements="148"/>
            <class name="Element">
               <metrics coveredelements="231" coveredconditionals="40" complexity="108" coveredmethods="43" methods="64" elements="365" statements="225" conditionals="76" coveredstatements="148"/>
            </class>
            <line complexity="1" visibility="public" signature="Element(Tag,String,Attributes)" num="34" count="3519" type="method"/>
            <line num="35" count="3519" type="stmt"/>
            <line num="37" count="3519" type="stmt"/>
            <line num="38" count="3519" type="stmt"/>
            <line complexity="1" visibility="public" signature="Element(Tag,String)" num="49" count="122" type="method"/>
            <line num="50" count="122" type="stmt"/>
            <line complexity="1" visibility="public" signature="nodeName() : String" num="53" count="0" type="method"/>
            <line num="55" count="0" type="stmt"/>
            <line complexity="1" visibility="public" signature="tagName() : String" num="63" count="29971" type="method"/>
            <line num="64" count="29971" type="stmt"/>
            <line complexity="1" visibility="public" signature="tag() : Tag" num="72" count="38616" type="method"/>
            <line num="73" count="38616" type="stmt"/>
            <line complexity="1" visibility="public" signature="isBlock() : boolean" num="82" count="26" type="method"/>
            <line num="83" count="26" type="stmt"/>
            <line complexity="2" visibility="public" signature="id() : String" num="91" count="23" type="method"/>
            <line num="92" count="23" type="stmt"/>
            <line num="93" count="23" type="stmt"/>
            <line falsecount="23" truecount="0" num="93" type="cond"/>
            <line complexity="1" visibility="public" signature="attr(String,String) : Element" num="102" count="4" type="method"/>
            <line num="103" count="4" type="stmt"/>
            <line num="104" count="4" type="stmt"/>
            <line complexity="1" visibility="public" signature="parent() : Element" num="107" count="552" type="method"/>
            <line num="109" count="552" type="stmt"/>
            <line complexity="1" visibility="public" signature="child(int) : Element" num="122" count="2" type="method"/>
            <line num="123" count="2" type="stmt"/>
            <line complexity="2" visibility="public" signature="children() : Elements" num="134" count="33935" type="method"/>
            <line num="136" count="33935" type="stmt"/>
            <line num="137" count="33935" type="stmt"/>
            <line num="138" count="88577" type="stmt"/>
            <line falsecount="54875" truecount="33702" num="138" type="cond"/>
            <line num="139" count="33702" type="stmt"/>
            <line num="141" count="33935" type="stmt"/>
            <line complexity="1" visibility="public" signature="select(String) : Elements" num="161" count="82" type="method"/>
            <line num="162" count="82" type="stmt"/>
            <line complexity="1" visibility="public" signature="appendChild(Node) : Element" num="171" count="8831" type="method"/>
            <line num="172" count="8831" type="stmt"/>
            <line num="174" count="8831" type="stmt"/>
            <line num="175" count="8831" type="stmt"/>
            <line num="176" count="8831" type="stmt"/>
            <line complexity="1" visibility="public" signature="prependChild(Node) : Element" num="185" count="9" type="method"/>
            <line num="186" count="9" type="stmt"/>
            <line num="188" count="9" type="stmt"/>
            <line num="189" count="9" type="stmt"/>
            <line num="190" count="9" type="stmt"/>
            <line complexity="1" visibility="public" signature="appendElement(String) : Element" num="200" count="47" type="method"/>
            <line num="201" count="47" type="stmt"/>
            <line num="202" count="47" type="stmt"/>
            <line num="203" count="47" type="stmt"/>
            <line complexity="1" visibility="public" signature="prependElement(String) : Element" num="213" count="1" type="method"/>
            <line num="214" count="1" type="stmt"/>
            <line num="215" count="1" type="stmt"/>
            <line num="216" count="1" type="stmt"/>
            <line complexity="1" visibility="public" signature="appendText(String) : Element" num="225" count="0" type="method"/>
            <line num="226" count="0" type="stmt"/>
            <line num="227" count="0" type="stmt"/>
            <line num="228" count="0" type="stmt"/>
            <line complexity="1" visibility="public" signature="prependText(String) : Element" num="237" count="1" type="method"/>
            <line num="238" count="1" type="stmt"/>
            <line num="239" count="1" type="stmt"/>
            <line num="240" count="1" type="stmt"/>
            <line complexity="1" visibility="public" signature="append(String) : Element" num="249" count="7" type="method"/>
            <line num="250" count="7" type="stmt"/>
            <line num="252" count="7" type="stmt"/>
            <line num="254" count="7" type="stmt"/>
            <line num="255" count="8" type="stmt"/>
            <line num="256" count="8" type="stmt"/>
            <line num="258" count="7" type="stmt"/>
            <line complexity="2" visibility="public" signature="prepend(String) : Element" num="267" count="3" type="method"/>
            <line num="268" count="3" type="stmt"/>
            <line num="270" count="3" type="stmt"/>
            <line num="272" count="3" type="stmt"/>
            <line num="273" count="3" type="stmt"/>
            <line falsecount="3" truecount="3" num="273" type="cond"/>
            <line num="274" count="3" type="stmt"/>
            <line num="275" count="3" type="stmt"/>
            <line num="276" count="3" type="stmt"/>
            <line num="278" count="3" type="stmt"/>
            <line complexity="1" visibility="public" signature="empty() : Element" num="285" count="4" type="method"/>
            <line num="286" count="4" type="stmt"/>
            <line num="287" count="4" type="stmt"/>
            <line complexity="4" visibility="public" signature="wrap(String) : Element" num="295" count="1" type="method"/>
            <line num="296" count="1" type="stmt"/>
            <line num="298" count="1" type="stmt"/>
            <line num="299" count="1" type="stmt"/>
            <line num="300" count="1" type="stmt"/>
            <line num="301" count="1" type="stmt"/>
            <line falsecount="1" truecount="0" num="301" type="cond"/>
            <line num="302" count="0" type="stmt"/>
            <line num="304" count="1" type="stmt"/>
            <line num="305" count="1" type="stmt"/>
            <line num="306" count="1" type="stmt"/>
            <line num="309" count="1" type="stmt"/>
            <line falsecount="0" truecount="1" num="309" type="cond"/>
            <line num="310" count="1" type="stmt"/>
            <line falsecount="1" truecount="1" num="310" type="cond"/>
            <line num="311" count="1" type="stmt"/>
            <line num="312" count="1" type="stmt"/>
            <line num="313" count="1" type="stmt"/>
            <line num="316" count="1" type="stmt"/>
            <line complexity="2" visibility="private" signature="getDeepChild(Element) : Element" num="319" count="1" type="method"/>
            <line num="320" count="1" type="stmt"/>
            <line num="321" count="1" type="stmt"/>
            <line falsecount="1" truecount="0" num="321" type="cond"/>
            <line num="322" count="0" type="stmt"/>
            <line num="324" count="1" type="stmt"/>
            <line complexity="1" visibility="public" signature="siblingElements() : Elements" num="331" count="0" type="method"/>
            <line num="332" count="0" type="stmt"/>
            <line complexity="2" visibility="public" signature="nextElementSibling() : Element" num="343" count="0" type="method"/>
            <line num="344" count="0" type="stmt"/>
            <line num="345" count="0" type="stmt"/>
            <line num="346" count="0" type="stmt"/>
            <line num="347" count="0" type="stmt"/>
            <line falsecount="0" truecount="0" num="347" type="cond"/>
            <line num="348" count="0" type="stmt"/>
            <line num="350" count="0" type="stmt"/>
            <line complexity="2" visibility="public" signature="previousElementSibling() : Element" num="358" count="6" type="method"/>
            <line num="359" count="6" type="stmt"/>
            <line num="360" count="6" type="stmt"/>
            <line num="361" count="6" type="stmt"/>
            <line num="362" count="6" type="stmt"/>
            <line falsecount="3" truecount="3" num="362" type="cond"/>
            <line num="363" count="3" type="stmt"/>
            <line num="365" count="3" type="stmt"/>
            <line complexity="2" visibility="public" signature="firstElementSibling() : Element" num="372" count="0" type="method"/>
            <line num="374" count="0" type="stmt"/>
            <line num="375" count="0" type="stmt"/>
            <line falsecount="0" truecount="0" num="375" type="cond"/>
            <line complexity="2" visibility="public" signature="elementSiblingIndex() : Integer" num="383" count="3" type="method"/>
            <line num="384" count="3" type="stmt"/>
            <line num="384" count="0" type="stmt"/>
            <line falsecount="3" truecount="0" num="384" type="cond"/>
            <line num="385" count="3" type="stmt"/>
            <line complexity="2" visibility="public" signature="lastElementSibling() : Element" num="392" count="0" type="method"/>
            <line num="393" count="0" type="stmt"/>
            <line num="394" count="0" type="stmt"/>
            <line falsecount="0" truecount="0" num="394" type="cond"/>
            <line complexity="1" visibility="public" signature="getElementsByTag(String) : Elements" num="404" count="229" type="method"/>
            <line num="405" count="229" type="stmt"/>
            <line num="406" count="229" type="stmt"/>
            <line num="408" count="229" type="stmt"/>
            <line complexity="2" visibility="public" signature="getElementById(String) : Element" num="420" count="4" type="method"/>
            <line num="421" count="4" type="stmt"/>
            <line num="423" count="4" type="stmt"/>
            <line num="424" count="4" type="stmt"/>
            <line falsecount="0" truecount="4" num="424" type="cond"/>
            <line num="425" count="4" type="stmt"/>
            <line num="427" count="0" type="stmt"/>
            <line complexity="1" visibility="public" signature="getElementsByClass(String) : Elements" num="441" count="7" type="method"/>
            <line num="442" count="7" type="stmt"/>
            <line num="444" count="7" type="stmt"/>
            <line complexity="1" visibility="public" signature="getElementsByAttribute(String) : Elements" num="453" count="2" type="method"/>
            <line num="454" count="2" type="stmt"/>
            <line num="455" count="2" type="stmt"/>
            <line num="457" count="2" type="stmt"/>
            <line complexity="1" visibility="public" signature="getElementsByAttributeValue(String,String) : Elements" num="467" count="4" type="method"/>
            <line num="468" count="4" type="stmt"/>
            <line complexity="1" visibility="public" signature="getElementsByAttributeValueNot(String,String) : Elements" num="478" count="0" type="method"/>
            <line num="479" count="0" type="stmt"/>
            <line complexity="1" visibility="public" signature="getElementsByAttributeValueStarting(String,String) : Elements" num="489" count="0" type="method"/>
            <line num="490" count="0" type="stmt"/>
            <line complexity="1" visibility="public" signature="getElementsByAttributeValueEnding(String,String) : Elements" num="500" count="0" type="method"/>
            <line num="501" count="0" type="stmt"/>
            <line complexity="1" visibility="public" signature="getElementsByAttributeValueContaining(String,String) : Elements" num="511" count="1" type="method"/>
            <line num="512" count="1" type="stmt"/>
            <line complexity="1" visibility="public" signature="getElementsByIndexLessThan(int) : Elements" num="520" count="0" type="method"/>
            <line num="521" count="0" type="stmt"/>
            <line complexity="1" visibility="public" signature="getElementsByIndexGreaterThan(int) : Elements" num="529" count="1" type="method"/>
            <line num="530" count="1" type="stmt"/>
            <line complexity="1" visibility="public" signature="getElementsByIndexEquals(int) : Elements" num="538" count="0" type="method"/>
            <line num="539" count="0" type="stmt"/>
            <line complexity="1" visibility="public" signature="getAllElements() : Elements" num="547" count="0" type="method"/>
            <line num="548" count="0" type="stmt"/>
            <line complexity="1" visibility="public" signature="text() : String" num="556" count="11" type="method"/>
            <line num="557" count="11" type="stmt"/>
            <line num="558" count="11" type="stmt"/>
            <line num="559" count="11" type="stmt"/>
            <line complexity="8" visibility="private" signature="text(StringBuilder) : void" num="562" count="19" type="method"/>
            <line num="563" count="19" type="stmt"/>
            <line num="564" count="28" type="stmt"/>
            <line falsecount="9" truecount="19" num="564" type="cond"/>
            <line num="565" count="19" type="stmt"/>
            <line num="566" count="19" type="stmt"/>
            <line num="568" count="19" type="stmt"/>
            <line falsecount="5" truecount="14" num="568" type="cond"/>
            <line num="569" count="14" type="stmt"/>
            <line num="570" count="14" type="stmt"/>
            <line falsecount="9" truecount="5" num="570" type="cond"/>
            <line num="571" count="5" type="stmt"/>
            <line num="573" count="19" type="stmt"/>
            <line num="575" count="9" type="stmt"/>
            <line falsecount="1" truecount="8" num="575" type="cond"/>
            <line num="576" count="8" type="stmt"/>
            <line num="577" count="8" type="stmt"/>
            <line falsecount="8" truecount="0" num="577" type="cond"/>
            <line num="578" count="0" type="stmt"/>
            <line num="579" count="8" type="stmt"/>
            <line complexity="1" visibility="package" signature="preserveWhitespace() : boolean" num="584" count="201" type="method"/>
            <line num="585" count="201" type="stmt"/>
            <line complexity="1" visibility="public" signature="text(String) : Element" num="593" count="0" type="method"/>
            <line num="594" count="0" type="stmt"/>
            <line num="596" count="0" type="stmt"/>
            <line num="597" count="0" type="stmt"/>
            <line num="598" count="0" type="stmt"/>
            <line num="600" count="0" type="stmt"/>
            <line complexity="5" visibility="public" signature="hasText() : boolean" num="607" count="0" type="method"/>
            <line num="608" count="0" type="stmt"/>
            <line num="609" count="0" type="stmt"/>
            <line falsecount="0" truecount="0" num="609" type="cond"/>
            <line num="610" count="0" type="stmt"/>
            <line num="611" count="0" type="stmt"/>
            <line falsecount="0" truecount="0" num="611" type="cond"/>
            <line num="612" count="0" type="stmt"/>
            <line num="613" count="0" type="stmt"/>
            <line falsecount="0" truecount="0" num="613" type="cond"/>
            <line num="614" count="0" type="stmt"/>
            <line num="615" count="0" type="stmt"/>
            <line falsecount="0" truecount="0" num="615" type="cond"/>
            <line num="616" count="0" type="stmt"/>
            <line num="619" count="0" type="stmt"/>
            <line complexity="3" visibility="public" signature="data() : String" num="626" count="3" type="method"/>
            <line num="627" count="3" type="stmt"/>
            <line num="629" count="3" type="stmt"/>
            <line num="630" count="3" type="stmt"/>
            <line falsecount="3" truecount="0" num="630" type="cond"/>
            <line num="631" count="0" type="stmt"/>
            <line num="632" count="0" type="stmt"/>
            <line num="633" count="3" type="stmt"/>
            <line falsecount="1" truecount="2" num="633" type="cond"/>
            <line num="634" count="2" type="stmt"/>
            <line num="635" count="2" type="stmt"/>
            <line num="636" count="2" type="stmt"/>
            <line num="639" count="3" type="stmt"/>
            <line complexity="2" visibility="public" signature="className() : String" num="647" count="2539" type="method"/>
            <line num="648" count="2539" type="stmt"/>
            <line falsecount="1190" truecount="1349" num="648" type="cond"/>
            <line complexity="2" visibility="public" signature="classNames() : Set&lt;String&gt;" num="657" count="2553" type="method"/>
            <line num="658" count="2553" type="stmt"/>
            <line falsecount="14" truecount="2539" num="658" type="cond"/>
            <line num="659" count="2539" type="stmt"/>
            <line num="660" count="2539" type="stmt"/>
            <line num="662" count="2553" type="stmt"/>
            <line complexity="1" visibility="public" signature="classNames(Set&lt;String&gt;) : Element" num="670" count="0" type="method"/>
            <line num="671" count="0" type="stmt"/>
            <line num="672" count="0" type="stmt"/>
            <line num="673" count="0" type="stmt"/>
            <line complexity="1" visibility="public" signature="hasClass(String) : boolean" num="681" count="2553" type="method"/>
            <line num="682" count="2553" type="stmt"/>
            <line complexity="1" visibility="public" signature="addClass(String) : Element" num="690" count="0" type="method"/>
            <line num="691" count="0" type="stmt"/>
            <line num="693" count="0" type="stmt"/>
            <line num="694" count="0" type="stmt"/>
            <line num="695" count="0" type="stmt"/>
            <line num="697" count="0" type="stmt"/>
            <line complexity="1" visibility="public" signature="removeClass(String) : Element" num="705" count="0" type="method"/>
            <line num="706" count="0" type="stmt"/>
            <line num="708" count="0" type="stmt"/>
            <line num="709" count="0" type="stmt"/>
            <line num="710" count="0" type="stmt"/>
            <line num="712" count="0" type="stmt"/>
            <line complexity="2" visibility="public" signature="toggleClass(String) : Element" num="720" count="0" type="method"/>
            <line num="721" count="0" type="stmt"/>
            <line num="723" count="0" type="stmt"/>
            <line num="724" count="0" type="stmt"/>
            <line falsecount="0" truecount="0" num="724" type="cond"/>
            <line num="725" count="0" type="stmt"/>
            <line num="727" count="0" type="stmt"/>
            <line num="728" count="0" type="stmt"/>
            <line num="730" count="0" type="stmt"/>
            <line complexity="2" visibility="public" signature="val() : String" num="737" count="0" type="method"/>
            <line num="738" count="0" type="stmt"/>
            <line falsecount="0" truecount="0" num="738" type="cond"/>
            <line num="739" count="0" type="stmt"/>
            <line num="741" count="0" type="stmt"/>
            <line complexity="2" visibility="public" signature="val(String) : Element" num="749" count="0" type="method"/>
            <line num="750" count="0" type="stmt"/>
            <line falsecount="0" truecount="0" num="750" type="cond"/>
            <line num="751" count="0" type="stmt"/>
            <line num="753" count="0" type="stmt"/>
            <line num="754" count="0" type="stmt"/>
            <line complexity="8" visibility="package" signature="outerHtml(StringBuilder) : void" num="757" count="24" type="method"/>
            <line num="758" count="24" type="stmt"/>
            <line falsecount="7" truecount="17" num="758" type="cond"/>
            <line num="759" count="17" type="stmt"/>
            <line num="760" count="24" type="stmt"/>
            <line num="765" count="24" type="stmt"/>
            <line falsecount="24" truecount="0" num="765" type="cond"/>
            <line num="766" count="0" type="stmt"/>
            <line num="768" count="24" type="stmt"/>
            <line num="769" count="24" type="stmt"/>
            <line num="770" count="24" type="stmt"/>
            <line num="770" count="6" type="stmt"/>
            <line falsecount="18" truecount="6" num="770" type="cond"/>
            <line num="771" count="24" type="stmt"/>
            <line complexity="1" visibility="public" signature="html() : String" num="782" count="5" type="method"/>
            <line num="783" count="5" type="stmt"/>
            <line num="784" count="5" type="stmt"/>
            <line num="785" count="5" type="stmt"/>
            <line complexity="1" visibility="private" signature="html(StringBuilder) : void" num="788" count="29" type="method"/>
            <line num="789" count="29" type="stmt"/>
            <line num="790" count="40" type="stmt"/>
            <line complexity="1" visibility="public" signature="html(String) : Element" num="799" count="4" type="method"/>
            <line num="800" count="4" type="stmt"/>
            <line num="801" count="4" type="stmt"/>
            <line num="802" count="4" type="stmt"/>
            <line complexity="1" visibility="public" signature="toString() : String" num="805" count="0" type="method"/>
            <line num="806" count="0" type="stmt"/>
            <line complexity="6" visibility="public" signature="equals(Object) : boolean" num="809" count="6139" type="method"/>
            <line num="811" count="6139" type="stmt"/>
            <line num="811" count="93" type="stmt"/>
            <line falsecount="6046" truecount="93" num="811" type="cond"/>
            <line num="812" count="6046" type="stmt"/>
            <line num="812" count="0" type="stmt"/>
            <line falsecount="6046" truecount="0" num="812" type="cond"/>
            <line num="813" count="6046" type="stmt"/>
            <line num="813" count="6046" type="stmt"/>
            <line falsecount="0" truecount="6046" num="813" type="cond"/>
            <line num="815" count="0" type="stmt"/>
            <line num="817" count="0" type="stmt"/>
            <line num="817" count="0" type="stmt"/>
            <line falsecount="0" truecount="0" num="817" type="cond"/>
            <line falsecount="0" truecount="0" num="817" type="cond"/>
            <line num="819" count="0" type="stmt"/>
            <line complexity="2" visibility="public" signature="hashCode() : int" num="822" count="33498" type="method"/>
            <line num="824" count="33498" type="stmt"/>
            <line num="825" count="33498" type="stmt"/>
            <line falsecount="0" truecount="33498" num="825" type="cond"/>
            <line num="826" count="33498" type="stmt"/>
         </file>
         <file path="/home/sepehr/masters/test_generation/model_generated_coverage/jsoup1f_automated_4/src/main/java/org/jsoup/nodes/Attributes.java" name="Attributes.java">
            <metrics coveredelements="34" coveredconditionals="2" complexity="19" loc="138" coveredmethods="10" methods="13" elements="57" classes="1" ncloc="65" statements="32" conditionals="12" coveredstatements="22"/>
            <class name="Attributes">
               <metrics coveredelements="34" coveredconditionals="2" complexity="19" coveredmethods="10" methods="13" elements="57" statements="32" conditionals="12" coveredstatements="22"/>
            </class>
            <line complexity="2" visibility="public" signature="get(String) : String" num="27" count="2867" type="method"/>
            <line num="28" count="2867" type="stmt"/>
            <line num="30" count="2867" type="stmt"/>
            <line num="31" count="2867" type="stmt"/>
            <line falsecount="0" truecount="2867" num="31" type="cond"/>
            <line complexity="1" visibility="public" signature="put(String,String) : void" num="39" count="5348" type="method"/>
            <line num="40" count="5348" type="stmt"/>
            <line num="41" count="5348" type="stmt"/>
            <line complexity="1" visibility="public" signature="put(Attribute) : void" num="48" count="9046" type="method"/>
            <line num="49" count="9046" type="stmt"/>
            <line num="50" count="9046" type="stmt"/>
            <line complexity="1" visibility="public" signature="remove(String) : void" num="57" count="2" type="method"/>
            <line num="58" count="2" type="stmt"/>
            <line num="59" count="2" type="stmt"/>
            <line complexity="1" visibility="public" signature="hasKey(String) : boolean" num="67" count="7427" type="method"/>
            <line num="68" count="7427" type="stmt"/>
            <line complexity="1" visibility="public" signature="size() : int" num="75" count="0" type="method"/>
            <line num="76" count="0" type="stmt"/>
            <line complexity="1" visibility="public" signature="addAll(Attributes) : void" num="83" count="8" type="method"/>
            <line num="84" count="8" type="stmt"/>
            <line complexity="1" visibility="public" signature="iterator() : Iterator&lt;Attribute&gt;" num="87" count="32" type="method"/>
            <line num="88" count="32" type="stmt"/>
            <line complexity="1" visibility="public" signature="asList() : List&lt;Attribute&gt;" num="96" count="32" type="method"/>
            <line num="97" count="32" type="stmt"/>
            <line num="98" count="32" type="stmt"/>
            <line num="99" count="11" type="stmt"/>
            <line num="101" count="32" type="stmt"/>
            <line complexity="1" visibility="public" signature="html() : String" num="108" count="24" type="method"/>
            <line num="109" count="24" type="stmt"/>
            <line num="110" count="24" type="stmt"/>
            <line num="111" count="7" type="stmt"/>
            <line num="112" count="7" type="stmt"/>
            <line num="114" count="24" type="stmt"/>
            <line complexity="1" visibility="public" signature="toString() : String" num="117" count="0" type="method"/>
            <line num="118" count="0" type="stmt"/>
            <line complexity="5" visibility="public" signature="equals(Object) : boolean" num="121" count="0" type="method"/>
            <line num="123" count="0" type="stmt"/>
            <line num="123" count="0" type="stmt"/>
            <line falsecount="0" truecount="0" num="123" type="cond"/>
            <line num="124" count="0" type="stmt"/>
            <line num="124" count="0" type="stmt"/>
            <line falsecount="0" truecount="0" num="124" type="cond"/>
            <line num="126" count="0" type="stmt"/>
            <line num="128" count="0" type="stmt"/>
            <line num="128" count="0" type="stmt"/>
            <line falsecount="0" truecount="0" num="128" type="cond"/>
            <line falsecount="0" truecount="0" num="128" type="cond"/>
            <line num="130" count="0" type="stmt"/>
            <line complexity="2" visibility="public" signature="hashCode() : int" num="133" count="33498" type="method"/>
            <line num="135" count="33498" type="stmt"/>
            <line falsecount="0" truecount="33498" num="135" type="cond"/>
         </file>
         <file path="/home/sepehr/masters/test_generation/model_generated_coverage/jsoup1f_automated_4/src/main/java/org/jsoup/nodes/Evaluator.java" name="Evaluator.java">
            <metrics coveredelements="36" coveredconditionals="0" complexity="28" loc="172" coveredmethods="17" methods="28" elements="58" classes="16" ncloc="127" statements="30" conditionals="0" coveredstatements="19"/>
            <class name="Evaluator">
               <metrics coveredelements="1" coveredconditionals="0" complexity="1" coveredmethods="1" methods="1" elements="1" statements="0" conditionals="0" coveredstatements="0"/>
            </class>
            <class name="Evaluator.Tag">
               <metrics coveredelements="4" coveredconditionals="0" complexity="2" coveredmethods="2" methods="2" elements="4" statements="2" conditionals="0" coveredstatements="2"/>
            </class>
            <class name="Evaluator.Id">
               <metrics coveredelements="4" coveredconditionals="0" complexity="2" coveredmethods="2" methods="2" elements="4" statements="2" conditionals="0" coveredstatements="2"/>
            </class>
            <class name="Evaluator.Class">
               <metrics coveredelements="4" coveredconditionals="0" complexity="2" coveredmethods="2" methods="2" elements="4" statements="2" conditionals="0" coveredstatements="2"/>
            </class>
            <class name="Evaluator.Attribute">
               <metrics coveredelements="4" coveredconditionals="0" complexity="2" coveredmethods="2" methods="2" elements="4" statements="2" conditionals="0" coveredstatements="2"/>
            </class>
            <class name="Evaluator.AttributeWithValue">
               <metrics coveredelements="4" coveredconditionals="0" complexity="2" coveredmethods="2" methods="2" elements="4" statements="2" conditionals="0" coveredstatements="2"/>
            </class>
            <class name="Evaluator.AttributeWithValueNot">
               <metrics coveredelements="0" coveredconditionals="0" complexity="2" coveredmethods="0" methods="2" elements="4" statements="2" conditionals="0" coveredstatements="0"/>
            </class>
            <class name="Evaluator.AttributeWithValueStarting">
               <metrics coveredelements="0" coveredconditionals="0" complexity="2" coveredmethods="0" methods="2" elements="4" statements="2" conditionals="0" coveredstatements="0"/>
            </class>
            <class name="Evaluator.AttributeWithValueEnding">
               <metrics coveredelements="0" coveredconditionals="0" complexity="2" coveredmethods="0" methods="2" elements="4" statements="2" conditionals="0" coveredstatements="0"/>
            </class>
            <class name="Evaluator.AttributeWithValueContaining">
               <metrics coveredelements="4" coveredconditionals="0" complexity="2" coveredmethods="2" methods="2" elements="4" statements="2" conditionals="0" coveredstatements="2"/>
            </class>
            <class name="Evaluator.AttributeKeyPair">
               <metrics coveredelements="5" coveredconditionals="0" complexity="1" coveredmethods="1" methods="1" elements="5" statements="4" conditionals="0" coveredstatements="4"/>
            </class>
            <class name="Evaluator.AllElements">
               <metrics coveredelements="0" coveredconditionals="0" complexity="1" coveredmethods="0" methods="1" elements="2" statements="1" conditionals="0" coveredstatements="0"/>
            </class>
            <class name="Evaluator.IndexLessThan">
               <metrics coveredelements="0" coveredconditionals="0" complexity="2" coveredmethods="0" methods="2" elements="4" statements="2" conditionals="0" coveredstatements="0"/>
            </class>
            <class name="Evaluator.IndexGreaterThan">
               <metrics coveredelements="4" coveredconditionals="0" complexity="2" coveredmethods="2" methods="2" elements="4" statements="2" conditionals="0" coveredstatements="2"/>
            </class>
            <class name="Evaluator.IndexEquals">
               <metrics coveredelements="0" coveredconditionals="0" complexity="2" coveredmethods="0" methods="2" elements="4" statements="2" conditionals="0" coveredstatements="0"/>
            </class>
            <class name="Evaluator.IndexEvaluator">
               <metrics coveredelements="2" coveredconditionals="0" complexity="1" coveredmethods="1" methods="1" elements="2" statements="1" conditionals="0" coveredstatements="1"/>
            </class>
            <line complexity="1" visibility="private" signature="Evaluator()" num="12" count="248" type="method"/>
            <line complexity="1" visibility="package" signature="Tag(String)" num="21" count="229" type="method"/>
            <line num="22" count="229" type="stmt"/>
            <line complexity="1" visibility="public" signature="matches(Element) : boolean" num="25" count="26510" type="method"/>
            <line num="26" count="26510" type="stmt"/>
            <line complexity="1" visibility="package" signature="Id(String)" num="32" count="4" type="method"/>
            <line num="33" count="4" type="stmt"/>
            <line complexity="1" visibility="public" signature="matches(Element) : boolean" num="36" count="23" type="method"/>
            <line num="37" count="23" type="stmt"/>
            <line complexity="1" visibility="package" signature="Class(String)" num="43" count="7" type="method"/>
            <line num="44" count="7" type="stmt"/>
            <line complexity="1" visibility="public" signature="matches(Element) : boolean" num="47" count="2553" type="method"/>
            <line num="48" count="2553" type="stmt"/>
            <line complexity="1" visibility="package" signature="Attribute(String)" num="55" count="2" type="method"/>
            <line num="56" count="2" type="stmt"/>
            <line complexity="1" visibility="public" signature="matches(Element) : boolean" num="59" count="16" type="method"/>
            <line num="60" count="16" type="stmt"/>
            <line complexity="1" visibility="package" signature="AttributeWithValue(String,String)" num="65" count="4" type="method"/>
            <line num="66" count="4" type="stmt"/>
            <line complexity="1" visibility="public" signature="matches(Element) : boolean" num="69" count="2818" type="method"/>
            <line num="70" count="2818" type="stmt"/>
            <line complexity="1" visibility="package" signature="AttributeWithValueNot(String,String)" num="75" count="0" type="method"/>
            <line num="76" count="0" type="stmt"/>
            <line complexity="1" visibility="public" signature="matches(Element) : boolean" num="79" count="0" type="method"/>
            <line num="80" count="0" type="stmt"/>
            <line complexity="1" visibility="package" signature="AttributeWithValueStarting(String,String)" num="85" count="0" type="method"/>
            <line num="86" count="0" type="stmt"/>
            <line complexity="1" visibility="public" signature="matches(Element) : boolean" num="89" count="0" type="method"/>
            <line num="90" count="0" type="stmt"/>
            <line complexity="1" visibility="package" signature="AttributeWithValueEnding(String,String)" num="95" count="0" type="method"/>
            <line num="96" count="0" type="stmt"/>
            <line complexity="1" visibility="public" signature="matches(Element) : boolean" num="99" count="0" type="method"/>
            <line num="100" count="0" type="stmt"/>
            <line complexity="1" visibility="package" signature="AttributeWithValueContaining(String,String)" num="105" count="1" type="method"/>
            <line num="106" count="1" type="stmt"/>
            <line complexity="1" visibility="public" signature="matches(Element) : boolean" num="109" count="1999" type="method"/>
            <line num="110" count="1999" type="stmt"/>
            <line complexity="1" visibility="package" signature="AttributeKeyPair(String,String)" num="118" count="5" type="method"/>
            <line num="119" count="5" type="stmt"/>
            <line num="120" count="5" type="stmt"/>
            <line num="122" count="5" type="stmt"/>
            <line num="123" count="5" type="stmt"/>
            <line complexity="1" visibility="public" signature="matches(Element) : boolean" num="128" count="0" type="method"/>
            <line num="129" count="0" type="stmt"/>
            <line complexity="1" visibility="package" signature="IndexLessThan(int)" num="134" count="0" type="method"/>
            <line num="135" count="0" type="stmt"/>
            <line complexity="1" visibility="public" signature="matches(Element) : boolean" num="138" count="0" type="method"/>
            <line num="139" count="0" type="stmt"/>
            <line complexity="1" visibility="package" signature="IndexGreaterThan(int)" num="144" count="1" type="method"/>
            <line num="145" count="1" type="stmt"/>
            <line complexity="1" visibility="public" signature="matches(Element) : boolean" num="148" count="3" type="method"/>
            <line num="149" count="3" type="stmt"/>
            <line complexity="1" visibility="package" signature="IndexEquals(int)" num="154" count="0" type="method"/>
            <line num="155" count="0" type="stmt"/>
            <line complexity="1" visibility="public" signature="matches(Element) : boolean" num="158" count="0" type="method"/>
            <line num="159" count="0" type="stmt"/>
            <line complexity="1" visibility="package" signature="IndexEvaluator(int)" num="166" count="1" type="method"/>
            <line num="167" count="1" type="stmt"/>
         </file>
         <file path="/home/sepehr/masters/test_generation/model_generated_coverage/jsoup1f_automated_4/src/main/java/org/jsoup/nodes/TextNode.java" name="TextNode.java">
            <metrics coveredelements="33" coveredconditionals="5" complexity="19" loc="106" coveredmethods="8" methods="12" elements="43" classes="1" ncloc="57" statements="25" conditionals="6" coveredstatements="20"/>
            <class name="TextNode">
               <metrics coveredelements="33" coveredconditionals="5" complexity="19" coveredmethods="8" methods="12" elements="43" statements="25" conditionals="6" coveredstatements="20"/>
            </class>
            <line complexity="1" visibility="public" signature="TextNode(String,String)" num="21" count="4547" type="method"/>
            <line num="22" count="4547" type="stmt"/>
            <line num="23" count="4547" type="stmt"/>
            <line complexity="1" visibility="public" signature="nodeName() : String" num="26" count="0" type="method"/>
            <line num="27" count="0" type="stmt"/>
            <line complexity="1" visibility="public" signature="text() : String" num="35" count="0" type="method"/>
            <line num="36" count="0" type="stmt"/>
            <line complexity="1" visibility="public" signature="text(String) : TextNode" num="44" count="0" type="method"/>
            <line num="45" count="0" type="stmt"/>
            <line num="46" count="0" type="stmt"/>
            <line complexity="1" visibility="public" signature="getWholeText() : String" num="53" count="100" type="method"/>
            <line num="54" count="100" type="stmt"/>
            <line complexity="1" visibility="public" signature="isBlank() : boolean" num="61" count="52" type="method"/>
            <line num="62" count="52" type="stmt"/>
            <line complexity="7" visibility="package" signature="outerHtml(StringBuilder) : void" num="65" count="20" type="method"/>
            <line num="66" count="20" type="stmt"/>
            <line num="67" count="20" type="stmt"/>
            <line falsecount="0" truecount="20" num="67" type="cond"/>
            <line num="68" count="20" type="stmt"/>
            <line num="71" count="20" type="stmt"/>
            <line falsecount="17" truecount="3" num="71" type="cond"/>
            <line num="72" count="3" type="stmt"/>
            <line num="73" count="20" type="stmt"/>
            <line complexity="1" visibility="public" signature="toString() : String" num="76" count="0" type="method"/>
            <line num="77" count="0" type="stmt"/>
            <line complexity="1" visibility="public" signature="createFromEncoded(String,String) : TextNode" num="85" count="4536" type="method"/>
            <line num="86" count="4536" type="stmt"/>
            <line num="87" count="4536" type="stmt"/>
            <line complexity="1" visibility="package" signature="normaliseWhitespace(String) : String" num="90" count="86" type="method"/>
            <line num="91" count="86" type="stmt"/>
            <line num="92" count="86" type="stmt"/>
            <line complexity="1" visibility="package" signature="stripLeadingWhitespace(String) : String" num="95" count="5" type="method"/>
            <line num="96" count="5" type="stmt"/>
            <line complexity="2" visibility="package" signature="lastCharIsWhitespace(StringBuilder) : boolean" num="99" count="14" type="method"/>
            <line num="100" count="14" type="stmt"/>
            <line falsecount="6" truecount="8" num="100" type="cond"/>
            <line num="101" count="8" type="stmt"/>
            <line num="102" count="6" type="stmt"/>
            <line num="103" count="6" type="stmt"/>
            <line num="104" count="6" type="stmt"/>
         </file>
         <file path="/home/sepehr/masters/test_generation/model_generated_coverage/jsoup1f_automated_4/src/main/java/org/jsoup/nodes/Node.java" name="Node.java">
            <metrics coveredelements="118" coveredconditionals="18" complexity="46" loc="348" coveredmethods="24" methods="30" elements="157" classes="1" ncloc="187" statements="99" conditionals="28" coveredstatements="76"/>
            <class name="Node">
               <metrics coveredelements="118" coveredconditionals="18" complexity="46" coveredmethods="24" methods="30" elements="157" statements="99" conditionals="28" coveredstatements="76"/>
            </class>
            <line complexity="1" visibility="protected" signature="Node(String,Attributes)" num="28" count="8859" type="method"/>
            <line num="29" count="8859" type="stmt"/>
            <line num="30" count="8859" type="stmt"/>
            <line num="32" count="8859" type="stmt"/>
            <line num="33" count="8859" type="stmt"/>
            <line num="34" count="8859" type="stmt"/>
            <line complexity="1" visibility="protected" signature="Node(String)" num="37" count="5340" type="method"/>
            <line num="38" count="5340" type="stmt"/>
            <line complexity="3" visibility="public" signature="attr(String) : String" num="59" count="4860" type="method"/>
            <line num="60" count="4860" type="stmt"/>
            <line num="62" count="4860" type="stmt"/>
            <line falsecount="3443" truecount="1417" num="62" type="cond"/>
            <line num="63" count="1417" type="stmt"/>
            <line num="64" count="3443" type="stmt"/>
            <line falsecount="3440" truecount="3" num="64" type="cond"/>
            <line num="65" count="3" type="stmt"/>
            <line num="66" count="3440" type="stmt"/>
            <line complexity="1" visibility="public" signature="attributes() : Attributes" num="73" count="8" type="method"/>
            <line num="74" count="8" type="stmt"/>
            <line complexity="1" visibility="public" signature="attr(String,String) : Node" num="83" count="4" type="method"/>
            <line num="84" count="4" type="stmt"/>
            <line num="85" count="4" type="stmt"/>
            <line complexity="1" visibility="public" signature="hasAttr(String) : boolean" num="93" count="4888" type="method"/>
            <line num="94" count="4888" type="stmt"/>
            <line num="95" count="4888" type="stmt"/>
            <line complexity="1" visibility="public" signature="removeAttr(String) : Node" num="103" count="2" type="method"/>
            <line num="104" count="2" type="stmt"/>
            <line num="105" count="2" type="stmt"/>
            <line num="106" count="2" type="stmt"/>
            <line complexity="1" visibility="public" signature="baseUri() : String" num="113" count="67" type="method"/>
            <line num="114" count="67" type="stmt"/>
            <line complexity="1" visibility="public" signature="setBaseUri(String) : void" num="121" count="1" type="method"/>
            <line num="122" count="1" type="stmt"/>
            <line num="123" count="1" type="stmt"/>
            <line complexity="4" visibility="public" signature="absUrl(String) : String" num="143" count="8" type="method"/>
            <line num="144" count="8" type="stmt"/>
            <line num="146" count="8" type="stmt"/>
            <line num="147" count="8" type="stmt"/>
            <line falsecount="8" truecount="0" num="147" type="cond"/>
            <line num="148" count="0" type="stmt"/>
            <line num="150" count="8" type="stmt"/>
            <line num="151" count="8" type="stmt"/>
            <line num="152" count="8" type="stmt"/>
            <line num="153" count="8" type="stmt"/>
            <line num="156" count="4" type="stmt"/>
            <line num="157" count="2" type="stmt"/>
            <line num="159" count="4" type="stmt"/>
            <line num="160" count="4" type="stmt"/>
            <line num="162" count="2" type="stmt"/>
            <line complexity="1" visibility="public" signature="childNode(int) : Node" num="172" count="2" type="method"/>
            <line num="173" count="2" type="stmt"/>
            <line complexity="1" visibility="public" signature="childNodes() : List&lt;Node&gt;" num="181" count="22" type="method"/>
            <line num="182" count="22" type="stmt"/>
            <line complexity="1" visibility="public" signature="parent() : Node" num="189" count="595" type="method"/>
            <line num="190" count="595" type="stmt"/>
            <line complexity="1" visibility="public" signature="remove() : void" num="196" count="0" type="method"/>
            <line num="197" count="0" type="stmt"/>
            <line num="198" count="0" type="stmt"/>
            <line complexity="1" visibility="public" signature="replaceWith(Node) : void" num="205" count="0" type="method"/>
            <line num="206" count="0" type="stmt"/>
            <line num="207" count="0" type="stmt"/>
            <line num="208" count="0" type="stmt"/>
            <line complexity="2" visibility="protected" signature="setParentNode(Node) : void" num="211" count="8840" type="method"/>
            <line num="212" count="8840" type="stmt"/>
            <line falsecount="8840" truecount="0" num="212" type="cond"/>
            <line num="213" count="0" type="stmt"/>
            <line num="214" count="8840" type="stmt"/>
            <line complexity="2" visibility="protected" signature="replaceChild(Node,Node) : void" num="217" count="1" type="method"/>
            <line num="218" count="1" type="stmt"/>
            <line num="219" count="1" type="stmt"/>
            <line num="220" count="1" type="stmt"/>
            <line falsecount="0" truecount="1" num="220" type="cond"/>
            <line num="221" count="1" type="stmt"/>
            <line num="223" count="1" type="stmt"/>
            <line num="224" count="1" type="stmt"/>
            <line num="225" count="1" type="stmt"/>
            <line num="226" count="1" type="stmt"/>
            <line complexity="1" visibility="protected" signature="removeChild(Node) : void" num="229" count="4" type="method"/>
            <line num="230" count="4" type="stmt"/>
            <line num="231" count="4" type="stmt"/>
            <line num="232" count="4" type="stmt"/>
            <line num="233" count="4" type="stmt"/>
            <line complexity="2" visibility="protected" signature="addChild(Node) : void" num="236" count="1" type="method"/>
            <line num="237" count="1" type="stmt"/>
            <line num="238" count="1" type="stmt"/>
            <line falsecount="1" truecount="0" num="238" type="cond"/>
            <line num="239" count="0" type="stmt"/>
            <line num="241" count="1" type="stmt"/>
            <line num="242" count="1" type="stmt"/>
            <line complexity="2" visibility="protected" signature="nodeDepth() : int" num="245" count="118" type="method"/>
            <line num="246" count="118" type="stmt"/>
            <line falsecount="92" truecount="26" num="246" type="cond"/>
            <line num="247" count="26" type="stmt"/>
            <line num="249" count="92" type="stmt"/>
            <line complexity="1" visibility="public" signature="siblingNodes() : List&lt;Node&gt;" num="256" count="0" type="method"/>
            <line num="257" count="0" type="stmt"/>
            <line complexity="2" visibility="public" signature="nextSibling() : Node" num="264" count="0" type="method"/>
            <line num="265" count="0" type="stmt"/>
            <line num="266" count="0" type="stmt"/>
            <line num="267" count="0" type="stmt"/>
            <line num="268" count="0" type="stmt"/>
            <line falsecount="0" truecount="0" num="268" type="cond"/>
            <line num="269" count="0" type="stmt"/>
            <line num="271" count="0" type="stmt"/>
            <line complexity="2" visibility="public" signature="previousSibling() : Node" num="278" count="0" type="method"/>
            <line num="279" count="0" type="stmt"/>
            <line num="280" count="0" type="stmt"/>
            <line num="281" count="0" type="stmt"/>
            <line num="282" count="0" type="stmt"/>
            <line falsecount="0" truecount="0" num="282" type="cond"/>
            <line num="283" count="0" type="stmt"/>
            <line num="285" count="0" type="stmt"/>
            <line complexity="1" visibility="public" signature="siblingIndex() : Integer" num="294" count="3" type="method"/>
            <line num="295" count="3" type="stmt"/>
            <line complexity="3" visibility="protected" signature="indexInList(N,List&lt;N&gt;) : Integer" num="298" count="17" type="method"/>
            <line num="299" count="17" type="stmt"/>
            <line num="300" count="17" type="stmt"/>
            <line num="302" count="17" type="stmt"/>
            <line falsecount="0" truecount="23" num="302" type="cond"/>
            <line num="303" count="23" type="stmt"/>
            <line num="304" count="23" type="stmt"/>
            <line falsecount="6" truecount="17" num="304" type="cond"/>
            <line num="305" count="17" type="stmt"/>
            <line num="307" count="0" type="stmt"/>
            <line complexity="1" visibility="public" signature="outerHtml() : String" num="314" count="4" type="method"/>
            <line num="315" count="4" type="stmt"/>
            <line num="316" count="4" type="stmt"/>
            <line num="317" count="4" type="stmt"/>
            <line complexity="1" visibility="public" signature="toString() : String" num="326" count="0" type="method"/>
            <line num="327" count="0" type="stmt"/>
            <line complexity="1" visibility="protected" signature="indent(StringBuilder) : void" num="330" count="26" type="method"/>
            <line num="331" count="26" type="stmt"/>
            <line complexity="2" visibility="public" signature="equals(Object) : boolean" num="334" count="6051" type="method"/>
            <line num="336" count="6051" type="stmt"/>
            <line num="336" count="5" type="stmt"/>
            <line falsecount="6046" truecount="5" num="336" type="cond"/>
            <line num="338" count="6046" type="stmt"/>
            <line complexity="3" visibility="public" signature="hashCode() : int" num="341" count="33498" type="method"/>
            <line num="343" count="33498" type="stmt"/>
            <line falsecount="2582" truecount="30916" num="343" type="cond"/>
            <line num="345" count="33498" type="stmt"/>
            <line falsecount="0" truecount="33498" num="345" type="cond"/>
            <line num="346" count="33498" type="stmt"/>
         </file>
         <file path="/home/sepehr/masters/test_generation/model_generated_coverage/jsoup1f_automated_4/src/main/java/org/jsoup/nodes/Comment.java" name="Comment.java">
            <metrics coveredelements="5" coveredconditionals="0" complexity="5" loc="40" coveredmethods="2" methods="5" elements="12" classes="1" ncloc="21" statements="7" conditionals="0" coveredstatements="3"/>
            <class name="Comment">
               <metrics coveredelements="5" coveredconditionals="0" complexity="5" coveredmethods="2" methods="5" elements="12" statements="7" conditionals="0" coveredstatements="3"/>
            </class>
            <line complexity="1" visibility="public" signature="Comment(String,String)" num="15" count="720" type="method"/>
            <line num="16" count="720" type="stmt"/>
            <line num="17" count="720" type="stmt"/>
            <line complexity="1" visibility="public" signature="nodeName() : String" num="20" count="0" type="method"/>
            <line num="21" count="0" type="stmt"/>
            <line complexity="1" visibility="public" signature="getData() : String" num="28" count="1" type="method"/>
            <line num="29" count="1" type="stmt"/>
            <line complexity="1" visibility="package" signature="outerHtml(StringBuilder) : void" num="32" count="0" type="method"/>
            <line num="33" count="0" type="stmt"/>
            <line num="34" count="0" type="stmt"/>
            <line complexity="1" visibility="public" signature="toString() : String" num="37" count="0" type="method"/>
            <line num="38" count="0" type="stmt"/>
         </file>
      </package>
      <package name="org.jsoup.safety">
         <metrics coveredelements="184" complexity="52" loc="549" methods="32" classes="8" statements="153" coveredconditionals="24" coveredmethods="28" elements="225" ncloc="321" files="2" conditionals="40" coveredstatements="132"/>
         <file path="/home/sepehr/masters/test_generation/model_generated_coverage/jsoup1f_automated_4/src/main/java/org/jsoup/safety/Whitelist.java" name="Whitelist.java">
            <metrics coveredelements="134" coveredconditionals="17" complexity="42" loc="420" coveredmethods="23" methods="26" elements="169" classes="6" ncloc="249" statements="111" conditionals="32" coveredstatements="94"/>
            <class name="Whitelist">
               <metrics coveredelements="94" coveredconditionals="11" complexity="23" coveredmethods="11" methods="14" elements="115" statements="83" conditionals="18" coveredstatements="72"/>
            </class>
            <class name="Whitelist.TagName">
               <metrics coveredelements="4" coveredconditionals="0" complexity="2" coveredmethods="2" methods="2" elements="4" statements="2" conditionals="0" coveredstatements="2"/>
            </class>
            <class name="Whitelist.AttributeKey">
               <metrics coveredelements="4" coveredconditionals="0" complexity="2" coveredmethods="2" methods="2" elements="4" statements="2" conditionals="0" coveredstatements="2"/>
            </class>
            <class name="Whitelist.AttributeValue">
               <metrics coveredelements="4" coveredconditionals="0" complexity="2" coveredmethods="2" methods="2" elements="4" statements="2" conditionals="0" coveredstatements="2"/>
            </class>
            <class name="Whitelist.Protocol">
               <metrics coveredelements="4" coveredconditionals="0" complexity="2" coveredmethods="2" methods="2" elements="4" statements="2" conditionals="0" coveredstatements="2"/>
            </class>
            <class name="Whitelist.TypedValue">
               <metrics coveredelements="24" coveredconditionals="6" complexity="11" coveredmethods="4" methods="4" elements="38" statements="20" conditionals="14" coveredstatements="14"/>
            </class>
            <line complexity="1" visibility="public" signature="none() : Whitelist" num="61" count="0" type="method"/>
            <line num="62" count="0" type="stmt"/>
            <line complexity="1" visibility="public" signature="simpleText() : Whitelist" num="71" count="0" type="method"/>
            <line num="72" count="0" type="stmt"/>
            <line complexity="1" visibility="public" signature="basic() : Whitelist" num="88" count="2" type="method"/>
            <line num="89" count="2" type="stmt"/>
            <line complexity="1" visibility="public" signature="basicWithImages() : Whitelist" num="114" count="2" type="method"/>
            <line num="115" count="2" type="stmt"/>
            <line complexity="1" visibility="public" signature="relaxed() : Whitelist" num="131" count="0" type="method"/>
            <line num="132" count="0" type="stmt"/>
            <line complexity="1" visibility="public" signature="Whitelist()" num="169" count="2" type="method"/>
            <line num="170" count="2" type="stmt"/>
            <line num="171" count="2" type="stmt"/>
            <line num="172" count="2" type="stmt"/>
            <line num="173" count="2" type="stmt"/>
            <line complexity="1" visibility="public" signature="addTags(String) : Whitelist" num="182" count="4" type="method"/>
            <line num="183" count="4" type="stmt"/>
            <line num="185" count="4" type="stmt"/>
            <line num="186" count="48" type="stmt"/>
            <line num="187" count="48" type="stmt"/>
            <line num="189" count="4" type="stmt"/>
            <line complexity="2" visibility="public" signature="addAttributes(String,String) : Whitelist" num="202" count="8" type="method"/>
            <line num="203" count="8" type="stmt"/>
            <line num="204" count="8" type="stmt"/>
            <line num="206" count="8" type="stmt"/>
            <line num="207" count="8" type="stmt"/>
            <line num="208" count="8" type="stmt"/>
            <line num="209" count="18" type="stmt"/>
            <line num="210" count="18" type="stmt"/>
            <line num="212" count="8" type="stmt"/>
            <line falsecount="8" truecount="0" num="212" type="cond"/>
            <line num="213" count="0" type="stmt"/>
            <line num="214" count="0" type="stmt"/>
            <line num="216" count="8" type="stmt"/>
            <line num="218" count="8" type="stmt"/>
            <line complexity="2" visibility="public" signature="addEnforcedAttribute(String,String,String) : Whitelist" num="233" count="2" type="method"/>
            <line num="234" count="2" type="stmt"/>
            <line num="235" count="2" type="stmt"/>
            <line num="236" count="2" type="stmt"/>
            <line num="238" count="2" type="stmt"/>
            <line num="239" count="2" type="stmt"/>
            <line num="240" count="2" type="stmt"/>
            <line num="242" count="2" type="stmt"/>
            <line falsecount="2" truecount="0" num="242" type="cond"/>
            <line num="243" count="0" type="stmt"/>
            <line num="245" count="2" type="stmt"/>
            <line num="246" count="2" type="stmt"/>
            <line num="247" count="2" type="stmt"/>
            <line num="249" count="2" type="stmt"/>
            <line complexity="3" visibility="public" signature="addProtocols(String,String,String) : Whitelist" num="263" count="8" type="method"/>
            <line num="264" count="8" type="stmt"/>
            <line num="265" count="8" type="stmt"/>
            <line num="266" count="8" type="stmt"/>
            <line num="268" count="8" type="stmt"/>
            <line num="269" count="8" type="stmt"/>
            <line num="270" count="8" type="stmt"/>
            <line num="271" count="8" type="stmt"/>
            <line num="273" count="8" type="stmt"/>
            <line falsecount="8" truecount="0" num="273" type="cond"/>
            <line num="274" count="0" type="stmt"/>
            <line num="276" count="8" type="stmt"/>
            <line num="277" count="8" type="stmt"/>
            <line num="279" count="8" type="stmt"/>
            <line falsecount="8" truecount="0" num="279" type="cond"/>
            <line num="280" count="0" type="stmt"/>
            <line num="282" count="8" type="stmt"/>
            <line num="283" count="8" type="stmt"/>
            <line num="285" count="8" type="stmt"/>
            <line num="286" count="20" type="stmt"/>
            <line num="287" count="20" type="stmt"/>
            <line num="288" count="20" type="stmt"/>
            <line num="290" count="8" type="stmt"/>
            <line complexity="1" visibility="package" signature="isSafeTag(String) : boolean" num="293" count="10" type="method"/>
            <line num="294" count="10" type="stmt"/>
            <line complexity="4" visibility="package" signature="isSafeAttribute(String,Element,Attribute) : boolean" num="297" count="4" type="method"/>
            <line num="298" count="4" type="stmt"/>
            <line num="299" count="4" type="stmt"/>
            <line num="301" count="4" type="stmt"/>
            <line falsecount="0" truecount="4" num="301" type="cond"/>
            <line num="302" count="4" type="stmt"/>
            <line falsecount="0" truecount="4" num="302" type="cond"/>
            <line num="303" count="4" type="stmt"/>
            <line falsecount="0" truecount="4" num="303" type="cond"/>
            <line num="304" count="4" type="stmt"/>
            <line num="306" count="4" type="stmt"/>
            <line num="308" count="0" type="stmt"/>
            <line num="312" count="0" type="stmt"/>
            <line num="314" count="0" type="stmt"/>
            <line complexity="2" visibility="private" signature="testValidProtocol(Element,Attribute,Set&lt;Protocol&gt;) : boolean" num="317" count="4" type="method"/>
            <line num="320" count="4" type="stmt"/>
            <line num="321" count="4" type="stmt"/>
            <line num="323" count="4" type="stmt"/>
            <line num="324" count="12" type="stmt"/>
            <line num="325" count="12" type="stmt"/>
            <line falsecount="10" truecount="2" num="325" type="cond"/>
            <line num="326" count="2" type="stmt"/>
            <line num="329" count="2" type="stmt"/>
            <line complexity="2" visibility="package" signature="getEnforcedAttributes(String) : Attributes" num="332" count="8" type="method"/>
            <line num="333" count="8" type="stmt"/>
            <line num="334" count="8" type="stmt"/>
            <line num="335" count="8" type="stmt"/>
            <line falsecount="4" truecount="4" num="335" type="cond"/>
            <line num="336" count="4" type="stmt"/>
            <line num="337" count="4" type="stmt"/>
            <line num="338" count="4" type="stmt"/>
            <line num="341" count="8" type="stmt"/>
            <line complexity="1" visibility="package" signature="TagName(String)" num="347" count="88" type="method"/>
            <line num="348" count="88" type="stmt"/>
            <line complexity="1" visibility="package" signature="valueOf(String) : TagName" num="351" count="88" type="method"/>
            <line num="352" count="88" type="stmt"/>
            <line complexity="1" visibility="package" signature="AttributeKey(String)" num="357" count="32" type="method"/>
            <line num="358" count="32" type="stmt"/>
            <line complexity="1" visibility="package" signature="valueOf(String) : AttributeKey" num="361" count="32" type="method"/>
            <line num="362" count="32" type="stmt"/>
            <line complexity="1" visibility="package" signature="AttributeValue(String)" num="367" count="2" type="method"/>
            <line num="368" count="2" type="stmt"/>
            <line complexity="1" visibility="package" signature="valueOf(String) : AttributeValue" num="371" count="2" type="method"/>
            <line num="372" count="2" type="stmt"/>
            <line complexity="1" visibility="package" signature="Protocol(String)" num="377" count="20" type="method"/>
            <line num="378" count="20" type="stmt"/>
            <line complexity="1" visibility="package" signature="valueOf(String) : Protocol" num="381" count="20" type="method"/>
            <line num="382" count="20" type="stmt"/>
            <line complexity="1" visibility="package" signature="TypedValue(String)" num="389" count="142" type="method"/>
            <line num="390" count="142" type="stmt"/>
            <line num="391" count="142" type="stmt"/>
            <line complexity="2" visibility="public" signature="hashCode() : int" num="394" count="190" type="method"/>
            <line num="396" count="190" type="stmt"/>
            <line num="397" count="190" type="stmt"/>
            <line num="398" count="190" type="stmt"/>
            <line falsecount="190" truecount="0" num="398" type="cond"/>
            <line num="399" count="190" type="stmt"/>
            <line complexity="7" visibility="public" signature="equals(Object) : boolean" num="402" count="44" type="method"/>
            <line num="404" count="44" type="stmt"/>
            <line num="404" count="0" type="stmt"/>
            <line falsecount="44" truecount="0" num="404" type="cond"/>
            <line num="405" count="44" type="stmt"/>
            <line num="405" count="0" type="stmt"/>
            <line falsecount="44" truecount="0" num="405" type="cond"/>
            <line num="406" count="44" type="stmt"/>
            <line num="406" count="0" type="stmt"/>
            <line falsecount="44" truecount="0" num="406" type="cond"/>
            <line num="407" count="44" type="stmt"/>
            <line num="408" count="44" type="stmt"/>
            <line falsecount="44" truecount="0" num="408" type="cond"/>
            <line num="409" count="0" type="stmt"/>
            <line num="409" count="0" type="stmt"/>
            <line falsecount="0" truecount="0" num="409" type="cond"/>
            <line num="410" count="44" type="stmt"/>
            <line num="410" count="0" type="stmt"/>
            <line falsecount="44" truecount="0" num="410" type="cond"/>
            <line num="411" count="44" type="stmt"/>
            <line complexity="1" visibility="public" signature="toString() : String" num="414" count="20" type="method"/>
            <line num="416" count="20" type="stmt"/>
         </file>
         <file path="/home/sepehr/masters/test_generation/model_generated_coverage/jsoup1f_automated_4/src/main/java/org/jsoup/safety/Cleaner.java" name="Cleaner.java">
            <metrics coveredelements="50" coveredconditionals="7" complexity="10" loc="129" coveredmethods="5" methods="6" elements="56" classes="2" ncloc="72" statements="42" conditionals="8" coveredstatements="38"/>
            <class name="Cleaner">
               <metrics coveredelements="47" coveredconditionals="7" complexity="9" coveredmethods="4" methods="5" elements="53" statements="40" conditionals="8" coveredstatements="36"/>
            </class>
            <class name="Cleaner.ElementMeta">
[...]
            <line num="82" count="1" type="stmt"/>
            <line complexity="1" visibility="public" signature="addClass(String) : Elements" num="90" count="0" type="method"/>
            <line num="91" count="0" type="stmt"/>
            <line num="92" count="0" type="stmt"/>
            <line num="94" count="0" type="stmt"/>
            <line complexity="1" visibility="public" signature="removeClass(String) : Elements" num="102" count="0" type="method"/>
            <line num="103" count="0" type="stmt"/>
            <line num="104" count="0" type="stmt"/>
            <line num="106" count="0" type="stmt"/>
            <line complexity="1" visibility="public" signature="toggleClass(String) : Elements" num="114" count="0" type="method"/>
            <line num="115" count="0" type="stmt"/>
            <line num="116" count="0" type="stmt"/>
            <line num="118" count="0" type="stmt"/>
            <line complexity="2" visibility="public" signature="hasClass(String) : boolean" num="126" count="0" type="method"/>
            <line num="127" count="0" type="stmt"/>
            <line num="128" count="0" type="stmt"/>
            <line falsecount="0" truecount="0" num="128" type="cond"/>
            <line num="129" count="0" type="stmt"/>
            <line num="131" count="0" type="stmt"/>
            <line complexity="2" visibility="public" signature="val() : String" num="139" count="0" type="method"/>
            <line num="140" count="0" type="stmt"/>
            <line falsecount="0" truecount="0" num="140" type="cond"/>
            <line num="141" count="0" type="stmt"/>
            <line num="143" count="0" type="stmt"/>
            <line complexity="1" visibility="public" signature="val(String) : Elements" num="151" count="0" type="method"/>
            <line num="152" count="0" type="stmt"/>
            <line num="153" count="0" type="stmt"/>
            <line num="154" count="0" type="stmt"/>
            <line complexity="2" visibility="public" signature="text() : String" num="165" count="1" type="method"/>
            <line num="166" count="1" type="stmt"/>
            <line num="167" count="1" type="stmt"/>
            <line num="168" count="1" type="stmt"/>
            <line falsecount="1" truecount="0" num="168" type="cond"/>
            <line num="169" count="0" type="stmt"/>
            <line num="170" count="1" type="stmt"/>
            <line num="172" count="1" type="stmt"/>
            <line complexity="2" visibility="public" signature="hasText() : boolean" num="175" count="0" type="method"/>
            <line num="176" count="0" type="stmt"/>
            <line num="177" count="0" type="stmt"/>
            <line falsecount="0" truecount="0" num="177" type="cond"/>
            <line num="178" count="0" type="stmt"/>
            <line num="180" count="0" type="stmt"/>
            <line complexity="2" visibility="public" signature="html() : String" num="189" count="0" type="method"/>
            <line num="190" count="0" type="stmt"/>
            <line num="191" count="0" type="stmt"/>
            <line num="192" count="0" type="stmt"/>
            <line falsecount="0" truecount="0" num="192" type="cond"/>
            <line num="193" count="0" type="stmt"/>
            <line num="194" count="0" type="stmt"/>
            <line num="196" count="0" type="stmt"/>
            <line complexity="2" visibility="public" signature="outerHtml() : String" num="205" count="1" type="method"/>
            <line num="206" count="1" type="stmt"/>
            <line num="207" count="1" type="stmt"/>
            <line num="208" count="2" type="stmt"/>
            <line falsecount="1" truecount="1" num="208" type="cond"/>
            <line num="209" count="1" type="stmt"/>
            <line num="210" count="2" type="stmt"/>
            <line num="212" count="1" type="stmt"/>
            <line complexity="1" visibility="public" signature="html(String) : Elements" num="221" count="1" type="method"/>
            <line num="222" count="1" type="stmt"/>
            <line num="223" count="3" type="stmt"/>
            <line num="225" count="1" type="stmt"/>
            <line complexity="1" visibility="public" signature="prepend(String) : Elements" num="234" count="1" type="method"/>
            <line num="235" count="1" type="stmt"/>
            <line num="236" count="3" type="stmt"/>
            <line num="238" count="1" type="stmt"/>
            <line complexity="1" visibility="public" signature="append(String) : Elements" num="247" count="1" type="method"/>
            <line num="248" count="1" type="stmt"/>
            <line num="249" count="3" type="stmt"/>
            <line num="251" count="1" type="stmt"/>
            <line complexity="1" visibility="public" signature="wrap(String) : Elements" num="263" count="0" type="method"/>
            <line num="264" count="0" type="stmt"/>
            <line num="265" count="0" type="stmt"/>
            <line num="266" count="0" type="stmt"/>
            <line num="268" count="0" type="stmt"/>
            <line complexity="1" visibility="public" signature="select(String) : Elements" num="278" count="0" type="method"/>
            <line num="279" count="0" type="stmt"/>
            <line complexity="2" visibility="public" signature="eq(int) : Elements" num="287" count="0" type="method"/>
            <line num="288" count="0" type="stmt"/>
            <line falsecount="0" truecount="0" num="288" type="cond"/>
            <line num="289" count="0" type="stmt"/>
            <line num="291" count="0" type="stmt"/>
            <line complexity="1" visibility="public" signature="is(String) : boolean" num="299" count="0" type="method"/>
            <line num="300" count="0" type="stmt"/>
            <line num="301" count="0" type="stmt"/>
            <line complexity="2" visibility="public" signature="first() : Element" num="309" count="174" type="method"/>
            <line num="310" count="174" type="stmt"/>
            <line falsecount="2" truecount="172" num="310" type="cond"/>
            <line complexity="2" visibility="public" signature="last() : Element" num="317" count="2" type="method"/>
            <line num="318" count="2" type="stmt"/>
            <line falsecount="0" truecount="2" num="318" type="cond"/>
            <line complexity="1" visibility="public" signature="size() : int" num="322" count="33" type="method"/>
            <line num="322" count="33" type="stmt"/>
            <line complexity="1" visibility="public" signature="isEmpty() : boolean" num="324" count="31" type="method"/>
            <line num="324" count="31" type="stmt"/>
            <line complexity="1" visibility="public" signature="contains(Object) : boolean" num="326" count="1242" type="method"/>
            <line num="326" count="1242" type="stmt"/>
            <line complexity="1" visibility="public" signature="iterator() : Iterator&lt;Element&gt;" num="328" count="34059" type="method"/>
            <line num="328" count="34059" type="stmt"/>
            <line complexity="1" visibility="public" signature="toArray() : Object[]" num="330" count="0" type="method"/>
            <line num="330" count="0" type="stmt"/>
            <line complexity="1" visibility="public" signature="toArray(T[]) : T[]" num="332" count="0" type="method"/>
            <line num="332" count="0" type="stmt"/>
            <line complexity="1" visibility="public" signature="add(Element) : boolean" num="334" count="1553" type="method"/>
            <line num="334" count="1553" type="stmt"/>
            <line complexity="1" visibility="public" signature="remove(Object) : boolean" num="336" count="0" type="method"/>
            <line num="336" count="0" type="stmt"/>
            <line complexity="1" visibility="public" signature="containsAll(Collection&lt;?&gt;) : boolean" num="338" count="0" type="method"/>
            <line num="338" count="0" type="stmt"/>
            <line complexity="1" visibility="public" signature="addAll(Collection&lt;? extends Element&gt;) : boolean" num="340" count="0" type="method"/>
            <line num="340" count="0" type="stmt"/>
            <line complexity="1" visibility="public" signature="addAll(int,Collection&lt;? extends Element&gt;) : boolean" num="342" count="0" type="method"/>
            <line num="342" count="0" type="stmt"/>
            <line complexity="1" visibility="public" signature="removeAll(Collection&lt;?&gt;) : boolean" num="344" count="0" type="method"/>
            <line num="344" count="0" type="stmt"/>
            <line complexity="1" visibility="public" signature="retainAll(Collection&lt;?&gt;) : boolean" num="346" count="0" type="method"/>
            <line num="346" count="0" type="stmt"/>
            <line complexity="1" visibility="public" signature="clear() : void" num="348" count="0" type="method"/>
            <line num="348" count="0" type="stmt"/>
            <line complexity="1" visibility="public" signature="equals(Object) : boolean" num="350" count="0" type="method"/>
            <line num="350" count="0" type="stmt"/>
            <line complexity="1" visibility="public" signature="hashCode() : int" num="352" count="0" type="method"/>
            <line num="352" count="0" type="stmt"/>
            <line complexity="1" visibility="public" signature="get(int) : Element" num="354" count="33" type="method"/>
            <line num="354" count="33" type="stmt"/>
            <line complexity="1" visibility="public" signature="set(int,Element) : Element" num="356" count="0" type="method"/>
            <line num="356" count="0" type="stmt"/>
            <line complexity="1" visibility="public" signature="add(int,Element) : void" num="358" count="0" type="method"/>
            <line num="358" count="0" type="stmt"/>
            <line complexity="1" visibility="public" signature="remove(int) : Element" num="360" count="0" type="method"/>
            <line num="360" count="0" type="stmt"/>
            <line complexity="1" visibility="public" signature="indexOf(Object) : int" num="362" count="0" type="method"/>
            <line num="362" count="0" type="stmt"/>
            <line complexity="1" visibility="public" signature="lastIndexOf(Object) : int" num="364" count="0" type="method"/>
            <line num="364" count="0" type="stmt"/>
            <line complexity="1" visibility="public" signature="listIterator() : ListIterator&lt;Element&gt;" num="366" count="0" type="method"/>
            <line num="366" count="0" type="stmt"/>
            <line complexity="1" visibility="public" signature="listIterator(int) : ListIterator&lt;Element&gt;" num="368" count="0" type="method"/>
            <line num="368" count="0" type="stmt"/>
            <line complexity="1" visibility="public" signature="subList(int,int) : List&lt;Element&gt;" num="370" count="0" type="method"/>
            <line num="370" count="0" type="stmt"/>
         </file>
      </package>
      <package name="org.jsoup">
         <metrics coveredelements="38" complexity="19" loc="240" methods="14" classes="2" statements="49" coveredconditionals="4" coveredmethods="9" elements="71" ncloc="96" files="2" conditionals="8" coveredstatements="25"/>
         <file path="/home/sepehr/masters/test_generation/model_generated_coverage/jsoup1f_automated_4/src/main/java/org/jsoup/DataUtil.java" name="DataUtil.java">
            <metrics coveredelements="19" coveredconditionals="4" complexity="8" loc="80" coveredmethods="2" methods="3" elements="42" classes="1" ncloc="47" statements="31" conditionals="8" coveredstatements="13"/>
            <class name="DataUtil">
               <metrics coveredelements="19" coveredconditionals="4" complexity="8" coveredmethods="2" methods="3" elements="42" statements="31" conditionals="8" coveredstatements="13"/>
            </class>
            <line complexity="1" visibility="package" signature="load(File,String) : String" num="22" count="4" type="method"/>
            <line num="23" count="4" type="stmt"/>
            <line num="24" count="4" type="stmt"/>
            <line num="25" count="4" type="stmt"/>
            <line num="26" count="4" type="stmt"/>
            <line complexity="4" visibility="package" signature="load(URL,int) : String" num="36" count="0" type="method"/>
            <line num="37" count="0" type="stmt"/>
            <line num="38" count="0" type="stmt"/>
            <line num="40" count="0" type="stmt"/>
            <line num="41" count="0" type="stmt"/>
            <line num="42" count="0" type="stmt"/>
            <line num="43" count="0" type="stmt"/>
            <line num="44" count="0" type="stmt"/>
            <line num="46" count="0" type="stmt"/>
            <line num="47" count="0" type="stmt"/>
            <line falsecount="0" truecount="0" num="47" type="cond"/>
            <line num="48" count="0" type="stmt"/>
            <line num="50" count="0" type="stmt"/>
            <line num="51" count="0" type="stmt"/>
            <line falsecount="0" truecount="0" num="51" type="cond"/>
            <line num="52" count="0" type="stmt"/>
            <line num="55" count="0" type="stmt"/>
            <line num="56" count="0" type="stmt"/>
            <line num="58" count="0" type="stmt"/>
            <line num="59" count="0" type="stmt"/>
            <line num="60" count="0" type="stmt"/>
            <line complexity="3" visibility="private" signature="readInputStream(InputStream,String) : String" num="63" count="4" type="method"/>
            <line num="64" count="4" type="stmt"/>
            <line num="65" count="4" type="stmt"/>
            <line num="66" count="4" type="stmt"/>
            <line num="67" count="4" type="stmt"/>
            <line num="68" count="4" type="stmt"/>
            <line num="69" count="10" type="stmt"/>
            <line num="70" count="10" type="stmt"/>
            <line falsecount="4" truecount="6" num="70" type="cond"/>
            <line num="71" count="6" type="stmt"/>
            <line falsecount="4" truecount="6" num="74" type="cond"/>
            <line num="76" count="4" type="stmt"/>
         </file>
         <file path="/home/sepehr/masters/test_generation/model_generated_coverage/jsoup1f_automated_4/src/main/java/org/jsoup/Jsoup.java" name="Jsoup.java">
            <metrics coveredelements="19" coveredconditionals="0" complexity="11" loc="160" coveredmethods="7" methods="11" elements="29" classes="1" ncloc="49" statements="18" conditionals="0" coveredstatements="12"/>
            <class name="Jsoup">
               <metrics coveredelements="19" coveredconditionals="0" complexity="11" coveredmethods="7" methods="11" elements="29" statements="18" conditionals="0" coveredstatements="12"/>
            </class>
            <line complexity="1" visibility="private" signature="Jsoup()" num="17" count="0" type="method"/>
            <line complexity="1" visibility="public" signature="parse(String,String) : Document" num="27" count="4" type="method"/>
            <line num="28" count="4" type="stmt"/>
            <line complexity="1" visibility="public" signature="parse(String) : Document" num="40" count="14" type="method"/>
            <line num="41" count="14" type="stmt"/>
            <line complexity="1" visibility="public" signature="parse(URL,int) : Document" num="54" count="0" type="method"/>
            <line num="55" count="0" type="stmt"/>
            <line num="56" count="0" type="stmt"/>
            <line complexity="1" visibility="public" signature="parse(File,String,String) : Document" num="69" count="3" type="method"/>
            <line num="70" count="3" type="stmt"/>
            <line num="71" count="3" type="stmt"/>
            <line complexity="1" visibility="public" signature="parse(File,String) : Document" num="84" count="1" type="method"/>
            <line num="85" count="1" type="stmt"/>
            <line num="86" count="1" type="stmt"/>
            <line complexity="1" visibility="public" signature="parseBodyFragment(String,String) : Document" num="98" count="2" type="method"/>
            <line num="99" count="2" type="stmt"/>
            <line complexity="1" visibility="public" signature="parseBodyFragment(String) : Document" num="110" count="0" type="method"/>
            <line num="111" count="0" type="stmt"/>
            <line complexity="1" visibility="public" signature="clean(String,String,Whitelist) : String" num="125" count="2" type="method"/>
            <line num="126" count="2" type="stmt"/>
            <line num="127" count="2" type="stmt"/>
            <line num="128" count="2" type="stmt"/>
            <line num="129" count="2" type="stmt"/>
            <line complexity="1" visibility="public" signature="clean(String,Whitelist) : String" num="142" count="2" type="method"/>
            <line num="143" count="2" type="stmt"/>
            <line complexity="1" visibility="public" signature="isValid(String,Whitelist) : boolean" num="154" count="0" type="method"/>
            <line num="155" count="0" type="stmt"/>
            <line num="156" count="0" type="stmt"/>
            <line num="157" count="0" type="stmt"/>
         </file>
      </package>
      <package name="org.jsoup.examples">
         <metrics coveredelements="0" complexity="5" loc="57" methods="3" classes="1" statements="22" coveredconditionals="0" coveredmethods="0" elements="29" ncloc="45" files="1" conditionals="4" coveredstatements="0"/>
         <file path="/home/sepehr/masters/test_generation/model_generated_coverage/jsoup1f_automated_4/src/main/java/org/jsoup/examples/ListLinks.java" name="ListLinks.java">
            <metrics coveredelements="0" coveredconditionals="0" complexity="5" loc="57" coveredmethods="0" methods="3" elements="29" classes="1" ncloc="45" statements="22" conditionals="4" coveredstatements="0"/>
            <class name="ListLinks">
               <metrics coveredelements="0" coveredconditionals="0" complexity="5" coveredmethods="0" methods="3" elements="29" statements="22" conditionals="4" coveredstatements="0"/>
            </class>
            <line complexity="2" visibility="public" signature="main(String[]) : void" num="16" count="0" type="method"/>
            <line num="17" count="0" type="stmt"/>
            <line num="18" count="0" type="stmt"/>
            <line num="19" count="0" type="stmt"/>
            <line num="21" count="0" type="stmt"/>
            <line num="22" count="0" type="stmt"/>
            <line num="23" count="0" type="stmt"/>
            <line num="24" count="0" type="stmt"/>
            <line num="26" count="0" type="stmt"/>
            <line num="27" count="0" type="stmt"/>
            <line num="28" count="0" type="stmt"/>
            <line falsecount="0" truecount="0" num="28" type="cond"/>
            <line num="29" count="0" type="stmt"/>
            <line num="33" count="0" type="stmt"/>
            <line num="36" count="0" type="stmt"/>
            <line num="37" count="0" type="stmt"/>
            <line num="38" count="0" type="stmt"/>
            <line num="41" count="0" type="stmt"/>
            <line num="42" count="0" type="stmt"/>
            <line num="43" count="0" type="stmt"/>
            <line complexity="1" visibility="private" signature="print(String,Object) : void" num="47" count="0" type="method"/>
            <line num="48" count="0" type="stmt"/>
            <line complexity="2" visibility="private" signature="trim(String,int) : String" num="51" count="0" type="method"/>
            <line num="52" count="0" type="stmt"/>
            <line falsecount="0" truecount="0" num="52" type="cond"/>
            <line num="53" count="0" type="stmt"/>
            <line num="55" count="0" type="stmt"/>
         </file>
      </package>
   </project>
   <testproject timestamp="1675926343126">
      <metrics coveredelements="0" complexity="0" loc="0" methods="0" classes="0" statements="0" packages="0" coveredconditionals="0" coveredmethods="0" elements="0" ncloc="0" files="0" conditionals="0" coveredstatements="0"/>
   </testproject>
</coverage>