<?xml version="1.0" encoding="UTF-8"?>
<coverage generated="1675971721596" clover="4.4.1">
   <project timestamp="1675971719388">
      <metrics coveredelements="1198" complexity="653" loc="4664" methods="380" classes="50" statements="1416" packages="7" coveredconditionals="230" coveredmethods="189" elements="2252" ncloc="2624" files="28" conditionals="456" coveredstatements="779"/>
      <package name="org.jsoup.nodes">
         <metrics coveredelements="348" complexity="274" loc="2020" methods="185" classes="27" statements="501" coveredconditionals="52" coveredmethods="83" elements="840" ncloc="1038" files="12" conditionals="154" coveredstatements="213"/>
         <file path="/home/sepehr/masters/test_generation/model_generated_coverage/jsoup1f_nopt_0/src/main/java/org/jsoup/nodes/XmlDeclaration.java" name="XmlDeclaration.java">
            <metrics coveredelements="4" coveredconditionals="0" complexity="6" loc="42" coveredmethods="1" methods="5" elements="14" classes="1" ncloc="22" statements="7" conditionals="2" coveredstatements="3"/>
            <class name="XmlDeclaration">
               <metrics coveredelements="4" coveredconditionals="0" complexity="6" coveredmethods="1" methods="5" elements="14" statements="7" conditionals="2" coveredstatements="3"/>
            </class>
            <line complexity="1" visibility="public" signature="XmlDeclaration(String,String,boolean)" num="17" count="4" type="method"/>
            <line num="18" count="4" type="stmt"/>
            <line num="19" count="4" type="stmt"/>
            <line num="20" count="4" type="stmt"/>
            <line complexity="1" visibility="public" signature="nodeName() : String" num="23" count="0" type="method"/>
            <line num="24" count="0" type="stmt"/>
            <line complexity="1" visibility="public" signature="getWholeDeclaration() : String" num="31" count="0" type="method"/>
            <line num="32" count="0" type="stmt"/>
            <line complexity="2" visibility="package" signature="outerHtml(StringBuilder) : void" num="35" count="0" type="method"/>
            <line num="36" count="0" type="stmt"/>
            <line falsecount="0" truecount="0" num="36" type="cond"/>
            <line complexity="1" visibility="public" signature="toString() : String" num="39" count="0" type="method"/>
            <line num="40" count="0" type="stmt"/>
         </file>
         <file path="/home/sepehr/masters/test_generation/model_generated_coverage/jsoup1f_nopt_0/src/main/java/org/jsoup/nodes/DataNode.java" name="DataNode.java">
            <metrics coveredelements="3" coveredconditionals="0" complexity="6" loc="52" coveredmethods="1" methods="6" elements="14" classes="1" ncloc="25" statements="8" conditionals="0" coveredstatements="2"/>
            <class name="DataNode">
               <metrics coveredelements="3" coveredconditionals="0" complexity="6" coveredmethods="1" methods="6" elements="14" statements="8" conditionals="0" coveredstatements="2"/>
            </class>
            <line complexity="1" visibility="public" signature="DataNode(String,String)" num="17" count="73" type="method"/>
            <line num="18" count="73" type="stmt"/>
            <line num="19" count="73" type="stmt"/>
            <line complexity="1" visibility="public" signature="nodeName() : String" num="22" count="0" type="method"/>
            <line num="23" count="0" type="stmt"/>
            <line complexity="1" visibility="public" signature="getWholeData() : String" num="30" count="0" type="method"/>
            <line num="31" count="0" type="stmt"/>
            <line complexity="1" visibility="package" signature="outerHtml(StringBuilder) : void" num="34" count="0" type="method"/>
            <line num="35" count="0" type="stmt"/>
            <line complexity="1" visibility="public" signature="toString() : String" num="38" count="0" type="method"/>
            <line num="39" count="0" type="stmt"/>
            <line complexity="1" visibility="public" signature="createFromEncoded(String,String) : DataNode" num="48" count="0" type="method"/>
            <line num="49" count="0" type="stmt"/>
            <line num="50" count="0" type="stmt"/>
         </file>
         <file path="/home/sepehr/masters/test_generation/model_generated_coverage/jsoup1f_nopt_0/src/main/java/org/jsoup/nodes/Element.java" name="Element.java">
            <metrics coveredelements="129" coveredconditionals="20" complexity="108" loc="828" coveredmethods="29" methods="64" elements="365" classes="1" ncloc="389" statements="225" conditionals="76" coveredstatements="80"/>
            <class name="Element">
               <metrics coveredelements="129" coveredconditionals="20" complexity="108" coveredmethods="29" methods="64" elements="365" statements="225" conditionals="76" coveredstatements="80"/>
            </class>
            <line complexity="1" visibility="public" signature="Element(Tag,String,Attributes)" num="34" count="3893" type="method"/>
            <line num="35" count="3893" type="stmt"/>
            <line num="37" count="3893" type="stmt"/>
            <line num="38" count="3893" type="stmt"/>
            <line complexity="1" visibility="public" signature="Element(Tag,String)" num="49" count="286" type="method"/>
            <line num="50" count="286" type="stmt"/>
            <line complexity="1" visibility="public" signature="nodeName() : String" num="53" count="0" type="method"/>
            <line num="55" count="0" type="stmt"/>
            <line complexity="1" visibility="public" signature="tagName() : String" num="63" count="32446" type="method"/>
            <line num="64" count="32446" type="stmt"/>
            <line complexity="1" visibility="public" signature="tag() : Tag" num="72" count="40138" type="method"/>
            <line num="73" count="40138" type="stmt"/>
            <line complexity="1" visibility="public" signature="isBlock() : boolean" num="82" count="30" type="method"/>
            <line num="83" count="30" type="stmt"/>
            <line complexity="2" visibility="public" signature="id() : String" num="91" count="39" type="method"/>
            <line num="92" count="39" type="stmt"/>
            <line num="93" count="39" type="stmt"/>
            <line falsecount="39" truecount="0" num="93" type="cond"/>
            <line complexity="1" visibility="public" signature="attr(String,String) : Element" num="102" count="0" type="method"/>
            <line num="103" count="0" type="stmt"/>
            <line num="104" count="0" type="stmt"/>
            <line complexity="1" visibility="public" signature="parent() : Element" num="107" count="919" type="method"/>
            <line num="109" count="919" type="stmt"/>
            <line complexity="1" visibility="public" signature="child(int) : Element" num="122" count="3" type="method"/>
            <line num="123" count="3" type="stmt"/>
            <line complexity="2" visibility="public" signature="children() : Elements" num="134" count="36408" type="method"/>
            <line num="136" count="36408" type="stmt"/>
            <line num="137" count="36408" type="stmt"/>
            <line num="138" count="91809" type="stmt"/>
            <line falsecount="55810" truecount="35999" num="138" type="cond"/>
            <line num="139" count="35999" type="stmt"/>
            <line num="141" count="36408" type="stmt"/>
            <line complexity="1" visibility="public" signature="select(String) : Elements" num="161" count="216" type="method"/>
            <line num="162" count="216" type="stmt"/>
            <line complexity="1" visibility="public" signature="appendChild(Node) : Element" num="171" count="9294" type="method"/>
            <line num="172" count="9294" type="stmt"/>
            <line num="174" count="9294" type="stmt"/>
            <line num="175" count="9294" type="stmt"/>
            <line num="176" count="9294" type="stmt"/>
            <line complexity="1" visibility="public" signature="prependChild(Node) : Element" num="185" count="5" type="method"/>
            <line num="186" count="5" type="stmt"/>
            <line num="188" count="5" type="stmt"/>
            <line num="189" count="4" type="stmt"/>
            <line num="190" count="4" type="stmt"/>
            <line complexity="1" visibility="public" signature="appendElement(String) : Element" num="200" count="38" type="method"/>
            <line num="201" count="38" type="stmt"/>
            <line num="202" count="38" type="stmt"/>
            <line num="203" count="38" type="stmt"/>
            <line complexity="1" visibility="public" signature="prependElement(String) : Element" num="213" count="2" type="method"/>
            <line num="214" count="2" type="stmt"/>
            <line num="215" count="2" type="stmt"/>
            <line num="216" count="2" type="stmt"/>
            <line complexity="1" visibility="public" signature="appendText(String) : Element" num="225" count="0" type="method"/>
            <line num="226" count="0" type="stmt"/>
            <line num="227" count="0" type="stmt"/>
            <line num="228" count="0" type="stmt"/>
            <line complexity="1" visibility="public" signature="prependText(String) : Element" num="237" count="0" type="method"/>
            <line num="238" count="0" type="stmt"/>
            <line num="239" count="0" type="stmt"/>
            <line num="240" count="0" type="stmt"/>
            <line complexity="1" visibility="public" signature="append(String) : Element" num="249" count="0" type="method"/>
            <line num="250" count="0" type="stmt"/>
            <line num="252" count="0" type="stmt"/>
            <line num="254" count="0" type="stmt"/>
            <line num="255" count="0" type="stmt"/>
            <line num="256" count="0" type="stmt"/>
            <line num="258" count="0" type="stmt"/>
            <line complexity="2" visibility="public" signature="prepend(String) : Element" num="267" count="0" type="method"/>
            <line num="268" count="0" type="stmt"/>
            <line num="270" count="0" type="stmt"/>
            <line num="272" count="0" type="stmt"/>
            <line num="273" count="0" type="stmt"/>
            <line falsecount="0" truecount="0" num="273" type="cond"/>
            <line num="274" count="0" type="stmt"/>
            <line num="275" count="0" type="stmt"/>
            <line num="276" count="0" type="stmt"/>
            <line num="278" count="0" type="stmt"/>
            <line complexity="1" visibility="public" signature="empty() : Element" num="285" count="6" type="method"/>
            <line num="286" count="6" type="stmt"/>
            <line num="287" count="6" type="stmt"/>
            <line complexity="4" visibility="public" signature="wrap(String) : Element" num="295" count="0" type="method"/>
            <line num="296" count="0" type="stmt"/>
            <line num="298" count="0" type="stmt"/>
            <line num="299" count="0" type="stmt"/>
            <line num="300" count="0" type="stmt"/>
            <line num="301" count="0" type="stmt"/>
            <line falsecount="0" truecount="0" num="301" type="cond"/>
            <line num="302" count="0" type="stmt"/>
            <line num="304" count="0" type="stmt"/>
            <line num="305" count="0" type="stmt"/>
            <line num="306" count="0" type="stmt"/>
            <line num="309" count="0" type="stmt"/>
            <line falsecount="0" truecount="0" num="309" type="cond"/>
            <line num="310" count="0" type="stmt"/>
            <line falsecount="0" truecount="0" num="310" type="cond"/>
            <line num="311" count="0" type="stmt"/>
            <line num="312" count="0" type="stmt"/>
            <line num="313" count="0" type="stmt"/>
            <line num="316" count="0" type="stmt"/>
            <line complexity="2" visibility="private" signature="getDeepChild(Element) : Element" num="319" count="0" type="method"/>
            <line num="320" count="0" type="stmt"/>
            <line num="321" count="0" type="stmt"/>
            <line falsecount="0" truecount="0" num="321" type="cond"/>
            <line num="322" count="0" type="stmt"/>
            <line num="324" count="0" type="stmt"/>
            <line complexity="1" visibility="public" signature="siblingElements() : Elements" num="331" count="0" type="method"/>
            <line num="332" count="0" type="stmt"/>
            <line complexity="2" visibility="public" signature="nextElementSibling() : Element" num="343" count="0" type="method"/>
            <line num="344" count="0" type="stmt"/>
            <line num="345" count="0" type="stmt"/>
            <line num="346" count="0" type="stmt"/>
            <line num="347" count="0" type="stmt"/>
            <line falsecount="0" truecount="0" num="347" type="cond"/>
            <line num="348" count="0" type="stmt"/>
            <line num="350" count="0" type="stmt"/>
            <line complexity="2" visibility="public" signature="previousElementSibling() : Element" num="358" count="0" type="method"/>
            <line num="359" count="0" type="stmt"/>
            <line num="360" count="0" type="stmt"/>
            <line num="361" count="0" type="stmt"/>
            <line num="362" count="0" type="stmt"/>
            <line falsecount="0" truecount="0" num="362" type="cond"/>
            <line num="363" count="0" type="stmt"/>
            <line num="365" count="0" type="stmt"/>
            <line complexity="2" visibility="public" signature="firstElementSibling() : Element" num="372" count="0" type="method"/>
            <line num="374" count="0" type="stmt"/>
            <line num="375" count="0" type="stmt"/>
            <line falsecount="0" truecount="0" num="375" type="cond"/>
            <line complexity="2" visibility="public" signature="elementSiblingIndex() : Integer" num="383" count="0" type="method"/>
            <line num="384" count="0" type="stmt"/>
            <line num="384" count="0" type="stmt"/>
            <line falsecount="0" truecount="0" num="384" type="cond"/>
            <line num="385" count="0" type="stmt"/>
            <line complexity="2" visibility="public" signature="lastElementSibling() : Element" num="392" count="0" type="method"/>
            <line num="393" count="0" type="stmt"/>
            <line num="394" count="0" type="stmt"/>
            <line falsecount="0" truecount="0" num="394" type="cond"/>
            <line complexity="1" visibility="public" signature="getElementsByTag(String) : Elements" num="404" count="505" type="method"/>
            <line num="405" count="505" type="stmt"/>
            <line num="406" count="505" type="stmt"/>
            <line num="408" count="505" type="stmt"/>
            <line complexity="2" visibility="public" signature="getElementById(String) : Element" num="420" count="6" type="method"/>
            <line num="421" count="6" type="stmt"/>
            <line num="423" count="6" type="stmt"/>
            <line num="424" count="6" type="stmt"/>
            <line falsecount="0" truecount="2" num="424" type="cond"/>
            <line num="425" count="2" type="stmt"/>
            <line num="427" count="0" type="stmt"/>
            <line complexity="1" visibility="public" signature="getElementsByClass(String) : Elements" num="441" count="2" type="method"/>
            <line num="442" count="2" type="stmt"/>
            <line num="444" count="2" type="stmt"/>
            <line complexity="1" visibility="public" signature="getElementsByAttribute(String) : Elements" num="453" count="0" type="method"/>
            <line num="454" count="0" type="stmt"/>
            <line num="455" count="0" type="stmt"/>
            <line num="457" count="0" type="stmt"/>
            <line complexity="1" visibility="public" signature="getElementsByAttributeValue(String,String) : Elements" num="467" count="9" type="method"/>
            <line num="468" count="9" type="stmt"/>
            <line complexity="1" visibility="public" signature="getElementsByAttributeValueNot(String,String) : Elements" num="478" count="0" type="method"/>
            <line num="479" count="0" type="stmt"/>
            <line complexity="1" visibility="public" signature="getElementsByAttributeValueStarting(String,String) : Elements" num="489" count="0" type="method"/>
            <line num="490" count="0" type="stmt"/>
            <line complexity="1" visibility="public" signature="getElementsByAttributeValueEnding(String,String) : Elements" num="500" count="0" type="method"/>
            <line num="501" count="0" type="stmt"/>
            <line complexity="1" visibility="public" signature="getElementsByAttributeValueContaining(String,String) : Elements" num="511" count="1" type="method"/>
            <line num="512" count="1" type="stmt"/>
            <line complexity="1" visibility="public" signature="getElementsByIndexLessThan(int) : Elements" num="520" count="0" type="method"/>
            <line num="521" count="0" type="stmt"/>
            <line complexity="1" visibility="public" signature="getElementsByIndexGreaterThan(int) : Elements" num="529" count="0" type="method"/>
            <line num="530" count="0" type="stmt"/>
            <line complexity="1" visibility="public" signature="getElementsByIndexEquals(int) : Elements" num="538" count="0" type="method"/>
            <line num="539" count="0" type="stmt"/>
            <line complexity="1" visibility="public" signature="getAllElements() : Elements" num="547" count="0" type="method"/>
            <line num="548" count="0" type="stmt"/>
            <line complexity="1" visibility="public" signature="text() : String" num="556" count="34" type="method"/>
            <line num="557" count="34" type="stmt"/>
            <line num="558" count="34" type="stmt"/>
            <line num="559" count="34" type="stmt"/>
            <line complexity="8" visibility="private" signature="text(StringBuilder) : void" num="562" count="43" type="method"/>
            <line num="563" count="43" type="stmt"/>
            <line num="564" count="50" type="stmt"/>
            <line falsecount="9" truecount="41" num="564" type="cond"/>
            <line num="565" count="41" type="stmt"/>
            <line num="566" count="41" type="stmt"/>
            <line num="568" count="41" type="stmt"/>
            <line falsecount="12" truecount="29" num="568" type="cond"/>
            <line num="569" count="29" type="stmt"/>
            <line num="570" count="29" type="stmt"/>
            <line falsecount="25" truecount="4" num="570" type="cond"/>
            <line num="571" count="4" type="stmt"/>
            <line num="573" count="41" type="stmt"/>
            <line num="575" count="9" type="stmt"/>
            <line falsecount="0" truecount="9" num="575" type="cond"/>
            <line num="576" count="9" type="stmt"/>
            <line num="577" count="9" type="stmt"/>
            <line falsecount="9" truecount="0" num="577" type="cond"/>
            <line num="578" count="0" type="stmt"/>
            <line num="579" count="9" type="stmt"/>
            <line complexity="1" visibility="package" signature="preserveWhitespace() : boolean" num="584" count="262" type="method"/>
            <line num="585" count="262" type="stmt"/>
            <line complexity="1" visibility="public" signature="text(String) : Element" num="593" count="6" type="method"/>
            <line num="594" count="6" type="stmt"/>
            <line num="596" count="6" type="stmt"/>
            <line num="597" count="6" type="stmt"/>
            <line num="598" count="6" type="stmt"/>
            <line num="600" count="6" type="stmt"/>
            <line complexity="5" visibility="public" signature="hasText() : boolean" num="607" count="0" type="method"/>
            <line num="608" count="0" type="stmt"/>
            <line num="609" count="0" type="stmt"/>
            <line falsecount="0" truecount="0" num="609" type="cond"/>
            <line num="610" count="0" type="stmt"/>
            <line num="611" count="0" type="stmt"/>
            <line falsecount="0" truecount="0" num="611" type="cond"/>
            <line num="612" count="0" type="stmt"/>
            <line num="613" count="0" type="stmt"/>
            <line falsecount="0" truecount="0" num="613" type="cond"/>
            <line num="614" count="0" type="stmt"/>
            <line num="615" count="0" type="stmt"/>
            <line falsecount="0" truecount="0" num="615" type="cond"/>
            <line num="616" count="0" type="stmt"/>
            <line num="619" count="0" type="stmt"/>
            <line complexity="3" visibility="public" signature="data() : String" num="626" count="0" type="method"/>
            <line num="627" count="0" type="stmt"/>
            <line num="629" count="0" type="stmt"/>
            <line num="630" count="0" type="stmt"/>
            <line falsecount="0" truecount="0" num="630" type="cond"/>
            <line num="631" count="0" type="stmt"/>
            <line num="632" count="0" type="stmt"/>
            <line num="633" count="0" type="stmt"/>
            <line falsecount="0" truecount="0" num="633" type="cond"/>
            <line num="634" count="0" type="stmt"/>
            <line num="635" count="0" type="stmt"/>
            <line num="636" count="0" type="stmt"/>
            <line num="639" count="0" type="stmt"/>
            <line complexity="2" visibility="public" signature="className() : String" num="647" count="2523" type="method"/>
            <line num="648" count="2523" type="stmt"/>
            <line falsecount="1177" truecount="1346" num="648" type="cond"/>
            <line complexity="2" visibility="public" signature="classNames() : Set&lt;String&gt;" num="657" count="2523" type="method"/>
            <line num="658" count="2523" type="stmt"/>
            <line falsecount="0" truecount="2523" num="658" type="cond"/>
            <line num="659" count="2523" type="stmt"/>
            <line num="660" count="2523" type="stmt"/>
            <line num="662" count="2523" type="stmt"/>
            <line complexity="1" visibility="public" signature="classNames(Set&lt;String&gt;) : Element" num="670" count="0" type="method"/>
            <line num="671" count="0" type="stmt"/>
            <line num="672" count="0" type="stmt"/>
            <line num="673" count="0" type="stmt"/>
            <line complexity="1" visibility="public" signature="hasClass(String) : boolean" num="681" count="2523" type="method"/>
            <line num="682" count="2523" type="stmt"/>
            <line complexity="1" visibility="public" signature="addClass(String) : Element" num="690" count="0" type="method"/>
            <line num="691" count="0" type="stmt"/>
            <line num="693" count="0" type="stmt"/>
            <line num="694" count="0" type="stmt"/>
            <line num="695" count="0" type="stmt"/>
            <line num="697" count="0" type="stmt"/>
            <line complexity="1" visibility="public" signature="removeClass(String) : Element" num="705" count="0" type="method"/>
            <line num="706" count="0" type="stmt"/>
            <line num="708" count="0" type="stmt"/>
            <line num="709" count="0" type="stmt"/>
            <line num="710" count="0" type="stmt"/>
            <line num="712" count="0" type="stmt"/>
            <line complexity="2" visibility="public" signature="toggleClass(String) : Element" num="720" count="0" type="method"/>
            <line num="721" count="0" type="stmt"/>
            <line num="723" count="0" type="stmt"/>
            <line num="724" count="0" type="stmt"/>
            <line falsecount="0" truecount="0" num="724" type="cond"/>
            <line num="725" count="0" type="stmt"/>
            <line num="727" count="0" type="stmt"/>
            <line num="728" count="0" type="stmt"/>
            <line num="730" count="0" type="stmt"/>
            <line complexity="2" visibility="public" signature="val() : String" num="737" count="0" type="method"/>
            <line num="738" count="0" type="stmt"/>
            <line falsecount="0" truecount="0" num="738" type="cond"/>
            <line num="739" count="0" type="stmt"/>
            <line num="741" count="0" type="stmt"/>
            <line complexity="2" visibility="public" signature="val(String) : Element" num="749" count="0" type="method"/>
            <line num="750" count="0" type="stmt"/>
            <line falsecount="0" truecount="0" num="750" type="cond"/>
            <line num="751" count="0" type="stmt"/>
            <line num="753" count="0" type="stmt"/>
            <line num="754" count="0" type="stmt"/>
            <line complexity="8" visibility="package" signature="outerHtml(StringBuilder) : void" num="757" count="0" type="method"/>
            <line num="758" count="0" type="stmt"/>
            <line falsecount="0" truecount="0" num="758" type="cond"/>
            <line num="759" count="0" type="stmt"/>
            <line num="760" count="0" type="stmt"/>
            <line num="765" count="0" type="stmt"/>
            <line falsecount="0" truecount="0" num="765" type="cond"/>
            <line num="766" count="0" type="stmt"/>
            <line num="768" count="0" type="stmt"/>
            <line num="769" count="0" type="stmt"/>
            <line num="770" count="0" type="stmt"/>
            <line num="770" count="0" type="stmt"/>
            <line falsecount="0" truecount="0" num="770" type="cond"/>
            <line num="771" count="0" type="stmt"/>
            <line complexity="1" visibility="public" signature="html() : String" num="782" count="0" type="method"/>
            <line num="783" count="0" type="stmt"/>
            <line num="784" count="0" type="stmt"/>
            <line num="785" count="0" type="stmt"/>
            <line complexity="1" visibility="private" signature="html(StringBuilder) : void" num="788" count="0" type="method"/>
            <line num="789" count="0" type="stmt"/>
            <line num="790" count="0" type="stmt"/>
            <line complexity="1" visibility="public" signature="html(String) : Element" num="799" count="0" type="method"/>
            <line num="800" count="0" type="stmt"/>
            <line num="801" count="0" type="stmt"/>
            <line num="802" count="0" type="stmt"/>
            <line complexity="1" visibility="public" signature="toString() : String" num="805" count="0" type="method"/>
            <line num="806" count="0" type="stmt"/>
            <line complexity="6" visibility="public" signature="equals(Object) : boolean" num="809" count="6738" type="method"/>
            <line num="811" count="6738" type="stmt"/>
            <line num="811" count="230" type="stmt"/>
            <line falsecount="6508" truecount="230" num="811" type="cond"/>
            <line num="812" count="6508" type="stmt"/>
            <line num="812" count="0" type="stmt"/>
            <line falsecount="6508" truecount="0" num="812" type="cond"/>
            <line num="813" count="6508" type="stmt"/>
            <line num="813" count="6508" type="stmt"/>
            <line falsecount="0" truecount="6508" num="813" type="cond"/>
            <line num="815" count="0" type="stmt"/>
            <line num="817" count="0" type="stmt"/>
            <line num="817" count="0" type="stmt"/>
            <line falsecount="0" truecount="0" num="817" type="cond"/>
            <line falsecount="0" truecount="0" num="817" type="cond"/>
            <line num="819" count="0" type="stmt"/>
            <line complexity="2" visibility="public" signature="hashCode() : int" num="822" count="34434" type="method"/>
            <line num="824" count="34434" type="stmt"/>
            <line num="825" count="34434" type="stmt"/>
            <line falsecount="0" truecount="34434" num="825" type="cond"/>
            <line num="826" count="34434" type="stmt"/>
         </file>
         <file path="/home/sepehr/masters/test_generation/model_generated_coverage/jsoup1f_nopt_0/src/main/java/org/jsoup/nodes/Comment.java" name="Comment.java">
            <metrics coveredelements="3" coveredconditionals="0" complexity="5" loc="40" coveredmethods="1" methods="5" elements="12" classes="1" ncloc="21" statements="7" conditionals="0" coveredstatements="2"/>
            <class name="Comment">
               <metrics coveredelements="3" coveredconditionals="0" complexity="5" coveredmethods="1" methods="5" elements="12" statements="7" conditionals="0" coveredstatements="2"/>
            </class>
            <line complexity="1" visibility="public" signature="Comment(String,String)" num="15" count="719" type="method"/>
            <line num="16" count="719" type="stmt"/>
            <line num="17" count="719" type="stmt"/>
            <line complexity="1" visibility="public" signature="nodeName() : String" num="20" count="0" type="method"/>
            <line num="21" count="0" type="stmt"/>
            <line complexity="1" visibility="public" signature="getData() : String" num="28" count="0" type="method"/>
            <line num="29" count="0" type="stmt"/>
            <line complexity="1" visibility="package" signature="outerHtml(StringBuilder) : void" num="32" count="0" type="method"/>
            <line num="33" count="0" type="stmt"/>
            <line num="34" count="0" type="stmt"/>
            <line complexity="1" visibility="public" signature="toString() : String" num="37" count="0" type="method"/>
            <line num="38" count="0" type="stmt"/>
         </file>
         <file path="/home/sepehr/masters/test_generation/model_generated_coverage/jsoup1f_nopt_0/src/main/java/org/jsoup/nodes/Document.java" name="Document.java">
            <metrics coveredelements="42" coveredconditionals="11" complexity="19" loc="151" coveredmethods="6" methods="12" elements="67" classes="1" ncloc="80" statements="41" conditionals="14" coveredstatements="25"/>
            <class name="Document">
               <metrics coveredelements="42" coveredconditionals="11" complexity="19" coveredmethods="6" methods="12" elements="67" statements="41" conditionals="14" coveredstatements="25"/>
            </class>
            <line complexity="1" visibility="public" signature="Document(String)" num="21" count="78" type="method"/>
            <line num="22" count="78" type="stmt"/>
            <line complexity="1" visibility="public" signature="createShell(String) : Document" num="30" count="0" type="method"/>
            <line num="31" count="0" type="stmt"/>
            <line num="33" count="0" type="stmt"/>
            <line num="34" count="0" type="stmt"/>
            <line num="35" count="0" type="stmt"/>
            <line num="36" count="0" type="stmt"/>
            <line num="38" count="0" type="stmt"/>
            <line complexity="1" visibility="public" signature="head() : Element" num="45" count="154" type="method"/>
            <line num="46" count="154" type="stmt"/>
            <line complexity="1" visibility="public" signature="body() : Element" num="53" count="103" type="method"/>
            <line num="54" count="103" type="stmt"/>
            <line complexity="2" visibility="public" signature="title() : String" num="61" count="3" type="method"/>
            <line num="62" count="3" type="stmt"/>
            <line num="63" count="3" type="stmt"/>
            <line falsecount="0" truecount="3" num="63" type="cond"/>
            <line complexity="2" visibility="public" signature="title(String) : void" num="71" count="0" type="method"/>
            <line num="72" count="0" type="stmt"/>
            <line num="73" count="0" type="stmt"/>
            <line num="74" count="0" type="stmt"/>
            <line falsecount="0" truecount="0" num="74" type="cond"/>
            <line num="75" count="0" type="stmt"/>
            <line num="77" count="0" type="stmt"/>
            <line complexity="1" visibility="public" signature="createElement(String) : Element" num="86" count="0" type="method"/>
            <line num="87" count="0" type="stmt"/>
            <line complexity="4" visibility="public" signature="normalise() : Document" num="95" count="74" type="method"/>
            <line num="96" count="74" type="stmt"/>
            <line falsecount="73" truecount="1" num="96" type="cond"/>
            <line num="97" count="1" type="stmt"/>
            <line num="98" count="74" type="stmt"/>
            <line falsecount="73" truecount="1" num="98" type="cond"/>
            <line num="99" count="1" type="stmt"/>
            <line num="100" count="74" type="stmt"/>
            <line falsecount="73" truecount="1" num="100" type="cond"/>
            <line num="101" count="1" type="stmt"/>
            <line num="105" count="74" type="stmt"/>
            <line num="106" count="74" type="stmt"/>
            <line num="107" count="74" type="stmt"/>
            <line num="109" count="74" type="stmt"/>
            <line complexity="3" visibility="private" signature="normalise(Element) : void" num="113" count="222" type="method"/>
            <line num="114" count="222" type="stmt"/>
            <line num="115" count="222" type="stmt"/>
            <line num="116" count="305" type="stmt"/>
            <line falsecount="274" truecount="31" num="116" type="cond"/>
            <line num="117" count="31" type="stmt"/>
            <line num="118" count="31" type="stmt"/>
            <line falsecount="30" truecount="1" num="118" type="cond"/>
            <line num="119" count="1" type="stmt"/>
            <line num="123" count="222" type="stmt"/>
            <line num="124" count="1" type="stmt"/>
            <line num="125" count="1" type="stmt"/>
            <line num="126" count="1" type="stmt"/>
            <line complexity="1" visibility="public" signature="outerHtml() : String" num="130" count="0" type="method"/>
            <line num="132" count="0" type="stmt"/>
            <line complexity="1" visibility="public" signature="text(String) : Element" num="140" count="0" type="method"/>
            <line num="142" count="0" type="stmt"/>
            <line num="143" count="0" type="stmt"/>
            <line complexity="1" visibility="public" signature="nodeName() : String" num="146" count="0" type="method"/>
            <line num="148" count="0" type="stmt"/>
         </file>
         <file path="/home/sepehr/masters/test_generation/model_generated_coverage/jsoup1f_nopt_0/src/main/java/org/jsoup/nodes/Evaluator.java" name="Evaluator.java">
            <metrics coveredelements="26" coveredconditionals="0" complexity="28" loc="172" coveredmethods="12" methods="28" elements="58" classes="16" ncloc="127" statements="30" conditionals="0" coveredstatements="14"/>
            <class name="Evaluator">
               <metrics coveredelements="1" coveredconditionals="0" complexity="1" coveredmethods="1" methods="1" elements="1" statements="0" conditionals="0" coveredstatements="0"/>
            </class>
            <class name="Evaluator.Tag">
               <metrics coveredelements="4" coveredconditionals="0" complexity="2" coveredmethods="2" methods="2" elements="4" statements="2" conditionals="0" coveredstatements="2"/>
            </class>
            <class name="Evaluator.Id">
               <metrics coveredelements="4" coveredconditionals="0" complexity="2" coveredmethods="2" methods="2" elements="4" statements="2" conditionals="0" coveredstatements="2"/>
            </class>
            <class name="Evaluator.Class">
               <metrics coveredelements="4" coveredconditionals="0" complexity="2" coveredmethods="2" methods="2" elements="4" statements="2" conditionals="0" coveredstatements="2"/>
            </class>
            <class name="Evaluator.Attribute">
               <metrics coveredelements="0" coveredconditionals="0" complexity="2" coveredmethods="0" methods="2" elements="4" statements="2" conditionals="0" coveredstatements="0"/>
            </class>
            <class name="Evaluator.AttributeWithValue">
               <metrics coveredelements="4" coveredconditionals="0" complexity="2" coveredmethods="2" methods="2" elements="4" statements="2" conditionals="0" coveredstatements="2"/>
            </class>
            <class name="Evaluator.AttributeWithValueNot">
               <metrics coveredelements="0" coveredconditionals="0" complexity="2" coveredmethods="0" methods="2" elements="4" statements="2" conditionals="0" coveredstatements="0"/>
            </class>
            <class name="Evaluator.AttributeWithValueStarting">
               <metrics coveredelements="0" coveredconditionals="0" complexity="2" coveredmethods="0" methods="2" elements="4" statements="2" conditionals="0" coveredstatements="0"/>
            </class>
            <class name="Evaluator.AttributeWithValueEnding">
               <metrics coveredelements="0" coveredconditionals="0" complexity="2" coveredmethods="0" methods="2" elements="4" statements="2" conditionals="0" coveredstatements="0"/>
            </class>
            <class name="Evaluator.AttributeWithValueContaining">
               <metrics coveredelements="4" coveredconditionals="0" complexity="2" coveredmethods="2" methods="2" elements="4" statements="2" conditionals="0" coveredstatements="2"/>
            </class>
            <class name="Evaluator.AttributeKeyPair">
               <metrics coveredelements="5" coveredconditionals="0" complexity="1" coveredmethods="1" methods="1" elements="5" statements="4" conditionals="0" coveredstatements="4"/>
            </class>
            <class name="Evaluator.AllElements">
               <metrics coveredelements="0" coveredconditionals="0" complexity="1" coveredmethods="0" methods="1" elements="2" statements="1" conditionals="0" coveredstatements="0"/>
            </class>
            <class name="Evaluator.IndexLessThan">
               <metrics coveredelements="0" coveredconditionals="0" complexity="2" coveredmethods="0" methods="2" elements="4" statements="2" conditionals="0" coveredstatements="0"/>
            </class>
            <class name="Evaluator.IndexGreaterThan">
               <metrics coveredelements="0" coveredconditionals="0" complexity="2" coveredmethods="0" methods="2" elements="4" statements="2" conditionals="0" coveredstatements="0"/>
            </class>
            <class name="Evaluator.IndexEquals">
               <metrics coveredelements="0" coveredconditionals="0" complexity="2" coveredmethods="0" methods="2" elements="4" statements="2" conditionals="0" coveredstatements="0"/>
            </class>
            <class name="Evaluator.IndexEvaluator">
               <metrics coveredelements="0" coveredconditionals="0" complexity="1" coveredmethods="0" methods="1" elements="2" statements="1" conditionals="0" coveredstatements="0"/>
            </class>
            <line complexity="1" visibility="private" signature="Evaluator()" num="12" count="545" type="method"/>
            <line complexity="1" visibility="package" signature="Tag(String)" num="21" count="505" type="method"/>
            <line num="22" count="505" type="stmt"/>
            <line complexity="1" visibility="public" signature="matches(Element) : boolean" num="25" count="28752" type="method"/>
            <line num="26" count="28752" type="stmt"/>
            <line complexity="1" visibility="package" signature="Id(String)" num="32" count="6" type="method"/>
            <line num="33" count="6" type="stmt"/>
            <line complexity="1" visibility="public" signature="matches(Element) : boolean" num="36" count="39" type="method"/>
            <line num="37" count="39" type="stmt"/>
            <line complexity="1" visibility="package" signature="Class(String)" num="43" count="2" type="method"/>
            <line num="44" count="2" type="stmt"/>
            <line complexity="1" visibility="public" signature="matches(Element) : boolean" num="47" count="2523" type="method"/>
            <line num="48" count="2523" type="stmt"/>
            <line complexity="1" visibility="package" signature="Attribute(String)" num="55" count="0" type="method"/>
            <line num="56" count="0" type="stmt"/>
            <line complexity="1" visibility="public" signature="matches(Element) : boolean" num="59" count="0" type="method"/>
            <line num="60" count="0" type="stmt"/>
            <line complexity="1" visibility="package" signature="AttributeWithValue(String,String)" num="65" count="9" type="method"/>
            <line num="66" count="9" type="stmt"/>
            <line complexity="1" visibility="public" signature="matches(Element) : boolean" num="69" count="2819" type="method"/>
            <line num="70" count="2819" type="stmt"/>
            <line complexity="1" visibility="package" signature="AttributeWithValueNot(String,String)" num="75" count="0" type="method"/>
            <line num="76" count="0" type="stmt"/>
            <line complexity="1" visibility="public" signature="matches(Element) : boolean" num="79" count="0" type="method"/>
            <line num="80" count="0" type="stmt"/>
            <line complexity="1" visibility="package" signature="AttributeWithValueStarting(String,String)" num="85" count="0" type="method"/>
            <line num="86" count="0" type="stmt"/>
            <line complexity="1" visibility="public" signature="matches(Element) : boolean" num="89" count="0" type="method"/>
            <line num="90" count="0" type="stmt"/>
            <line complexity="1" visibility="package" signature="AttributeWithValueEnding(String,String)" num="95" count="0" type="method"/>
            <line num="96" count="0" type="stmt"/>
            <line complexity="1" visibility="public" signature="matches(Element) : boolean" num="99" count="0" type="method"/>
            <line num="100" count="0" type="stmt"/>
            <line complexity="1" visibility="package" signature="AttributeWithValueContaining(String,String)" num="105" count="1" type="method"/>
            <line num="106" count="1" type="stmt"/>
            <line complexity="1" visibility="public" signature="matches(Element) : boolean" num="109" count="1999" type="method"/>
            <line num="110" count="1999" type="stmt"/>
            <line complexity="1" visibility="package" signature="AttributeKeyPair(String,String)" num="118" count="12" type="method"/>
            <line num="119" count="12" type="stmt"/>
            <line num="120" count="12" type="stmt"/>
            <line num="122" count="12" type="stmt"/>
            <line num="123" count="12" type="stmt"/>
            <line complexity="1" visibility="public" signature="matches(Element) : boolean" num="128" count="0" type="method"/>
            <line num="129" count="0" type="stmt"/>
            <line complexity="1" visibility="package" signature="IndexLessThan(int)" num="134" count="0" type="method"/>
            <line num="135" count="0" type="stmt"/>
            <line complexity="1" visibility="public" signature="matches(Element) : boolean" num="138" count="0" type="method"/>
            <line num="139" count="0" type="stmt"/>
            <line complexity="1" visibility="package" signature="IndexGreaterThan(int)" num="144" count="0" type="method"/>
            <line num="145" count="0" type="stmt"/>
            <line complexity="1" visibility="public" signature="matches(Element) : boolean" num="148" count="0" type="method"/>
            <line num="149" count="0" type="stmt"/>
            <line complexity="1" visibility="package" signature="IndexEquals(int)" num="154" count="0" type="method"/>
            <line num="155" count="0" type="stmt"/>
            <line complexity="1" visibility="public" signature="matches(Element) : boolean" num="158" count="0" type="method"/>
            <line num="159" count="0" type="stmt"/>
            <line complexity="1" visibility="package" signature="IndexEvaluator(int)" num="166" count="0" type="method"/>
            <line num="167" count="0" type="stmt"/>
         </file>
         <file path="/home/sepehr/masters/test_generation/model_generated_coverage/jsoup1f_nopt_0/src/main/java/org/jsoup/nodes/TextNode.java" name="TextNode.java">
            <metrics coveredelements="32" coveredconditionals="4" complexity="19" loc="106" coveredmethods="9" methods="12" elements="43" classes="1" ncloc="57" statements="25" conditionals="6" coveredstatements="19"/>
            <class name="TextNode">
               <metrics coveredelements="32" coveredconditionals="4" complexity="19" coveredmethods="9" methods="12" elements="43" statements="25" conditionals="6" coveredstatements="19"/>
            </class>
            <line complexity="1" visibility="public" signature="TextNode(String,String)" num="21" count="4694" type="method"/>
            <line num="22" count="4694" type="stmt"/>
            <line num="23" count="4694" type="stmt"/>
            <line complexity="1" visibility="public" signature="nodeName() : String" num="26" count="0" type="method"/>
            <line num="27" count="0" type="stmt"/>
            <line complexity="1" visibility="public" signature="text() : String" num="35" count="1" type="method"/>
            <line num="36" count="1" type="stmt"/>
            <line complexity="1" visibility="public" signature="text(String) : TextNode" num="44" count="0" type="method"/>
            <line num="45" count="0" type="stmt"/>
            <line num="46" count="0" type="stmt"/>
            <line complexity="1" visibility="public" signature="getWholeText() : String" num="53" count="125" type="method"/>
            <line num="54" count="125" type="stmt"/>
            <line complexity="1" visibility="public" signature="isBlank() : boolean" num="61" count="56" type="method"/>
            <line num="62" count="56" type="stmt"/>
            <line complexity="7" visibility="package" signature="outerHtml(StringBuilder) : void" num="65" count="18" type="method"/>
            <line num="66" count="18" type="stmt"/>
            <line num="67" count="18" type="stmt"/>
            <line falsecount="5" truecount="0" num="67" type="cond"/>
            <line num="68" count="0" type="stmt"/>
            <line num="71" count="18" type="stmt"/>
            <line falsecount="16" truecount="0" num="71" type="cond"/>
            <line num="72" count="0" type="stmt"/>
            <line num="73" count="18" type="stmt"/>
            <line complexity="1" visibility="public" signature="toString() : String" num="76" count="0" type="method"/>
            <line num="77" count="0" type="stmt"/>
            <line complexity="1" visibility="public" signature="createFromEncoded(String,String) : TextNode" num="85" count="4673" type="method"/>
            <line num="86" count="4673" type="stmt"/>
            <line num="87" count="4673" type="stmt"/>
            <line complexity="1" visibility="package" signature="normaliseWhitespace(String) : String" num="90" count="98" type="method"/>
            <line num="91" count="98" type="stmt"/>
            <line num="92" count="98" type="stmt"/>
            <line complexity="1" visibility="package" signature="stripLeadingWhitespace(String) : String" num="95" count="4" type="method"/>
            <line num="96" count="4" type="stmt"/>
            <line complexity="2" visibility="package" signature="lastCharIsWhitespace(StringBuilder) : boolean" num="99" count="29" type="method"/>
            <line num="100" count="29" type="stmt"/>
            <line falsecount="5" truecount="24" num="100" type="cond"/>
            <line num="101" count="24" type="stmt"/>
            <line num="102" count="5" type="stmt"/>
            <line num="103" count="5" type="stmt"/>
            <line num="104" count="5" type="stmt"/>
         </file>
         <file path="/home/sepehr/masters/test_generation/model_generated_coverage/jsoup1f_nopt_0/src/main/java/org/jsoup/nodes/Attributes.java" name="Attributes.java">
            <metrics coveredelements="16" coveredconditionals="2" complexity="19" loc="138" coveredmethods="5" methods="13" elements="57" classes="1" ncloc="65" statements="32" conditionals="12" coveredstatements="9"/>
            <class name="Attributes">
               <metrics coveredelements="16" coveredconditionals="2" complexity="19" coveredmethods="5" methods="13" elements="57" statements="32" conditionals="12" coveredstatements="9"/>
            </class>
            <line complexity="2" visibility="public" signature="get(String) : String" num="27" count="2879" type="method"/>
            <line num="28" count="2879" type="stmt"/>
            <line num="30" count="2879" type="stmt"/>
            <line num="31" count="2879" type="stmt"/>
            <line falsecount="0" truecount="2879" num="31" type="cond"/>
            <line complexity="1" visibility="public" signature="put(String,String) : void" num="39" count="5491" type="method"/>
            <line num="40" count="5491" type="stmt"/>
            <line num="41" count="5491" type="stmt"/>
            <line complexity="1" visibility="public" signature="put(Attribute) : void" num="48" count="9175" type="method"/>
            <line num="49" count="9175" type="stmt"/>
            <line num="50" count="9175" type="stmt"/>
            <line complexity="1" visibility="public" signature="remove(String) : void" num="57" count="0" type="method"/>
            <line num="58" count="0" type="stmt"/>
            <line num="59" count="0" type="stmt"/>
            <line complexity="1" visibility="public" signature="hasKey(String) : boolean" num="67" count="7414" type="method"/>
            <line num="68" count="7414" type="stmt"/>
            <line complexity="1" visibility="public" signature="size() : int" num="75" count="0" type="method"/>
            <line num="76" count="0" type="stmt"/>
            <line complexity="1" visibility="public" signature="addAll(Attributes) : void" num="83" count="0" type="method"/>
            <line num="84" count="0" type="stmt"/>
            <line complexity="1" visibility="public" signature="iterator() : Iterator&lt;Attribute&gt;" num="87" count="0" type="method"/>
            <line num="88" count="0" type="stmt"/>
            <line complexity="1" visibility="public" signature="asList() : List&lt;Attribute&gt;" num="96" count="0" type="method"/>
            <line num="97" count="0" type="stmt"/>
            <line num="98" count="0" type="stmt"/>
            <line num="99" count="0" type="stmt"/>
            <line num="101" count="0" type="stmt"/>
            <line complexity="1" visibility="public" signature="html() : String" num="108" count="0" type="method"/>
            <line num="109" count="0" type="stmt"/>
            <line num="110" count="0" type="stmt"/>
            <line num="111" count="0" type="stmt"/>
            <line num="112" count="0" type="stmt"/>
            <line num="114" count="0" type="stmt"/>
            <line complexity="1" visibility="public" signature="toString() : String" num="117" count="0" type="method"/>
            <line num="118" count="0" type="stmt"/>
            <line complexity="5" visibility="public" signature="equals(Object) : boolean" num="121" count="0" type="method"/>
            <line num="123" count="0" type="stmt"/>
            <line num="123" count="0" type="stmt"/>
            <line falsecount="0" truecount="0" num="123" type="cond"/>
            <line num="124" count="0" type="stmt"/>
            <line num="124" count="0" type="stmt"/>
            <line falsecount="0" truecount="0" num="124" type="cond"/>
            <line num="126" count="0" type="stmt"/>
            <line num="128" count="0" type="stmt"/>
            <line num="128" count="0" type="stmt"/>
            <line falsecount="0" truecount="0" num="128" type="cond"/>
            <line falsecount="0" truecount="0" num="128" type="cond"/>
            <line num="130" count="0" type="stmt"/>
            <line complexity="2" visibility="public" signature="hashCode() : int" num="133" count="34434" type="method"/>
            <line num="135" count="34434" type="stmt"/>
            <line falsecount="0" truecount="34434" num="135" type="cond"/>
         </file>
         <file path="/home/sepehr/masters/test_generation/model_generated_coverage/jsoup1f_nopt_0/src/main/java/org/jsoup/nodes/Attribute.java" name="Attribute.java">
            <metrics coveredelements="18" coveredconditionals="2" complexity="18" loc="107" coveredmethods="5" methods="10" elements="53" classes="1" ncloc="52" statements="27" conditionals="16" coveredstatements="11"/>
            <class name="Attribute">
               <metrics coveredelements="18" coveredconditionals="2" complexity="18" coveredmethods="5" methods="10" elements="53" statements="27" conditionals="16" coveredstatements="11"/>
            </class>
            <line complexity="1" visibility="public" signature="Attribute(String,String)" num="20" count="9175" type="method"/>
            <line num="21" count="9175" type="stmt"/>
            <line num="22" count="9175" type="stmt"/>
            <line num="23" count="9175" type="stmt"/>
            <line num="24" count="9175" type="stmt"/>
            <line complexity="1" visibility="public" signature="getKey() : String" num="31" count="9175" type="method"/>
            <line num="32" count="9175" type="stmt"/>
            <line complexity="1" visibility="public" signature="setKey(String) : void" num="39" count="0" type="method"/>
            <line num="40" count="0" type="stmt"/>
            <line num="41" count="0" type="stmt"/>
            <line complexity="1" visibility="public" signature="getValue() : String" num="48" count="2879" type="method"/>
            <line num="49" count="2879" type="stmt"/>
            <line complexity="1" visibility="public" signature="setValue(String) : void" num="56" count="0" type="method"/>
            <line num="57" count="0" type="stmt"/>
            <line num="58" count="0" type="stmt"/>
            <line complexity="1" visibility="public" signature="html() : String" num="65" count="0" type="method"/>
            <line num="66" count="0" type="stmt"/>
            <line complexity="1" visibility="public" signature="toString() : String" num="73" count="0" type="method"/>
            <line num="74" count="0" type="stmt"/>
            <line complexity="1" visibility="public" signature="createFromEncoded(String,String) : Attribute" num="83" count="3684" type="method"/>
            <line num="84" count="3684" type="stmt"/>
            <line num="85" count="3684" type="stmt"/>
            <line complexity="7" visibility="public" signature="equals(Object) : boolean" num="88" count="0" type="method"/>
            <line num="90" count="0" type="stmt"/>
            <line num="90" count="0" type="stmt"/>
            <line falsecount="0" truecount="0" num="90" type="cond"/>
            <line num="91" count="0" type="stmt"/>
            <line num="91" count="0" type="stmt"/>
            <line falsecount="0" truecount="0" num="91" type="cond"/>
            <line num="93" count="0" type="stmt"/>
            <line num="95" count="0" type="stmt"/>
            <line num="95" count="0" type="stmt"/>
            <line falsecount="0" truecount="0" num="95" type="cond"/>
            <line falsecount="0" truecount="0" num="95" type="cond"/>
            <line num="96" count="0" type="stmt"/>
            <line num="96" count="0" type="stmt"/>
            <line falsecount="0" truecount="0" num="96" type="cond"/>
            <line falsecount="0" truecount="0" num="96" type="cond"/>
            <line num="98" count="0" type="stmt"/>
            <line complexity="3" visibility="public" signature="hashCode() : int" num="101" count="34911" type="method"/>
            <line num="103" count="34911" type="stmt"/>
            <line falsecount="0" truecount="34911" num="103" type="cond"/>
            <line num="104" count="34911" type="stmt"/>
            <line falsecount="0" truecount="34911" num="104" type="cond"/>
            <line num="105" count="34911" type="stmt"/>
         </file>
         <file path="/home/sepehr/masters/test_generation/model_generated_coverage/jsoup1f_nopt_0/src/main/java/org/jsoup/nodes/Node.java" name="Node.java">
            <metrics coveredelements="75" coveredconditionals="13" complexity="46" loc="348" coveredmethods="14" methods="30" elements="157" classes="1" ncloc="187" statements="99" conditionals="28" coveredstatements="48"/>
            <class name="Node">
               <metrics coveredelements="75" coveredconditionals="13" complexity="46" coveredmethods="14" methods="30" elements="157" statements="99" conditionals="28" coveredstatements="48"/>
            </class>
            <line complexity="1" visibility="protected" signature="Node(String,Attributes)" num="28" count="9383" type="method"/>
            <line num="29" count="9383" type="stmt"/>
            <line num="30" count="9383" type="stmt"/>
            <line num="32" count="9383" type="stmt"/>
            <line num="33" count="9383" type="stmt"/>
            <line num="34" count="9383" type="stmt"/>
            <line complexity="1" visibility="protected" signature="Node(String)" num="37" count="5490" type="method"/>
            <line num="38" count="5490" type="stmt"/>
            <line complexity="3" visibility="public" signature="attr(String) : String" num="59" count="4887" type="method"/>
            <line num="60" count="4887" type="stmt"/>
            <line num="62" count="4887" type="stmt"/>
            <line falsecount="3481" truecount="1406" num="62" type="cond"/>
            <line num="63" count="1406" type="stmt"/>
            <line num="64" count="3481" type="stmt"/>
            <line falsecount="3478" truecount="3" num="64" type="cond"/>
            <line num="65" count="3" type="stmt"/>
            <line num="66" count="3478" type="stmt"/>
            <line complexity="1" visibility="public" signature="attributes() : Attributes" num="73" count="0" type="method"/>
            <line num="74" count="0" type="stmt"/>
            <line complexity="1" visibility="public" signature="attr(String,String) : Node" num="83" count="0" type="method"/>
            <line num="84" count="0" type="stmt"/>
            <line num="85" count="0" type="stmt"/>
            <line complexity="1" visibility="public" signature="hasAttr(String) : boolean" num="93" count="4891" type="method"/>
            <line num="94" count="4891" type="stmt"/>
            <line num="95" count="4891" type="stmt"/>
            <line complexity="1" visibility="public" signature="removeAttr(String) : Node" num="103" count="0" type="method"/>
            <line num="104" count="0" type="stmt"/>
            <line num="105" count="0" type="stmt"/>
            <line num="106" count="0" type="stmt"/>
            <line complexity="1" visibility="public" signature="baseUri() : String" num="113" count="56" type="method"/>
            <line num="114" count="56" type="stmt"/>
            <line complexity="1" visibility="public" signature="setBaseUri(String) : void" num="121" count="1" type="method"/>
            <line num="122" count="1" type="stmt"/>
            <line num="123" count="1" type="stmt"/>
            <line complexity="4" visibility="public" signature="absUrl(String) : String" num="143" count="4" type="method"/>
            <line num="144" count="4" type="stmt"/>
            <line num="146" count="4" type="stmt"/>
            <line num="147" count="4" type="stmt"/>
            <line falsecount="4" truecount="0" num="147" type="cond"/>
            <line num="148" count="0" type="stmt"/>
            <line num="150" count="4" type="stmt"/>
            <line num="151" count="4" type="stmt"/>
            <line num="152" count="4" type="stmt"/>
            <line num="153" count="4" type="stmt"/>
            <line num="156" count="0" type="stmt"/>
            <line num="157" count="0" type="stmt"/>
            <line num="159" count="4" type="stmt"/>
            <line num="160" count="4" type="stmt"/>
            <line num="162" count="0" type="stmt"/>
            <line complexity="1" visibility="public" signature="childNode(int) : Node" num="172" count="0" type="method"/>
            <line num="173" count="0" type="stmt"/>
            <line complexity="1" visibility="public" signature="childNodes() : List&lt;Node&gt;" num="181" count="0" type="method"/>
            <line num="182" count="0" type="stmt"/>
            <line complexity="1" visibility="public" signature="parent() : Node" num="189" count="956" type="method"/>
            <line num="190" count="956" type="stmt"/>
            <line complexity="1" visibility="public" signature="remove() : void" num="196" count="0" type="method"/>
            <line num="197" count="0" type="stmt"/>
            <line num="198" count="0" type="stmt"/>
            <line complexity="1" visibility="public" signature="replaceWith(Node) : void" num="205" count="0" type="method"/>
            <line num="206" count="0" type="stmt"/>
            <line num="207" count="0" type="stmt"/>
            <line num="208" count="0" type="stmt"/>
            <line complexity="2" visibility="protected" signature="setParentNode(Node) : void" num="211" count="9300" type="method"/>
            <line num="212" count="9300" type="stmt"/>
            <line falsecount="9298" truecount="0" num="212" type="cond"/>
            <line num="213" count="0" type="stmt"/>
            <line num="214" count="9298" type="stmt"/>
            <line complexity="2" visibility="protected" signature="replaceChild(Node,Node) : void" num="217" count="0" type="method"/>
            <line num="218" count="0" type="stmt"/>
            <line num="219" count="0" type="stmt"/>
            <line num="220" count="0" type="stmt"/>
            <line falsecount="0" truecount="0" num="220" type="cond"/>
            <line num="221" count="0" type="stmt"/>
            <line num="223" count="0" type="stmt"/>
            <line num="224" count="0" type="stmt"/>
            <line num="225" count="0" type="stmt"/>
            <line num="226" count="0" type="stmt"/>
            <line complexity="1" visibility="protected" signature="removeChild(Node) : void" num="229" count="4" type="method"/>
            <line num="230" count="4" type="stmt"/>
            <line num="231" count="4" type="stmt"/>
            <line num="232" count="4" type="stmt"/>
            <line num="233" count="4" type="stmt"/>
            <line complexity="2" visibility="protected" signature="addChild(Node) : void" num="236" count="0" type="method"/>
            <line num="237" count="0" type="stmt"/>
            <line num="238" count="0" type="stmt"/>
            <line falsecount="0" truecount="0" num="238" type="cond"/>
            <line num="239" count="0" type="stmt"/>
            <line num="241" count="0" type="stmt"/>
            <line num="242" count="0" type="stmt"/>
            <line complexity="2" visibility="protected" signature="nodeDepth() : int" num="245" count="0" type="method"/>
            <line num="246" count="0" type="stmt"/>
            <line falsecount="0" truecount="0" num="246" type="cond"/>
            <line num="247" count="0" type="stmt"/>
            <line num="249" count="0" type="stmt"/>
            <line complexity="1" visibility="public" signature="siblingNodes() : List&lt;Node&gt;" num="256" count="0" type="method"/>
            <line num="257" count="0" type="stmt"/>
            <line complexity="2" visibility="public" signature="nextSibling() : Node" num="264" count="0" type="method"/>
            <line num="265" count="0" type="stmt"/>
            <line num="266" count="0" type="stmt"/>
            <line num="267" count="0" type="stmt"/>
            <line num="268" count="0" type="stmt"/>
            <line falsecount="0" truecount="0" num="268" type="cond"/>
            <line num="269" count="0" type="stmt"/>
            <line num="271" count="0" type="stmt"/>
            <line complexity="2" visibility="public" signature="previousSibling() : Node" num="278" count="0" type="method"/>
            <line num="279" count="0" type="stmt"/>
            <line num="280" count="0" type="stmt"/>
            <line num="281" count="0" type="stmt"/>
            <line num="282" count="0" type="stmt"/>
            <line falsecount="0" truecount="0" num="282" type="cond"/>
            <line num="283" count="0" type="stmt"/>
            <line num="285" count="0" type="stmt"/>
            <line complexity="1" visibility="public" signature="siblingIndex() : Integer" num="294" count="0" type="method"/>
            <line num="295" count="0" type="stmt"/>
            <line complexity="3" visibility="protected" signature="indexInList(N,List&lt;N&gt;) : Integer" num="298" count="127" type="method"/>
            <line num="299" count="127" type="stmt"/>
            <line num="300" count="127" type="stmt"/>
            <line num="302" count="127" type="stmt"/>
            <line falsecount="0" truecount="197" num="302" type="cond"/>
            <line num="303" count="197" type="stmt"/>
            <line num="304" count="197" type="stmt"/>
            <line falsecount="0" truecount="127" num="304" type="cond"/>
            <line num="305" count="127" type="stmt"/>
            <line num="307" count="0" type="stmt"/>
            <line complexity="1" visibility="public" signature="outerHtml() : String" num="314" count="1" type="method"/>
            <line num="315" count="1" type="stmt"/>
            <line num="316" count="1" type="stmt"/>
            <line num="317" count="1" type="stmt"/>
            <line complexity="1" visibility="public" signature="toString() : String" num="326" count="0" type="method"/>
            <line num="327" count="0" type="stmt"/>
            <line complexity="1" visibility="protected" signature="indent(StringBuilder) : void" num="330" count="0" type="method"/>
            <line num="331" count="0" type="stmt"/>
            <line complexity="2" visibility="public" signature="equals(Object) : boolean" num="334" count="6511" type="method"/>
            <line num="336" count="6511" type="stmt"/>
            <line num="336" count="3" type="stmt"/>
            <line falsecount="6508" truecount="3" num="336" type="cond"/>
            <line num="338" count="6508" type="stmt"/>
            <line complexity="3" visibility="public" signature="hashCode() : int" num="341" count="34434" type="method"/>
            <line num="343" count="34434" type="stmt"/>
            <line falsecount="2823" truecount="31611" num="343" type="cond"/>
            <line num="345" count="34434" type="stmt"/>
            <line falsecount="0" truecount="34434" num="345" type="cond"/>
            <line num="346" count="34434" type="stmt"/>
         </file>
         <file path="/home/sepehr/masters/test_generation/model_generated_coverage/jsoup1f_nopt_0/src/test/java/org/jsoup/nodes/DocumentTest.java" name="DocumentTest.java">
            <metrics coveredelements="0" coveredconditionals="0" complexity="0" loc="16" coveredmethods="0" methods="0" elements="0" classes="1" ncloc="6" statements="0" conditionals="0" coveredstatements="0"/>
            <class name="DocumentTest">
               <metrics coveredelements="0" coveredconditionals="0" complexity="0" coveredmethods="0" methods="0" elements="0" statements="0" conditionals="0" coveredstatements="0"/>
            </class>
         </file>
         <file path="/home/sepehr/masters/test_generation/model_generated_coverage/jsoup1f_nopt_0/src/test/java/org/jsoup/nodes/NodeTest.java" name="NodeTest.java">
            <metrics coveredelements="0" coveredconditionals="0" complexity="0" loc="20" coveredmethods="0" methods="0" elements="0" classes="1" ncloc="7" statements="0" conditionals="0" coveredstatements="0"/>
            <class name="NodeTest">
               <metrics coveredelements="0" coveredconditionals="0" complexity="0" coveredmethods="0" methods="0" elements="0" statements="0" conditionals="0" coveredstatements="0"/>
            </class>
         </file>
      </package>
      <package name="org.jsoup.safety">
         <metrics coveredelements="99" complexity="52" loc="549" methods="32" classes="8" statements="153" coveredconditionals="10" coveredmethods="18" elements="225" ncloc="321" files="2" conditionals="40" coveredstatements="71"/>
         <file path="/home/sepehr/masters/test_generation/model_generated_coverage/jsoup1f_nopt_0/src/main/java/org/jsoup/safety/Cleaner.java" name="Cleaner.java">
            <metrics coveredelements="0" coveredconditionals="0" complexity="10" loc="129" coveredmethods="0" methods="6" elements="56" classes="2" ncloc="72" statements="42" conditionals="8" coveredstatements="0"/>
            <class name="Cleaner">
               <metrics coveredelements="0" coveredconditionals="0" complexity="9" coveredmethods="0" methods="5" elements="53" statements="40" conditionals="8" coveredstatements="0"/>
            </class>
            <class name="Cleaner.ElementMeta">
               <metrics coveredelements="0" coveredconditionals="0" complexity="1" coveredmethods="0" methods="1" elements="3" statements="2" conditionals="0" coveredstatements="0"/>
            </class>
            <line complexity="1" visibility="public" signature="Cleaner(Whitelist)" num="28" count="0" type="method"/>
            <line num="29" count="0" type="stmt"/>
            <line num="30" count="0" type="stmt"/>
            <line complexity="1" visibility="public" signature="clean(Document) : Document" num="39" count="0" type="method"/>
            <line num="40" count="0" type="stmt"/>
            <line num="42" count="0" type="stmt"/>
            <line num="43" count="0" type="stmt"/>
            <line num="45" count="0" type="stmt"/>
            <line complexity="1" visibility="public" signature="isValid(Document) : boolean" num="58" count="0" type="method"/>
            <line num="59" count="0" type="stmt"/>
            <line num="61" count="0" type="stmt"/>
            <line num="62" count="0" type="stmt"/>
            <line num="63" count="0" type="stmt"/>
            <line complexity="4" visibility="private" signature="copySafeNodes(Element,Element) : int" num="72" count="0" type="method"/>
            <line num="73" count="0" type="stmt"/>
            <line num="74" count="0" type="stmt"/>
            <line num="76" count="0" type="stmt"/>
            <line num="77" count="0" type="stmt"/>
            <line falsecount="0" truecount="0" num="77" type="cond"/>
            <line num="78" count="0" type="stmt"/>
            <line num="80" count="0" type="stmt"/>
            <line falsecount="0" truecount="0" num="80" type="cond"/>
            <line num="81" count="0" type="stmt"/>
            <line num="82" count="0" type="stmt"/>
            <line num="83" count="0" type="stmt"/>
            <line num="85" count="0" type="stmt"/>
            <line num="86" count="0" type="stmt"/>
            <line num="88" count="0" type="stmt"/>
            <line num="89" count="0" type="stmt"/>
            <line num="91" count="0" type="stmt"/>
            <line falsecount="0" truecount="0" num="91" type="cond"/>
            <line num="92" count="0" type="stmt"/>
            <line num="93" count="0" type="stmt"/>
            <line num="94" count="0" type="stmt"/>
            <line num="97" count="0" type="stmt"/>
            <line complexity="2" visibility="private" signature="createSafeElement(Element) : ElementMeta" num="100" count="0" type="method"/>
            <line num="101" count="0" type="stmt"/>
            <line num="102" count="0" type="stmt"/>
            <line num="103" count="0" type="stmt"/>
            <line num="104" count="0" type="stmt"/>
            <line num="106" count="0" type="stmt"/>
            <line num="107" count="0" type="stmt"/>
            <line num="108" count="0" type="stmt"/>
            <line falsecount="0" truecount="0" num="108" type="cond"/>
            <line num="109" count="0" type="stmt"/>
            <line num="111" count="0" type="stmt"/>
            <line num="113" count="0" type="stmt"/>
            <line num="114" count="0" type="stmt"/>
            <line num="116" count="0" type="stmt"/>
            <line complexity="1" visibility="package" signature="ElementMeta(Element,int)" num="123" count="0" type="method"/>
            <line num="124" count="0" type="stmt"/>
            <line num="125" count="0" type="stmt"/>
         </file>
         <file path="/home/sepehr/masters/test_generation/model_generated_coverage/jsoup1f_nopt_0/src/main/java/org/jsoup/safety/Whitelist.java" name="Whitelist.java">
            <metrics coveredelements="99" coveredconditionals="10" complexity="42" loc="420" coveredmethods="18" methods="26" elements="169" classes="6" ncloc="249" statements="111" conditionals="32" coveredstatements="71"/>
            <class name="Whitelist">
               <metrics coveredelements="61" coveredconditionals="4" complexity="23" coveredmethods="7" methods="14" elements="115" statements="83" conditionals="18" coveredstatements="50"/>
            </class>
            <class name="Whitelist.TagName">
               <metrics coveredelements="4" coveredconditionals="0" complexity="2" coveredmethods="2" methods="2" elements="4" statements="2" conditionals="0" coveredstatements="2"/>
            </class>
            <class name="Whitelist.AttributeKey">
               <metrics coveredelements="4" coveredconditionals="0" complexity="2" coveredmethods="2" methods="2" elements="4" statements="2" conditionals="0" coveredstatements="2"/>
            </class>
            <class name="Whitelist.AttributeValue">
               <metrics coveredelements="4" coveredconditionals="0" complexity="2" coveredmethods="2" methods="2" elements="4" statements="2" conditionals="0" coveredstatements="2"/>
            </class>
            <class name="Whitelist.Protocol">
               <metrics coveredelements="4" coveredconditionals="0" complexity="2" coveredmethods="2" methods="2" elements="4" statements="2" conditionals="0" coveredstatements="2"/>
            </class>
            <class name="Whitelist.TypedValue">
               <metrics coveredelements="22" coveredconditionals="6" complexity="11" coveredmethods="3" methods="4" elements="38" statements="20" conditionals="14" coveredstatements="13"/>
            </class>
            <line complexity="1" visibility="public" signature="none() : Whitelist" num="61" count="0" type="method"/>
            <line num="62" count="0" type="stmt"/>
            <line complexity="1" visibility="public" signature="simpleText() : Whitelist" num="71" count="0" type="method"/>
            <line num="72" count="0" type="stmt"/>
            <line complexity="1" visibility="public" signature="basic() : Whitelist" num="88" count="5" type="method"/>
            <line num="89" count="5" type="stmt"/>
            <line complexity="1" visibility="public" signature="basicWithImages() : Whitelist" num="114" count="0" type="method"/>
            <line num="115" count="0" type="stmt"/>
            <line complexity="1" visibility="public" signature="relaxed() : Whitelist" num="131" count="0" type="method"/>
            <line num="132" count="0" type="stmt"/>
            <line complexity="1" visibility="public" signature="Whitelist()" num="169" count="5" type="method"/>
            <line num="170" count="5" type="stmt"/>
            <line num="171" count="5" type="stmt"/>
            <line num="172" count="5" type="stmt"/>
            <line num="173" count="5" type="stmt"/>
            <line complexity="1" visibility="public" signature="addTags(String) : Whitelist" num="182" count="6" type="method"/>
            <line num="183" count="6" type="stmt"/>
            <line num="185" count="6" type="stmt"/>
            <line num="186" count="117" type="stmt"/>
            <line num="187" count="117" type="stmt"/>
            <line num="189" count="6" type="stmt"/>
            <line complexity="2" visibility="public" signature="addAttributes(String,String) : Whitelist" num="202" count="15" type="method"/>
            <line num="203" count="15" type="stmt"/>
            <line num="204" count="15" type="stmt"/>
            <line num="206" count="15" type="stmt"/>
            <line num="207" count="15" type="stmt"/>
            <line num="208" count="15" type="stmt"/>
            <line num="209" count="15" type="stmt"/>
            <line num="210" count="15" type="stmt"/>
            <line num="212" count="15" type="stmt"/>
            <line falsecount="15" truecount="0" num="212" type="cond"/>
            <line num="213" count="0" type="stmt"/>
            <line num="214" count="0" type="stmt"/>
            <line num="216" count="15" type="stmt"/>
            <line num="218" count="15" type="stmt"/>
            <line complexity="2" visibility="public" signature="addEnforcedAttribute(String,String,String) : Whitelist" num="233" count="5" type="method"/>
            <line num="234" count="5" type="stmt"/>
            <line num="235" count="5" type="stmt"/>
            <line num="236" count="5" type="stmt"/>
            <line num="238" count="5" type="stmt"/>
            <line num="239" count="5" type="stmt"/>
            <line num="240" count="5" type="stmt"/>
            <line num="242" count="5" type="stmt"/>
            <line falsecount="5" truecount="0" num="242" type="cond"/>
            <line num="243" count="0" type="stmt"/>
            <line num="245" count="5" type="stmt"/>
            <line num="246" count="5" type="stmt"/>
            <line num="247" count="5" type="stmt"/>
            <line num="249" count="5" type="stmt"/>
            <line complexity="3" visibility="public" signature="addProtocols(String,String,String) : Whitelist" num="263" count="15" type="method"/>
            <line num="264" count="15" type="stmt"/>
            <line num="265" count="15" type="stmt"/>
            <line num="266" count="15" type="stmt"/>
            <line num="268" count="15" type="stmt"/>
            <line num="269" count="15" type="stmt"/>
            <line num="270" count="15" type="stmt"/>
            <line num="271" count="15" type="stmt"/>
            <line num="273" count="15" type="stmt"/>
            <line falsecount="15" truecount="0" num="273" type="cond"/>
            <line num="274" count="0" type="stmt"/>
            <line num="276" count="15" type="stmt"/>
            <line num="277" count="15" type="stmt"/>
            <line num="279" count="15" type="stmt"/>
            <line falsecount="15" truecount="0" num="279" type="cond"/>
            <line num="280" count="0" type="stmt"/>
            <line num="282" count="15" type="stmt"/>
            <line num="283" count="15" type="stmt"/>
            <line num="285" count="15" type="stmt"/>
            <line num="286" count="40" type="stmt"/>
            <line num="287" count="40" type="stmt"/>
            <line num="288" count="40" type="stmt"/>
            <line num="290" count="15" type="stmt"/>
            <line complexity="1" visibility="package" signature="isSafeTag(String) : boolean" num="293" count="26" type="method"/>
            <line num="294" count="26" type="stmt"/>
            <line complexity="4" visibility="package" signature="isSafeAttribute(String,Element,Attribute) : boolean" num="297" count="0" type="method"/>
            <line num="298" count="0" type="stmt"/>
            <line num="299" count="0" type="stmt"/>
            <line num="301" count="0" type="stmt"/>
            <line falsecount="0" truecount="0" num="301" type="cond"/>
            <line num="302" count="0" type="stmt"/>
            <line falsecount="0" truecount="0" num="302" type="cond"/>
            <line num="303" count="0" type="stmt"/>
            <line falsecount="0" truecount="0" num="303" type="cond"/>
            <line num="304" count="0" type="stmt"/>
            <line num="306" count="0" type="stmt"/>
            <line num="308" count="0" type="stmt"/>
            <line num="312" count="0" type="stmt"/>
            <line num="314" count="0" type="stmt"/>
            <line complexity="2" visibility="private" signature="testValidProtocol(Element,Attribute,Set&lt;Protocol&gt;) : boolean" num="317" count="0" type="method"/>
[...]
            <line num="21" count="0" type="stmt"/>
            <line num="21" count="0" type="stmt"/>
            <line num="21" count="0" type="stmt"/>
            <line num="21" count="0" type="stmt"/>
            <line num="21" count="0" type="stmt"/>
            <line complexity="1" visibility="public" signature="hasText5() : void" num="22" testsuccess="false" count="0" testduration="0.004" type="method"/>
            <line num="23" count="0" type="stmt"/>
            <line num="23" count="0" type="stmt"/>
            <line num="23" count="0" type="stmt"/>
            <line num="23" count="0" type="stmt"/>
            <line complexity="1" visibility="public" signature="hasText4() : void" num="24" testsuccess="false" count="0" testduration="0.002" type="method"/>
            <line num="25" count="0" type="stmt"/>
            <line num="25" count="0" type="stmt"/>
            <line num="25" count="0" type="stmt"/>
            <line num="25" count="0" type="stmt"/>
            <line complexity="1" visibility="public" signature="hasText3() : void" num="26" testsuccess="false" count="0" testduration="0.001" type="method"/>
            <line num="27" count="0" type="stmt"/>
            <line num="27" count="0" type="stmt"/>
            <line num="27" count="0" type="stmt"/>
            <line num="27" count="0" type="stmt"/>
            <line complexity="1" visibility="public" signature="select2() : void" num="28" testsuccess="false" count="0" testduration="0.002" type="method"/>
            <line num="29" count="0" type="stmt"/>
            <line num="29" count="0" type="stmt"/>
            <line num="29" count="0" type="stmt"/>
            <line num="29" count="0" type="stmt"/>
            <line num="29" count="0" type="stmt"/>
            <line num="29" count="0" type="stmt"/>
            <line complexity="1" visibility="public" signature="select1() : void" num="30" testsuccess="false" count="0" testduration="0.001" type="method"/>
            <line num="31" count="0" type="stmt"/>
            <line num="31" count="0" type="stmt"/>
            <line num="31" count="0" type="stmt"/>
            <line num="31" count="0" type="stmt"/>
            <line num="31" count="0" type="stmt"/>
            <line num="31" count="0" type="stmt"/>
            <line complexity="1" visibility="public" signature="is() : void" num="32" testsuccess="true" count="1" testduration="0.032" type="method"/>
            <line num="33" count="1" type="stmt"/>
            <line num="33" count="1" type="stmt"/>
            <line num="33" count="1" type="stmt"/>
            <line num="33" count="1" type="stmt"/>
            <line num="33" count="1" type="stmt"/>
            <line complexity="1" visibility="public" signature="is2() : void" num="34" testsuccess="false" count="0" testduration="0.0" type="method"/>
            <line num="35" count="0" type="stmt"/>
            <line num="35" count="0" type="stmt"/>
            <line num="35" count="0" type="stmt"/>
            <line num="35" count="0" type="stmt"/>
            <line num="35" count="0" type="stmt"/>
            <line complexity="1" visibility="public" signature="is1() : void" num="36" testsuccess="false" count="0" testduration="0.001" type="method"/>
            <line num="37" count="0" type="stmt"/>
            <line num="37" count="0" type="stmt"/>
            <line num="37" count="0" type="stmt"/>
            <line num="37" count="0" type="stmt"/>
            <line num="37" count="0" type="stmt"/>
            <line num="37" count="0" type="stmt"/>
            <line num="37" count="0" type="stmt"/>
            <line complexity="1" visibility="public" signature="testGetElementsByAttributeValue112() : void" num="38" testsuccess="false" count="0" testduration="0.0" type="method"/>
            <line num="39" count="0" type="stmt"/>
            <line num="39" count="0" type="stmt"/>
            <line num="39" count="0" type="stmt"/>
            <line num="39" count="0" type="stmt"/>
            <line num="39" count="0" type="stmt"/>
            <line complexity="1" visibility="public" signature="collect() : void" num="40" testsuccess="true" count="1" testduration="0.001" type="method"/>
            <line num="41" count="1" type="stmt"/>
            <line num="41" count="1" type="stmt"/>
            <line num="41" count="1" type="stmt"/>
            <line num="41" count="1" type="stmt"/>
            <line num="41" count="1" type="stmt"/>
            <line num="41" count="1" type="stmt"/>
         </file>
         <file path="/home/sepehr/masters/test_generation/model_generated_coverage/jsoup1f_nopt_0/src/test/java/org/jsoup/select/SelectorTest.java" name="SelectorTest.java">
            <metrics coveredelements="14" coveredconditionals="0" complexity="23" loc="119" coveredmethods="2" methods="23" elements="168" classes="1" ncloc="54" statements="145" conditionals="0" coveredstatements="12"/>
            <class name="SelectorTest">
               <metrics coveredelements="14" complexity="23" methods="23" testruns="23" statements="145" coveredconditionals="0" coveredmethods="2" elements="168" testfailures="21" testduration="0.05800000000000002" conditionals="0" coveredstatements="12" testpasses="2"/>
            </class>
            <line complexity="1" visibility="public" signature="combinator() : void" num="14" testsuccess="false" count="0" testduration="0.001" type="method"/>
            <line num="15" count="0" type="stmt"/>
            <line num="15" count="0" type="stmt"/>
            <line num="15" count="0" type="stmt"/>
            <line num="15" count="0" type="stmt"/>
            <line num="15" count="0" type="stmt"/>
            <line num="15" count="0" type="stmt"/>
            <line complexity="1" visibility="public" signature="combinator1() : void" num="16" testsuccess="false" count="0" testduration="0.001" type="method"/>
            <line num="17" count="0" type="stmt"/>
            <line num="17" count="0" type="stmt"/>
            <line num="17" count="0" type="stmt"/>
            <line num="17" count="0" type="stmt"/>
            <line num="17" count="0" type="stmt"/>
            <line num="17" count="0" type="stmt"/>
            <line num="17" count="0" type="stmt"/>
            <line complexity="1" visibility="public" signature="findElements() : void" num="18" testsuccess="false" count="0" testduration="0.033" type="method"/>
            <line num="19" count="0" type="stmt"/>
            <line num="19" count="0" type="stmt"/>
            <line num="19" count="0" type="stmt"/>
            <line num="19" count="0" type="stmt"/>
            <line num="19" count="0" type="stmt"/>
            <line complexity="1" visibility="public" signature="findElements3() : void" num="20" testsuccess="false" count="0" testduration="0.004" type="method"/>
            <line num="21" count="0" type="stmt"/>
            <line num="21" count="0" type="stmt"/>
            <line num="21" count="0" type="stmt"/>
            <line num="21" count="0" type="stmt"/>
            <line num="21" count="0" type="stmt"/>
            <line num="21" count="0" type="stmt"/>
            <line num="21" count="0" type="stmt"/>
            <line num="21" count="0" type="stmt"/>
            <line complexity="1" visibility="public" signature="findElements2() : void" num="22" testsuccess="false" count="0" testduration="0.001" type="method"/>
            <line num="23" count="0" type="stmt"/>
            <line num="23" count="0" type="stmt"/>
            <line num="23" count="0" type="stmt"/>
            <line num="23" count="0" type="stmt"/>
            <line num="23" count="0" type="stmt"/>
            <line num="23" count="0" type="stmt"/>
            <line num="23" count="0" type="stmt"/>
            <line complexity="1" visibility="public" signature="findElements1() : void" num="24" testsuccess="false" count="0" testduration="0.001" type="method"/>
            <line num="25" count="0" type="stmt"/>
            <line num="25" count="0" type="stmt"/>
            <line num="25" count="0" type="stmt"/>
            <line num="25" count="0" type="stmt"/>
            <line num="25" count="0" type="stmt"/>
            <line num="25" count="0" type="stmt"/>
            <line num="25" count="0" type="stmt"/>
            <line complexity="1" visibility="public" signature="byAttribute() : void" num="26" testsuccess="false" count="0" testduration="0.001" type="method"/>
            <line num="27" count="0" type="stmt"/>
            <line num="27" count="0" type="stmt"/>
            <line num="27" count="0" type="stmt"/>
            <line num="27" count="0" type="stmt"/>
            <line num="27" count="0" type="stmt"/>
            <line complexity="1" visibility="public" signature="indexLessThan() : void" num="28" testsuccess="false" count="0" testduration="0.001" type="method"/>
            <line num="29" count="0" type="stmt"/>
            <line num="29" count="0" type="stmt"/>
            <line num="29" count="0" type="stmt"/>
            <line num="29" count="0" type="stmt"/>
            <line num="29" count="0" type="stmt"/>
            <line num="29" count="0" type="stmt"/>
            <line complexity="1" visibility="public" signature="indexGreaterThan() : void" num="30" testsuccess="false" count="0" testduration="0.001" type="method"/>
            <line num="31" count="0" type="stmt"/>
            <line num="31" count="0" type="stmt"/>
            <line num="31" count="0" type="stmt"/>
            <line num="31" count="0" type="stmt"/>
            <line num="31" count="0" type="stmt"/>
            <line num="31" count="0" type="stmt"/>
            <line complexity="1" visibility="public" signature="consumeIndex5() : void" num="32" testsuccess="false" count="0" testduration="0.001" type="method"/>
            <line num="33" count="0" type="stmt"/>
            <line num="33" count="0" type="stmt"/>
            <line num="33" count="0" type="stmt"/>
            <line num="33" count="0" type="stmt"/>
            <line num="33" count="0" type="stmt"/>
            <line num="33" count="0" type="stmt"/>
            <line num="33" count="0" type="stmt"/>
            <line num="33" count="0" type="stmt"/>
            <line complexity="1" visibility="public" signature="consumeIndex4() : void" num="34" testsuccess="false" count="0" testduration="0.001" type="method"/>
            <line num="35" count="0" type="stmt"/>
            <line num="35" count="0" type="stmt"/>
            <line num="35" count="0" type="stmt"/>
            <line num="35" count="0" type="stmt"/>
            <line num="35" count="0" type="stmt"/>
            <line num="35" count="0" type="stmt"/>
            <line complexity="1" visibility="public" signature="consumeIndex3() : void" num="36" testsuccess="false" count="0" testduration="0.001" type="method"/>
            <line num="37" count="0" type="stmt"/>
            <line num="37" count="0" type="stmt"/>
            <line num="37" count="0" type="stmt"/>
            <line num="37" count="0" type="stmt"/>
            <line num="37" count="0" type="stmt"/>
            <line num="37" count="0" type="stmt"/>
            <line num="37" count="0" type="stmt"/>
            <line complexity="1" visibility="public" signature="consumeIndex2() : void" num="38" testsuccess="false" count="0" testduration="0.001" type="method"/>
            <line num="39" count="0" type="stmt"/>
            <line num="39" count="0" type="stmt"/>
            <line num="39" count="0" type="stmt"/>
            <line num="39" count="0" type="stmt"/>
            <line num="39" count="0" type="stmt"/>
            <line num="39" count="0" type="stmt"/>
            <line complexity="1" visibility="public" signature="consumeIndex1() : void" num="40" testsuccess="false" count="0" testduration="0.001" type="method"/>
            <line num="41" count="0" type="stmt"/>
            <line num="41" count="0" type="stmt"/>
            <line num="41" count="0" type="stmt"/>
            <line num="41" count="0" type="stmt"/>
            <line num="41" count="0" type="stmt"/>
            <line num="41" count="0" type="stmt"/>
            <line num="41" count="0" type="stmt"/>
            <line num="41" count="0" type="stmt"/>
            <line complexity="1" visibility="public" signature="filterForAdjacentSiblings1() : void" num="42" testsuccess="false" count="0" testduration="0.001" type="method"/>
            <line num="43" count="0" type="stmt"/>
            <line num="43" count="0" type="stmt"/>
            <line num="43" count="0" type="stmt"/>
            <line num="43" count="0" type="stmt"/>
            <line num="43" count="0" type="stmt"/>
            <line num="43" count="0" type="stmt"/>
            <line complexity="1" visibility="public" signature="testFilterForAdjacentSiblings65() : void" num="44" testsuccess="false" count="0" testduration="0.001" type="method"/>
            <line num="45" count="0" type="stmt"/>
            <line num="45" count="0" type="stmt"/>
            <line num="45" count="0" type="stmt"/>
            <line num="45" count="0" type="stmt"/>
            <line num="45" count="0" type="stmt"/>
            <line num="45" count="0" type="stmt"/>
            <line complexity="1" visibility="public" signature="filterForAdjacentSiblings() : void" num="46" testsuccess="true" count="1" testduration="0.001" type="method"/>
            <line num="47" count="1" type="stmt"/>
            <line num="47" count="1" type="stmt"/>
            <line num="47" count="1" type="stmt"/>
            <line num="47" count="1" type="stmt"/>
            <line num="47" count="1" type="stmt"/>
            <line num="47" count="1" type="stmt"/>
            <line complexity="1" visibility="public" signature="testFilterForAdjacentSiblings67() : void" num="48" testsuccess="true" count="1" testduration="0.001" type="method"/>
            <line num="49" count="1" type="stmt"/>
            <line num="49" count="1" type="stmt"/>
            <line num="49" count="1" type="stmt"/>
            <line num="49" count="1" type="stmt"/>
            <line num="49" count="1" type="stmt"/>
            <line num="49" count="1" type="stmt"/>
            <line complexity="1" visibility="public" signature="testFilterForAdjacentSiblings68() : void" num="50" testsuccess="false" count="0" testduration="0.001" type="method"/>
            <line num="51" count="0" type="stmt"/>
            <line num="51" count="0" type="stmt"/>
            <line num="51" count="0" type="stmt"/>
            <line num="51" count="0" type="stmt"/>
            <line num="51" count="0" type="stmt"/>
            <line num="51" count="0" type="stmt"/>
            <line complexity="1" visibility="public" signature="testGetElementsByAttributeValueNot113() : void" num="52" testsuccess="false" count="0" testduration="0.001" type="method"/>
            <line num="53" count="0" type="stmt"/>
            <line num="53" count="0" type="stmt"/>
            <line num="53" count="0" type="stmt"/>
            <line num="53" count="0" type="stmt"/>
            <line num="53" count="0" type="stmt"/>
            <line complexity="1" visibility="public" signature="testGetElementsByAttributeValueEnding114() : void" num="54" testsuccess="false" count="0" testduration="0.001" type="method"/>
            <line num="55" count="0" type="stmt"/>
            <line num="55" count="0" type="stmt"/>
            <line num="55" count="0" type="stmt"/>
            <line num="55" count="0" type="stmt"/>
            <line num="55" count="0" type="stmt"/>
            <line num="55" count="0" type="stmt"/>
            <line complexity="1" visibility="public" signature="collect() : void" num="56" testsuccess="false" count="0" testduration="0.001" type="method"/>
            <line num="57" count="0" type="stmt"/>
            <line num="57" count="0" type="stmt"/>
            <line num="57" count="0" type="stmt"/>
            <line num="57" count="0" type="stmt"/>
            <line num="57" count="0" type="stmt"/>
            <line num="57" count="0" type="stmt"/>
            <line complexity="1" visibility="public" signature="testCollect116() : void" num="58" testsuccess="false" count="0" testduration="0.001" type="method"/>
            <line num="59" count="0" type="stmt"/>
            <line num="59" count="0" type="stmt"/>
            <line num="59" count="0" type="stmt"/>
            <line num="59" count="0" type="stmt"/>
            <line num="59" count="0" type="stmt"/>
            <line num="59" count="0" type="stmt"/>
         </file>
      </package>
      <package name="org.jsoup.integration">
         <metrics coveredelements="34" complexity="6" loc="76" methods="5" classes="1" statements="30" coveredconditionals="0" coveredmethods="5" elements="35" ncloc="58" files="1" conditionals="0" coveredstatements="29"/>
         <file path="/home/sepehr/masters/test_generation/model_generated_coverage/jsoup1f_nopt_0/src/test/java/org/jsoup/integration/ParseTest.java" name="ParseTest.java">
            <metrics coveredelements="34" coveredconditionals="0" complexity="6" loc="76" coveredmethods="5" methods="5" elements="35" classes="1" ncloc="58" statements="30" conditionals="0" coveredstatements="29"/>
            <class name="ParseTest">
               <metrics coveredelements="34" complexity="6" methods="5" testruns="4" statements="30" coveredconditionals="0" coveredmethods="5" elements="35" testfailures="0" testduration="0.43600000000000005" conditionals="0" coveredstatements="29" testpasses="4"/>
            </class>
            <line complexity="1" visibility="public" signature="testNewsHomepage() : void" num="23" testsuccess="true" count="1" testduration="0.218" type="method"/>
            <line num="24" count="1" type="stmt"/>
            <line num="25" count="1" type="stmt"/>
            <line num="26" count="1" type="stmt"/>
            <line num="27" count="1" type="stmt"/>
            <line num="29" count="1" type="stmt"/>
            <line num="30" count="1" type="stmt"/>
            <line num="31" count="1" type="stmt"/>
            <line num="33" count="1" type="stmt"/>
            <line num="34" count="1" type="stmt"/>
            <line num="35" count="1" type="stmt"/>
            <line complexity="1" visibility="public" signature="testGoogleSearchIpod() : void" num="38" testsuccess="true" count="1" testduration="0.048" type="method"/>
            <line num="39" count="1" type="stmt"/>
            <line num="40" count="1" type="stmt"/>
            <line num="41" count="1" type="stmt"/>
            <line num="42" count="1" type="stmt"/>
            <line num="43" count="1" type="stmt"/>
            <line num="44" count="1" type="stmt"/>
            <line num="46" count="1" type="stmt"/>
            <line complexity="1" visibility="public" signature="testBinary() : void" num="50" testsuccess="true" count="1" testduration="0.005" type="method"/>
            <line num="51" count="1" type="stmt"/>
            <line num="52" count="1" type="stmt"/>
            <line num="54" count="1" type="stmt"/>
            <line complexity="1" visibility="public" signature="testYahooJp() : void" num="57" testsuccess="true" count="1" testduration="0.165" type="method"/>
            <line num="58" count="1" type="stmt"/>
            <line num="59" count="1" type="stmt"/>
            <line num="60" count="1" type="stmt"/>
            <line num="61" count="1" type="stmt"/>
            <line num="62" count="1" type="stmt"/>
            <line num="64" count="1" type="stmt"/>
            <line complexity="2" visibility="package" signature="getFile(String) : File" num="67" count="4" type="method"/>
            <line num="68" count="4" type="stmt"/>
            <line num="69" count="4" type="stmt"/>
            <line num="70" count="4" type="stmt"/>
            <line num="73" count="0" type="stmt"/>
         </file>
      </package>
   </testproject>
</coverage>